Log file open, 04/27/18 10:53:20
LogWindows: Failed to load 'aqProf.dll' (GetLastError=126)
LogWindows: File 'aqProf.dll' does not exist
LogWindows: Failed to load 'VSPerf140.dll' (GetLastError=126)
LogWindows: File 'VSPerf140.dll' does not exist
LogWindows: Failed to load 'VtuneApi.dll' (GetLastError=126)
LogWindows: File 'VtuneApi.dll' does not exist
LogWindows: Failed to load 'VtuneApi32e.dll' (GetLastError=126)
LogWindows: File 'VtuneApi32e.dll' does not exist
LogInit: Display: Running engine for game: VR_Tour_Final
LogPlatformFile: Not using cached read wrapper
LogInit: Display: RandInit(2066115022) SRandInit(2066115022).
LogInit: Read version file with build ID '3709383'
LogInit: Overriding engine version to CL 3832480, compatible CL 3709383
LogInit: Registered custom module enumerator with build ID '3709383'
LogTaskGraph: Started task graph with 5 named threads and 14 total threads with 3 sets of task threads.
LogStats: Stats thread started at 0.181137
LogD3D11RHI: Aftermath initialized
LogModuleManager: Display: Found up-to-date module file ../../../Engine/Plugins/2D/Paper2D/Binaries/Win64/UE4Editor-Paper2D.dll (API version 3709383).
LogModuleManager: Display: Found up-to-date module file ../../../Engine/Plugins/2D/Paper2D/Binaries/Win64/UE4Editor-Paper2DEditor.dll (API version 3709383).
LogModuleManager: Display: Found up-to-date module file ../../../Engine/Plugins/2D/Paper2D/Binaries/Win64/UE4Editor-PaperSpriteSheetImporter.dll (API version 3709383).
LogModuleManager: Display: Found up-to-date module file ../../../Engine/Plugins/2D/Paper2D/Binaries/Win64/UE4Editor-PaperTiledImporter.dll (API version 3709383).
LogModuleManager: Display: Found up-to-date module file ../../../Engine/Plugins/2D/Paper2D/Binaries/Win64/UE4Editor-SmartSnapping.dll (API version 3709383).
LogModuleManager: Display: Found up-to-date module file ../../../Engine/Plugins/Blendables/LightPropagationVolume/Binaries/Win64/UE4Editor-LightPropagationVolumeRuntime.dll (API version 3709383).
LogModuleManager: Display: Found up-to-date module file ../../../Engine/Plugins/Blendables/LightPropagationVolume/Binaries/Win64/UE4Editor-LightPropagationVolumeEditor.dll (API version 3709383).
LogModuleManager: Display: Found up-to-date module file ../../../Engine/Plugins/Developer/GitSourceControl/Binaries/Win64/UE4Editor-GitSourceControl.dll (API version 3709383).
LogModuleManager: Display: Found up-to-date module file ../../../Engine/Plugins/Developer/PerforceSourceControl/Binaries/Win64/UE4Editor-PerforceSourceControl.dll (API version 3709383).
LogModuleManager: Display: Found up-to-date module file ../../../Engine/Plugins/Developer/SubversionSourceControl/Binaries/Win64/UE4Editor-SubversionSourceControl.dll (API version 3709383).
LogModuleManager: Display: Found up-to-date module file ../../../Engine/Plugins/Developer/UObjectPlugin/Binaries/Win64/UE4Editor-UObjectPlugin.dll (API version 3709383).
LogModuleManager: Display: Found up-to-date module file ../../../Engine/Plugins/Developer/VisualStudioCodeSourceCodeAccess/Binaries/Win64/UE4Editor-VisualStudioCodeSourceCodeAccess.dll (API version 3709383).
LogModuleManager: Display: Found up-to-date module file ../../../Engine/Plugins/Developer/VisualStudioSourceCodeAccess/Binaries/Win64/UE4Editor-VisualStudioSourceCodeAccess.dll (API version 3709383).
LogModuleManager: Display: Found up-to-date module file ../../../Engine/Plugins/Editor/AssetManagerEditor/Binaries/Win64/UE4Editor-AssetManagerEditor.dll (API version 3709383).
LogModuleManager: Display: Found up-to-date module file ../../../Engine/Plugins/Editor/AudioCapture/Binaries/Win64/UE4Editor-AudioCapture.dll (API version 3709383).
LogModuleManager: Display: Found up-to-date module file ../../../Engine/Plugins/Editor/FacialAnimation/Binaries/Win64/UE4Editor-FacialAnimation.dll (API version 3709383).
LogModuleManager: Display: Found up-to-date module file ../../../Engine/Plugins/Editor/FacialAnimation/Binaries/Win64/UE4Editor-FacialAnimationEditor.dll (API version 3709383).
LogModuleManager: Display: Found up-to-date module file ../../../Engine/Plugins/Editor/GameplayTagsEditor/Binaries/Win64/UE4Editor-GameplayTagsEditor.dll (API version 3709383).
LogModuleManager: Display: Found up-to-date module file ../../../Engine/Plugins/Editor/MobileLauncherProfileWizard/Binaries/Win64/UE4Editor-MobileLauncherProfileWizard.dll (API version 3709383).
LogModuleManager: Display: Found up-to-date module file ../../../Engine/Plugins/Editor/PluginBrowser/Binaries/Win64/UE4Editor-PluginBrowser.dll (API version 3709383).
LogModuleManager: Display: Found up-to-date module file ../../../Engine/Plugins/Editor/SpeedTreeImporter/Binaries/Win64/UE4Editor-SpeedTreeImporter.dll (API version 3709383).
LogModuleManager: Display: Found up-to-date module file ../../../Engine/Plugins/Experimental/AlembicImporter/Binaries/Win64/UE4Editor-AlembicImporter.dll (API version 3709383).
LogModuleManager: Display: Found up-to-date module file ../../../Engine/Plugins/Experimental/AlembicImporter/Binaries/Win64/UE4Editor-AlembicLibrary.dll (API version 3709383).
LogModuleManager: Display: Found up-to-date module file ../../../Engine/Plugins/Experimental/CharacterAI/Binaries/Win64/UE4Editor-CharacterAI.dll (API version 3709383).
LogModuleManager: Display: Found up-to-date module file ../../../Engine/Plugins/Experimental/HTML5Networking/Binaries/Win64/UE4Editor-HTML5Networking.dll (API version 3709383).
LogModuleManager: Display: Found up-to-date module file ../../../Engine/Plugins/Media/AndroidMedia/Binaries/Win64/UE4Editor-AndroidMediaEditor.dll (API version 3709383).
LogModuleManager: Display: Found up-to-date module file ../../../Engine/Plugins/Media/AndroidMedia/Binaries/Win64/UE4Editor-AndroidMediaFactory.dll (API version 3709383).
LogModuleManager: Display: Found up-to-date module file ../../../Engine/Plugins/Media/AvfMedia/Binaries/Win64/UE4Editor-AvfMediaEditor.dll (API version 3709383).
LogModuleManager: Display: Found up-to-date module file ../../../Engine/Plugins/Media/AvfMedia/Binaries/Win64/UE4Editor-AvfMediaFactory.dll (API version 3709383).
LogModuleManager: Display: Found up-to-date module file ../../../Engine/Plugins/Media/AvfMedia/Binaries/Win64/UE4Editor-AvfMediaFactory.dll (API version 3709383).
LogModuleManager: Display: Found up-to-date module file ../../../Engine/Plugins/Media/ImgMedia/Binaries/Win64/UE4Editor-ImgMedia.dll (API version 3709383).
LogModuleManager: Display: Found up-to-date module file ../../../Engine/Plugins/Media/ImgMedia/Binaries/Win64/UE4Editor-ImgMediaEditor.dll (API version 3709383).
LogModuleManager: Display: Found up-to-date module file ../../../Engine/Plugins/Media/ImgMedia/Binaries/Win64/UE4Editor-ImgMediaFactory.dll (API version 3709383).
LogModuleManager: Display: Found up-to-date module file ../../../Engine/Plugins/Media/ImgMedia/Binaries/Win64/UE4Editor-ImgMediaFactory.dll (API version 3709383).
LogModuleManager: Display: Found up-to-date module file ../../../Engine/Plugins/Media/ImgMedia/Binaries/Win64/UE4Editor-OpenExrWrapper.dll (API version 3709383).
LogModuleManager: Display: Found up-to-date module file ../../../Engine/Plugins/Media/MediaCompositing/Binaries/Win64/UE4Editor-MediaCompositing.dll (API version 3709383).
LogModuleManager: Display: Found up-to-date module file ../../../Engine/Plugins/Media/MediaCompositing/Binaries/Win64/UE4Editor-MediaCompositingEditor.dll (API version 3709383).
LogModuleManager: Display: Found up-to-date module file ../../../Engine/Plugins/Media/MediaPlayerEditor/Binaries/Win64/UE4Editor-MediaPlayerEditor.dll (API version 3709383).
LogModuleManager: Display: Found up-to-date module file ../../../Engine/Plugins/Media/WmfMedia/Binaries/Win64/UE4Editor-WmfMedia.dll (API version 3709383).
LogModuleManager: Display: Found up-to-date module file ../../../Engine/Plugins/Media/WmfMedia/Binaries/Win64/UE4Editor-WmfMediaEditor.dll (API version 3709383).
LogModuleManager: Display: Found up-to-date module file ../../../Engine/Plugins/Media/WmfMedia/Binaries/Win64/UE4Editor-WmfMediaFactory.dll (API version 3709383).
LogModuleManager: Display: Found up-to-date module file ../../../Engine/Plugins/Media/WmfMedia/Binaries/Win64/UE4Editor-WmfMediaFactory.dll (API version 3709383).
LogModuleManager: Display: Found up-to-date module file ../../../Engine/Plugins/Messaging/TcpMessaging/Binaries/Win64/UE4Editor-TcpMessaging.dll (API version 3709383).
LogModuleManager: Display: Found up-to-date module file ../../../Engine/Plugins/Messaging/UdpMessaging/Binaries/Win64/UE4Editor-UdpMessaging.dll (API version 3709383).
LogModuleManager: Display: Found up-to-date module file ../../../Engine/Plugins/MovieScene/ActorSequence/Binaries/Win64/UE4Editor-ActorSequence.dll (API version 3709383).
LogModuleManager: Display: Found up-to-date module file ../../../Engine/Plugins/MovieScene/LevelSequenceEditor/Binaries/Win64/UE4Editor-LevelSequenceEditor.dll (API version 3709383).
LogModuleManager: Display: Found up-to-date module file ../../../Engine/Plugins/MovieScene/MatineeToLevelSequence/Binaries/Win64/UE4Editor-MatineeToLevelSequence.dll (API version 3709383).
LogModuleManager: Display: Found up-to-date module file ../../../Engine/Plugins/Online/OnlineSubsystem/Binaries/Win64/UE4Editor-OnlineSubsystem.dll (API version 3709383).
LogModuleManager: Display: Found up-to-date module file ../../../Engine/Plugins/Runtime/AndroidPermission/Binaries/Win64/UE4Editor-AndroidPermission.dll (API version 3709383).
LogModuleManager: Display: Found up-to-date module file ../../../Engine/Plugins/Online/OnlineSubsystemNull/Binaries/Win64/UE4Editor-OnlineSubsystemNull.dll (API version 3709383).
LogModuleManager: Display: Found up-to-date module file ../../../Engine/Plugins/Online/OnlineSubsystemUtils/Binaries/Win64/UE4Editor-OnlineSubsystemUtils.dll (API version 3709383).
LogModuleManager: Display: Found up-to-date module file ../../../Engine/Plugins/Online/OnlineSubsystemUtils/Binaries/Win64/UE4Editor-OnlineBlueprintSupport.dll (API version 3709383).
LogModuleManager: Display: Found up-to-date module file ../../../Engine/Plugins/Runtime/AndroidDeviceProfileSelector/Binaries/Win64/UE4Editor-AndroidDeviceProfileSelector.dll (API version 3709383).
LogModuleManager: Display: Found up-to-date module file ../../../Engine/Plugins/Runtime/AppleARKit/Binaries/Win64/UE4Editor-AppleARKit.dll (API version 3709383).
LogModuleManager: Display: Found up-to-date module file ../../../Engine/Plugins/Runtime/ArchVisCharacter/Binaries/Win64/UE4Editor-ArchVisCharacter.dll (API version 3709383).
LogModuleManager: Display: Found up-to-date module file ../../../Engine/Plugins/Runtime/CableComponent/Binaries/Win64/UE4Editor-CableComponent.dll (API version 3709383).
LogModuleManager: Display: Found up-to-date module file ../../../Engine/Plugins/Runtime/CustomMeshComponent/Binaries/Win64/UE4Editor-CustomMeshComponent.dll (API version 3709383).
LogModuleManager: Display: Found up-to-date module file ../../../Engine/Plugins/Runtime/ExampleDeviceProfileSelector/Binaries/Win64/UE4Editor-ExampleDeviceProfileSelector.dll (API version 3709383).
LogModuleManager: Display: Found up-to-date module file ../../../Engine/Plugins/Runtime/ImmediatePhysics/Binaries/Win64/UE4Editor-ImmediatePhysics.dll (API version 3709383).
LogModuleManager: Display: Found up-to-date module file ../../../Engine/Plugins/Runtime/ImmediatePhysics/Binaries/Win64/UE4Editor-ImmediatePhysicsEditor.dll (API version 3709383).
LogModuleManager: Display: Found up-to-date module file ../../../Engine/Plugins/Runtime/LocationServicesBPLibrary/Binaries/Win64/UE4Editor-LocationServicesBPLibrary.dll (API version 3709383).
LogModuleManager: Display: Found up-to-date module file ../../../Engine/Plugins/Runtime/MobilePatchingUtils/Binaries/Win64/UE4Editor-MobilePatchingUtils.dll (API version 3709383).
LogModuleManager: Display: Found up-to-date module file ../../../Engine/Plugins/Runtime/Oculus/OculusVR/Binaries/Win64/UE4Editor-OculusHMD.dll (API version 3709383).
LogModuleManager: Display: Found up-to-date module file ../../../Engine/Plugins/Runtime/Oculus/OculusVR/Binaries/Win64/UE4Editor-OculusInput.dll (API version 3709383).
LogModuleManager: Display: Found up-to-date module file ../../../Engine/Plugins/Runtime/Oculus/OculusVR/Binaries/Win64/UE4Editor-OculusEditor.dll (API version 3709383).
LogModuleManager: Display: Found up-to-date module file ../../../Engine/Plugins/Runtime/PhysXVehicles/Binaries/Win64/UE4Editor-PhysXVehicles.dll (API version 3709383).
LogModuleManager: Display: Found up-to-date module file ../../../Engine/Plugins/Runtime/PhysXVehicles/Binaries/Win64/UE4Editor-PhysXVehiclesEditor.dll (API version 3709383).
LogModuleManager: Display: Found up-to-date module file ../../../Engine/Plugins/Runtime/ProceduralMeshComponent/Binaries/Win64/UE4Editor-ProceduralMeshComponent.dll (API version 3709383).
LogModuleManager: Display: Found up-to-date module file ../../../Engine/Plugins/Runtime/ProceduralMeshComponent/Binaries/Win64/UE4Editor-ProceduralMeshComponentEditor.dll (API version 3709383).
LogModuleManager: Display: Found up-to-date module file ../../../Engine/Plugins/Runtime/RuntimePhysXCooking/Binaries/Win64/UE4Editor-RuntimePhysXCooking.dll (API version 3709383).
LogModuleManager: Display: Found up-to-date module file ../../../Engine/Plugins/Runtime/Steam/SteamVR/Binaries/Win64/UE4Editor-SteamVR.dll (API version 3709383).
LogModuleManager: Display: Found up-to-date module file ../../../Engine/Plugins/Runtime/Steam/SteamVR/Binaries/Win64/UE4Editor-SteamVRController.dll (API version 3709383).
LogModuleManager: Display: Found up-to-date module file ../../../Engine/Plugins/Runtime/WindowsMoviePlayer/Binaries/Win64/UE4Editor-WindowsMoviePlayer.dll (API version 3709383).
LogPluginManager: Mounting plugin Paper2D
LogPluginManager: Mounting plugin LightPropagationVolume
LogPluginManager: Mounting plugin CodeLiteSourceCodeAccess
LogPluginManager: Mounting plugin GitSourceControl
LogPluginManager: Mounting plugin KDevelopSourceCodeAccess
LogPluginManager: Mounting plugin NullSourceCodeAccess
LogPluginManager: Mounting plugin PerforceSourceControl
LogPluginManager: Mounting plugin SubversionSourceControl
LogPluginManager: Mounting plugin UObjectPlugin
LogPluginManager: Mounting plugin VisualStudioCodeSourceCodeAccess
LogPluginManager: Mounting plugin VisualStudioSourceCodeAccess
LogPluginManager: Mounting plugin XCodeSourceCodeAccess
LogPluginManager: Mounting plugin AssetManagerEditor
LogPluginManager: Mounting plugin AudioCapture
LogPluginManager: Mounting plugin FacialAnimation
LogPluginManager: Mounting plugin GameplayTagsEditor
LogPluginManager: Mounting plugin MobileLauncherProfileWizard
LogPluginManager: Mounting plugin PluginBrowser
LogPluginManager: Mounting plugin SpeedTreeImporter
LogPluginManager: Mounting plugin AlembicImporter
LogPluginManager: Mounting plugin CharacterAI
LogPluginManager: Mounting plugin HTML5Networking
LogPluginManager: Mounting plugin AndroidMedia
LogPluginManager: Mounting plugin AvfMedia
LogPluginManager: Mounting plugin ImgMedia
LogPluginManager: Mounting plugin MediaCompositing
LogPluginManager: Mounting plugin MediaPlayerEditor
LogPluginManager: Mounting plugin WmfMedia
LogPluginManager: Mounting plugin TcpMessaging
LogPluginManager: Mounting plugin UdpMessaging
LogPluginManager: Mounting plugin ActorSequence
LogPluginManager: Mounting plugin LevelSequenceEditor
LogPluginManager: Mounting plugin MatineeToLevelSequence
LogPluginManager: Mounting plugin OnlineSubsystemGooglePlay
LogPluginManager: Mounting plugin OnlineSubsystemIOS
LogPluginManager: Mounting plugin OnlineSubsystem
LogPluginManager: Mounting plugin OnlineSubsystemNull
LogPluginManager: Mounting plugin OnlineSubsystemUtils
LogPluginManager: Mounting plugin AndroidDeviceProfileSelector
LogPluginManager: Mounting plugin AndroidMoviePlayer
LogPluginManager: Mounting plugin AndroidPermission
LogPluginManager: Mounting plugin AppleARKit
LogPluginManager: Mounting plugin AppleMoviePlayer
LogPluginManager: Mounting plugin ArchVisCharacter
LogPluginManager: Mounting plugin CableComponent
LogPluginManager: Mounting plugin CustomMeshComponent
LogPluginManager: Mounting plugin ExampleDeviceProfileSelector
LogPluginManager: Mounting plugin GoogleCloudMessaging
LogPluginManager: Mounting plugin ImmediatePhysics
LogPluginManager: Mounting plugin IOSDeviceProfileSelector
LogPluginManager: Mounting plugin LinuxDeviceProfileSelector
LogPluginManager: Mounting plugin LocationServicesBPLibrary
LogPluginManager: Mounting plugin MobilePatchingUtils
LogPluginManager: Mounting plugin OculusVR
LogPluginManager: Plugin shader directory ../../../Engine/Plugins/Runtime/Oculus/OculusVR/Shaders found
LogPluginManager: Mapping shader source directory ../../../Engine/Plugins/Runtime/Oculus/OculusVR/Shaders to virtual directory /Plugin/OculusVR
LogPluginManager: Mounting plugin PhysXVehicles
LogPluginManager: Mounting plugin ProceduralMeshComponent
LogPluginManager: Mounting plugin RuntimePhysXCooking
LogPluginManager: Mounting plugin SteamVR
LogPluginManager: Mounting plugin WindowsMoviePlayer
LogInit: Using libcurl 7.47.1
LogInit:  - built for x86_64-pc-win32
LogInit:  - supports SSL with OpenSSL/1.0.2g
LogInit:  - supports HTTP deflate (compression) using libz 1.2.8
LogInit:  - other features:
LogInit:      CURL_VERSION_SSL
LogInit:      CURL_VERSION_LIBZ
LogInit:      CURL_VERSION_IPV6
LogInit:      CURL_VERSION_ASYNCHDNS
LogInit:      CURL_VERSION_LARGEFILE
LogInit:      CURL_VERSION_IDN
LogInit:  CurlRequestOptions (configurable via config and command line):
LogInit:  - bVerifyPeer = false  - Libcurl will NOT verify peer certificate
LogInit:  - bUseHttpProxy = false  - Libcurl will NOT use HTTP proxy
LogInit:  - bDontReuseConnections = false  - Libcurl will reuse connections
LogInit:  - CertBundlePath = nullptr  - Libcurl will use whatever was configured at build time.
LogInit: Build: ++UE4+Release-4.18-CL-3832480
LogInit: Engine Version: 4.18.3-3832480+++UE4+Release-4.18
LogInit: Compatible Engine Version: 4.18.0-3709383+++UE4+Release-4.18
LogInit: Net CL: 3709383
LogDevObjectVersion: Number of dev versions registered: 16
LogDevObjectVersion:   Dev-Blueprints (B0D832E4-1F89-4F0D-ACCF-7EB736FD4AA2): 10
LogDevObjectVersion:   Dev-Build (E1C64328-A22C-4D53-A36C-8E866417BD8C): 0
LogDevObjectVersion:   Dev-Core (375EC13C-06E4-48FB-B500-84F0262A717E): 2
LogDevObjectVersion:   Dev-Editor (E4B068ED-F494-42E9-A231-DA0B2E46BB41): 20
LogDevObjectVersion:   Dev-Framework (CFFC743F-43B0-4480-9391-14DF171D2073): 30
LogDevObjectVersion:   Dev-Mobile (B02B49B5-BB20-44E9-A304-32B752E40360): 0
LogDevObjectVersion:   Dev-Networking (A4E4105C-59A1-49B5-A7C5-40C4547EDFEE): 0
LogDevObjectVersion:   Dev-Online (39C831C9-5AE6-47DC-9A44-9C173E1C8E7C): 0
LogDevObjectVersion:   Dev-Physics (78F01B33-EBEA-4F98-B9B4-84EACCB95AA2): 0
LogDevObjectVersion:   Dev-Platform (6631380F-2D4D-43E0-8009-CF276956A95A): 0
LogDevObjectVersion:   Dev-Rendering (12F88B9F-8875-4AFC-A67C-D90C383ABD29): 20
LogDevObjectVersion:   Dev-Sequencer (7B5AE74C-D270-4C10-A958-57980B212A5A): 4
LogDevObjectVersion:   Dev-VR (D7296918-1DD6-4BDD-9DE2-64A83CC13884): 0
LogDevObjectVersion:   Dev-LoadTimes (C2A15278-BFE7-4AFE-6C17-90FF531DF755): 1
LogDevObjectVersion:   Private-Geometry (6EACA3D4-40EC-4CC1-B786-8BED09428FC5): 1
LogDevObjectVersion:   Dev-AnimPhys (29E575DD-E0A3-4627-9D10-D276232CDCEA): 12
LogInit: Compiled (64-bit): Jan 12 2018 02:04:55
LogInit: Compiled with Visual C++: 19.00.24215.01
LogInit: Build Configuration: Development
LogInit: Branch Name: ++UE4+Release-4.18
LogInit: Command line:  
LogInit: Base directory: C:/Program Files/Epic Games/UE_4.18/Engine/Binaries/Win64/
LogInit: Installed Engine Build: 1
LogInit: Presizing for max 8388607 objects, including 0 objects not considered by GC, pre-allocating 0 bytes for permanent pool.
LogInit: Object subsystem initialized
[2018.04.27-14.53.21:697][  0]LogInit: Selected Device Profile: [Windows]
[2018.04.27-14.53.21:697][  0]LogInit: Applying CVar settings loaded from the selected device profile: [Windows]
[2018.04.27-14.53.21:711][  0]LogInit: Computer: DESKTOP-0140SAD
[2018.04.27-14.53.21:711][  0]LogInit: User: Matt
[2018.04.27-14.53.21:711][  0]LogInit: CPU Page size=4096, Cores=4
[2018.04.27-14.53.21:711][  0]LogInit: High frequency timer resolution =2.630750 MHz
[2018.04.27-14.53.21:712][  0]LogMemory: Memory total: Physical=15.9GB (16GB approx)
[2018.04.27-14.53.21:712][  0]LogMemory: Platform Memory Stats for Windows
[2018.04.27-14.53.21:712][  0]LogMemory: Process Physical Memory: 273.36 MB used, 273.36 MB peak
[2018.04.27-14.53.21:712][  0]LogMemory: Process Virtual Memory: 271.85 MB used, 271.85 MB peak
[2018.04.27-14.53.21:712][  0]LogMemory: Physical Memory: 2727.34 MB used,  13563.34 MB free, 16290.69 MB total
[2018.04.27-14.53.21:712][  0]LogMemory: Virtual Memory: 679.50 MB used,  13563.34 MB free, 134217728.00 MB total
[2018.04.27-14.53.21:898][  0]LogInit: Using OS detected language (en-US).
[2018.04.27-14.53.21:898][  0]LogInit: Using OS detected locale (en-US).
[2018.04.27-14.53.21:901][  0]LogTextLocalizationManager: No specific localization for 'en-US' exists, so the 'en' localization will be used.
[2018.04.27-14.53.22:307][  0]LogInit: Setting process to per monitor DPI aware
[2018.04.27-14.53.22:603][  0]LogD3D11RHI: D3D11 adapters:
[2018.04.27-14.53.22:671][  0]LogD3D11RHI:    0. 'NVIDIA GeForce GT 650M' (Feature Level 11_0)
[2018.04.27-14.53.22:671][  0]LogD3D11RHI:       995/0/8145 MB DedicatedVideo/DedicatedSystem/SharedSystem, Outputs:2, VendorId:0x10de
[2018.04.27-14.53.22:674][  0]LogD3D11RHI:    1. 'Microsoft Basic Render Driver' (Feature Level 11_0)
[2018.04.27-14.53.22:674][  0]LogD3D11RHI:       0/0/8145 MB DedicatedVideo/DedicatedSystem/SharedSystem, Outputs:0, VendorId:0x1414
[2018.04.27-14.53.22:674][  0]LogD3D11RHI: Chosen D3D11 Adapter: 0
[2018.04.27-14.53.22:679][  0]LogD3D11RHI: Creating new Direct3DDevice
[2018.04.27-14.53.22:679][  0]LogD3D11RHI:     GPU DeviceId: 0xfd5 (for the marketing name, search the web for "GPU Device Id")
[2018.04.27-14.53.22:679][  0]LogWindows: EnumDisplayDevices:
[2018.04.27-14.53.22:680][  0]LogWindows:    0. 'NVIDIA GeForce GT 650M' (P:1 D:1)
[2018.04.27-14.53.22:680][  0]LogWindows:    1. 'NVIDIA GeForce GT 650M' (P:0 D:1)
[2018.04.27-14.53.22:680][  0]LogWindows:    2. 'NVIDIA GeForce GT 650M' (P:0 D:0)
[2018.04.27-14.53.22:680][  0]LogWindows:    3. 'NVIDIA GeForce GT 650M' (P:0 D:0)
[2018.04.27-14.53.22:680][  0]LogWindows: DebugString: GetVideoDriverDetailsInvalid PrimaryIsNotTheChoosenAdapter GetVideoDriverDetailsInvalid PrimaryIsNotTheChoosenAdapter GetVideoDriverDetailsInvalid PrimaryIsNotTheChoosenAdapter GetVideoDriverDetailsInvalid PrimaryIsNotTheChoosenAdapter FoundDriverCount:0 
[2018.04.27-14.53.22:680][  0]LogD3D11RHI:     Adapter Name: NVIDIA GeForce GT 650M
[2018.04.27-14.53.22:680][  0]LogD3D11RHI:   Driver Version: Unknown (internal:Unknown, unified:Unknown)
[2018.04.27-14.53.22:680][  0]LogD3D11RHI:      Driver Date: Unknown
[2018.04.27-14.53.22:680][  0]LogRHI: Texture pool is 696 MB (70% of 995 MB)
[2018.04.27-14.53.22:713][  0]LogD3D11RHI: Async texture creation enabled
[2018.04.27-14.53.22:732][  0]LogD3D11RHI: GPU Timing Frequency: 1000.000000 (Debug: 2 1)
[2018.04.27-14.53.22:826][  0]LogShaderCompilers: Guid format shader working directory is -25 characters bigger than the processId version (../../../../../../Users/Matt/Downloads/VR_Tour_Final (2)/VR_Tour_Final/Intermediate/Shaders/WorkingDirectory/8484/).
[2018.04.27-14.53.22:827][  0]LogShaderCompilers: Cleaned the shader compiler working directory 'C:/Users/Matt/AppData/Local/Temp/UnrealShaderWorkingDir/63343E1C4FC7338A100772B131015C7B/'.
[2018.04.27-14.53.22:827][  0]LogShaderCompilers: Display: Using Local Shader Compiler.
[2018.04.27-14.53.23:931][  0]LogTemp: Display: Loaded TP AllDesktopTargetPlatform
[2018.04.27-14.53.23:997][  0]LogTemp: Display: Loaded TP MacClientTargetPlatform
[2018.04.27-14.53.24:063][  0]LogTemp: Display: Loaded TP MacNoEditorTargetPlatform
[2018.04.27-14.53.24:128][  0]LogTemp: Display: Loaded TP MacServerTargetPlatform
[2018.04.27-14.53.24:194][  0]LogTemp: Display: Loaded TP MacTargetPlatform
[2018.04.27-14.53.24:261][  0]LogTemp: Display: Loaded TP WindowsClientTargetPlatform
[2018.04.27-14.53.24:326][  0]LogTemp: Display: Loaded TP WindowsNoEditorTargetPlatform
[2018.04.27-14.53.24:392][  0]LogTemp: Display: Loaded TP WindowsServerTargetPlatform
[2018.04.27-14.53.24:450][  0]LogTemp: Display: Loaded TP WindowsTargetPlatform
[2018.04.27-14.53.24:515][  0]LogTemp: Display: Loaded TP Android_ASTCTargetPlatform
[2018.04.27-14.53.24:579][  0]LogTemp: Display: Loaded TP Android_ATCTargetPlatform
[2018.04.27-14.53.24:644][  0]LogTemp: Display: Loaded TP Android_DXTTargetPlatform
[2018.04.27-14.53.24:709][  0]LogTemp: Display: Loaded TP Android_ETC1TargetPlatform
[2018.04.27-14.53.24:773][  0]LogTemp: Display: Loaded TP Android_ETC2TargetPlatform
[2018.04.27-14.53.24:919][  0]LogTemp: Display: Loaded TP Android_MultiTargetPlatform
[2018.04.27-14.53.24:919][  0]LogTemp: Display: Loaded TP Android_PVRTCTargetPlatform
[2018.04.27-14.53.24:994][  0]LogTemp: Display: Loaded TP AndroidTargetPlatform
[2018.04.27-14.53.25:045][  0]LogTemp: Display: Loaded TP HTML5TargetPlatform
[2018.04.27-14.53.25:153][  0]LogTemp: Display: Loaded TP IOSTargetPlatform
[2018.04.27-14.53.25:220][  0]LogTemp: Display: Loaded TP TVOSTargetPlatform
[2018.04.27-14.53.25:284][  0]LogTemp: Display: Loaded TP LinuxClientTargetPlatform
[2018.04.27-14.53.25:349][  0]LogTemp: Display: Loaded TP LinuxNoEditorTargetPlatform
[2018.04.27-14.53.25:413][  0]LogTemp: Display: Loaded TP LinuxServerTargetPlatform
[2018.04.27-14.53.25:476][  0]LogTemp: Display: Loaded TP LinuxTargetPlatform
[2018.04.27-14.53.25:476][  0]LogTargetPlatformManager: Display: Building Assets For Windows
[2018.04.27-14.53.26:062][  0]LogDerivedDataCache: Display: Max Cache Size: 512 MB
[2018.04.27-14.53.26:130][  0]LogDerivedDataCache: Loaded boot cache 0.07s 78MB C:/Users/Matt/AppData/Local/UnrealEngine/4.18/DerivedDataCache/Boot.ddc.
[2018.04.27-14.53.26:130][  0]LogDerivedDataCache: Display: Loaded Boot cache: C:/Users/Matt/AppData/Local/UnrealEngine/4.18/DerivedDataCache/Boot.ddc
[2018.04.27-14.53.26:131][  0]LogDerivedDataCache: FDerivedDataBackendGraph:  Pak pak cache file ../../../../../../Users/Matt/Downloads/VR_Tour_Final (2)/VR_Tour_Final/DerivedDataCache/DDC.ddp not found, will not use a pak cache.
[2018.04.27-14.53.26:131][  0]LogDerivedDataCache: Unable to find inner node Pak for hierarchical cache Hierarchy.
[2018.04.27-14.53.26:131][  0]LogDerivedDataCache: FDerivedDataBackendGraph:  CompressedPak pak cache file ../../../../../../Users/Matt/Downloads/VR_Tour_Final (2)/VR_Tour_Final/DerivedDataCache/Compressed.ddp not found, will not use a pak cache.
[2018.04.27-14.53.26:131][  0]LogDerivedDataCache: Unable to find inner node CompressedPak for hierarchical cache Hierarchy.
[2018.04.27-14.53.26:147][  0]LogDerivedDataCache: Display: Pak cache opened for reading ../../../Engine/DerivedDataCache/Compressed.ddp.
[2018.04.27-14.53.26:159][  0]LogDerivedDataCache: Using Local data cache path C:/Users/Matt/AppData/Local/UnrealEngine/Common/DerivedDataCache: Writable
[2018.04.27-14.53.26:171][  0]LogMaterial: Verifying Global Shaders for PCD3D_SM5
[2018.04.27-14.53.26:171][  0]LogSlate: Using Freetype 2.6.0
[2018.04.27-14.53.26:172][  0]LogSlate: SlateFontCache - WITH_FREETYPE: 1, WITH_HARFBUZZ: 1
[2018.04.27-14.53.26:172][  0]LogSlate: SlateFontCache - WITH_FREETYPE: 1, WITH_HARFBUZZ: 1
[2018.04.27-14.53.26:662][  0]LogInit: Selected Device Profile: [Windows]
[2018.04.27-14.53.27:065][  0]LogSimplygon: Simplygon DLL not present - disabling.
[2018.04.27-14.53.27:118][  0]LogMeshReduction: Using SimplygonSwarm for distributed automatic mesh merging
[2018.04.27-14.53.27:118][  0]LogMeshReduction: Using QuadricMeshReduction for automatic static mesh reduction
[2018.04.27-14.53.27:118][  0]LogMeshReduction: No automatic skeletal mesh reduction module available
[2018.04.27-14.53.27:118][  0]LogMeshReduction: No automatic mesh merging module available
[2018.04.27-14.53.27:118][  0]LogMeshMerging: No automatic mesh merging module available
[2018.04.27-14.53.27:154][  0]LogNetVersion: VR_Tour_Final , NetCL: 3709383, EngineNetVer: 2, GameNetVer: 0 (Checksum: 1648233671)
[2018.04.27-14.53.27:355][  0]LogAssetRegistry: FAssetRegistry took 0.0262 seconds to start up
[2018.04.27-14.53.27:926][  0]LogPackageLocalizationCache: Processed 7 localized package path(s) for 2 prioritized culture(s) in 0.066970 seconds
[2018.04.27-14.53.27:932][  0]LogUObjectArray: 35870 objects as part of root set at end of initial load.
[2018.04.27-14.53.27:932][  0]LogUObjectAllocator: 7363704 out of 0 bytes used by permanent object pool.
[2018.04.27-14.53.27:932][  0]LogUObjectArray: CloseDisregardForGC: 0/0 objects in disregard for GC pool
[2018.04.27-14.53.28:000][  0]LogInit: WinSock: version 1.1 (2.2), MaxSocks=32767, MaxUdp=65467
[2018.04.27-14.53.31:145][  0]LogTcpMessaging: Initializing TcpMessaging bridge
[2018.04.27-14.53.31:193][  0]LogUdpMessaging: Initializing bridge on interface 0.0.0.0:0 to multicast group 230.0.0.1:6666.
[2018.04.27-14.53.32:026][  0]LogMaterial: Uniform references updated for custom material expression Custom.
[2018.04.27-14.53.32:543][  0]SourceControl: Source control is disabled
[2018.04.27-14.53.32:543][  0]SourceControl: Source control is disabled
[2018.04.27-14.53.32:609][  0]SourceControl: Source control is disabled
[2018.04.27-14.53.32:674][  0]SourceControl: Source control is disabled
[2018.04.27-14.53.33:689][  0]LogAndroidPermission: UAndroidPermissionCallbackProxy::GetInstance
[2018.04.27-14.53.34:025][  0]LogOcInput: OculusInput pre-init called
[2018.04.27-14.53.34:377][  0]LogEngine: Initializing Engine...
[2018.04.27-14.53.34:379][  0]LogHMD: Failed to initialize OpenVR with code 110
[2018.04.27-14.53.34:599][  0]LogStats: UGameplayTagsManager::ConstructGameplayTagTree: Construct from data asset -  0.000 s
[2018.04.27-14.53.34:599][  0]LogStats: UGameplayTagsManager::ConstructGameplayTagTree: GameplayTagTreeChangedEvent.Broadcast -  0.000 s
[2018.04.27-14.53.34:759][  0]LogAIModule: Creating AISystem for world Untitled
[2018.04.27-14.53.34:770][  0]LogInit: XAudio2 using 'Speakers (Cirrus Logic CS4206B (AB 40))' : 4 channels at 48 kHz using 32 bits per sample (channel mask 0x33)
[2018.04.27-14.53.34:780][  0]LogInit: FAudioDevice initialized.
[2018.04.27-14.53.34:872][  0]LogDerivedDataCache: Saved boot cache 0.09s 78MB C:/Users/Matt/AppData/Local/UnrealEngine/4.18/DerivedDataCache/Boot.ddc.
[2018.04.27-14.53.34:884][  0]LogInit: Texture streaming: Enabled
[2018.04.27-14.53.35:010][  0]LogEngineSessionManager: EngineSessionManager initialized
[2018.04.27-14.53.35:173][  0]LogInit: Transaction tracking system initialized
[2018.04.27-14.53.35:569][  0]BlueprintLog: New page: Editor Load
[2018.04.27-14.53.36:788][  0]LocalizationService: Localization service is disabled
[2018.04.27-14.53.37:793][  0]LogConsoleResponse: Display: 
[2018.04.27-14.53.37:996][  0]LogCook: Display: Max memory allowance for cook 16384mb min free memory 0mb
[2018.04.27-14.53.37:996][  0]LogCook: Display: Mobile HDR setting 1
[2018.04.27-14.53.37:997][  0]LogGameplayTags: Display: UGameplayTagsManager::DoneAddingNativeTags. DelegateIsBound: 0
[2018.04.27-14.53.38:459][  0]LogFileCache: Scanning file cache for directory 'C:/Users/Matt/Downloads/VR_Tour_Final (2)/VR_Tour_Final/Content/' took 0.01s
[2018.04.27-14.53.39:514][  0]SourceControl: Source control is disabled
[2018.04.27-14.53.39:514][  0]Cmd: MAP LOAD FILE="../../../../../../Users/Matt/Downloads/VR_Tour_Final (2)/VR_Tour_Final/Content/StarterContent/Maps/Minimal_Default.umap" TEMPLATE=0 SHOWPROGRESS=1 FEATURELEVEL=3
[2018.04.27-14.53.39:515][  0]LightingResults: New page: Lighting Build
[2018.04.27-14.53.39:567][  0]MapCheck: New page: Map Check
[2018.04.27-14.53.39:567][  0]LightingResults: New page: Lighting Build
[2018.04.27-14.53.39:921][  0]LogAIModule: Creating AISystem for world Minimal_Default
[2018.04.27-14.53.39:928][  0]LogEditorServer: Finished looking for orphan Actors (0.000 secs)
[2018.04.27-14.53.39:938][  0]Cmd: MAP CHECKDEP NOCLEARLOG
[2018.04.27-14.53.39:998][  0]MapCheck: Map check complete: 0 Error(s), 0 Warning(s), took 60.054ms to complete.
[2018.04.27-14.53.39:998][  0]LogFileHelpers: Loading map 'Minimal_Default' took 0.484
[2018.04.27-14.53.40:177][  0]LogCollectionManager: Loaded 0 collections in 0.001668 seconds
[2018.04.27-14.53.40:323][  0]LogFileCache: Scanning file cache for directory 'C:/Users/Matt/Downloads/VR_Tour_Final (2)/VR_Tour_Final/Saved/Collections/' took 0.01s
[2018.04.27-14.53.40:323][  0]LogFileCache: Scanning file cache for directory 'C:/Users/Matt/Downloads/VR_Tour_Final (2)/VR_Tour_Final/Content/Developers/Matt/Collections/' took 0.01s
[2018.04.27-14.53.40:323][  0]LogFileCache: Scanning file cache for directory 'C:/Users/Matt/Downloads/VR_Tour_Final (2)/VR_Tour_Final/Content/Collections/' took 0.01s
[2018.04.27-14.53.40:323][  0]LogCollectionManager: Rebuilt the GUID cache for 0 collections in 0.000000 seconds
[2018.04.27-14.53.40:333][  0]LogContentBrowser: Native class hierarchy populated in 0.0094 seconds. Added 2363 classes and 519 folders.
[2018.04.27-14.53.40:415][  0]LogContentBrowser: Native class hierarchy updated for 'WidgetCarousel' in 0.0002 seconds. Added 0 classes and 0 folders.
[2018.04.27-14.53.40:457][  0]LogContentBrowser: Native class hierarchy updated for 'AddContentDialog' in 0.0002 seconds. Added 0 classes and 0 folders.
[2018.04.27-14.53.40:513][  0]LogContentBrowser: Native class hierarchy updated for 'SceneOutliner' in 0.0003 seconds. Added 1 classes and 2 folders.
[2018.04.27-14.53.40:628][  0]LogSlate: Took 0.000270 seconds to synchronously load lazily loaded font '../../../Engine/Content/Slate/Fonts/Roboto-Regular.ttf' (155K)
[2018.04.27-14.53.40:632][  0]LogSlate: Took 0.000239 seconds to synchronously load lazily loaded font '../../../Engine/Content/Slate/Fonts/Roboto-Bold.ttf' (160K)
[2018.04.27-14.53.40:634][  0]LogSlate: Took 0.000200 seconds to synchronously load lazily loaded font '../../../Engine/Content/Editor/Slate/Fonts/FontAwesome.ttf' (139K)
[2018.04.27-14.53.40:827][  0]LogContentBrowser: Native class hierarchy updated for 'HierarchicalLODOutliner' in 0.0004 seconds. Added 1 classes and 2 folders.
[2018.04.27-14.53.40:827][  0]LogLoad: (Engine Initialization) Total time: 21.62 seconds
[2018.04.27-14.53.40:827][  0]LogLoad: (Engine Initialization) Total Blueprint compile time: 0.00 seconds
[2018.04.27-14.53.40:827][  0]LogExternalProfiler: No external profilers were discovered.  External profiling features will not be available.
[2018.04.27-14.53.41:221][  0]LogContentStreaming: Texture pool size now 1000 MB
[2018.04.27-14.53.41:248][  0]LogSlate: Took 0.000470 seconds to synchronously load lazily loaded font '../../../Engine/Content/Slate/Fonts/Roboto-Light.ttf' (159K)
[2018.04.27-14.53.41:683][  1]LogAssetRegistry: Asset discovery search completed in 14.3493 seconds
[2018.04.27-14.53.41:685][  1]LogCollectionManager: Rebuilt the object cache for 0 collections in 0.000000 seconds (found 0 objects)
[2018.04.27-14.53.41:685][  1]LogCollectionManager: Fixed up redirectors for 0 collections in 0.000057 seconds (updated 0 objects)
[2018.04.27-14.53.42:030][  3]LogRenderer: Reallocating scene render targets to support 128x128 Format 10 NumSamples 1 (Frame:0).
[2018.04.27-14.53.42:349][  3]LogSlate: Took 0.000734 seconds to synchronously load lazily loaded font '../../../Engine/Content/Slate/Fonts/Roboto-Light.ttf' (159K)
[2018.04.27-14.53.46:328][ 84]LogTemp: Repeating last play command: Selected Viewport
[2018.04.27-14.53.46:376][ 84]LogBlueprintUserMessages: Early PlayInEditor Detection: Level '/Game/StarterContent/Maps/Minimal_Default.Minimal_Default:PersistentLevel' has LevelScriptBlueprint '/Game/StarterContent/Maps/Minimal_Default.Minimal_Default:PersistentLevel.Minimal_Default' with GeneratedClass '/Game/StarterContent/Maps/Minimal_Default.Minimal_Default_C' with ClassGeneratedBy '/Game/StarterContent/Maps/Minimal_Default.Minimal_Default:PersistentLevel.Minimal_Default'
[2018.04.27-14.53.46:376][ 84]LogPlayLevel: PlayLevel: No blueprints needed recompiling
[2018.04.27-14.53.46:377][ 84]PIE: New page: PIE session: Minimal_Default (Apr 27, 2018, 6:53:46 AM)
[2018.04.27-14.53.46:377][ 84]LogPlayLevel: Creating play world package: /Game/StarterContent/Maps/UEDPIE_0_Minimal_Default
[2018.04.27-14.53.46:385][ 84]LogPlayLevel: PIE: StaticDuplicateObject took: (0.008549s)
[2018.04.27-14.53.46:386][ 84]LogAIModule: Creating AISystem for world Minimal_Default
[2018.04.27-14.53.46:386][ 84]LogPlayLevel: PIE: World Init took: (0.000725s)
[2018.04.27-14.53.46:386][ 84]LogPlayLevel: PIE: Created PIE world by copying editor world from /Game/StarterContent/Maps/Minimal_Default.Minimal_Default to /Game/StarterContent/Maps/UEDPIE_0_Minimal_Default.Minimal_Default (0.009557s)
[2018.04.27-14.53.46:401][ 84]LogInit: XAudio2 using 'Speakers (Cirrus Logic CS4206B (AB 40))' : 4 channels at 48 kHz using 32 bits per sample (channel mask 0x33)
[2018.04.27-14.53.46:407][ 84]LogInit: FAudioDevice initialized.
[2018.04.27-14.53.46:530][ 84]LogLoad: Game class is 'GameModeBase'
[2018.04.27-14.53.46:533][ 84]LogWorld: Bringing World /Game/StarterContent/Maps/UEDPIE_0_Minimal_Default.Minimal_Default up for play (max tick rate 60) at 2018.04.27-10.53.46
[2018.04.27-14.53.46:534][ 84]LogWorld: Bringing up level for play took: 0.001591
[2018.04.27-14.53.46:594][ 84]LogContentBrowser: Native class hierarchy updated for 'MovieSceneCapture' in 0.0003 seconds. Added 11 classes and 0 folders.
[2018.04.27-14.53.46:596][ 84]PIE: Play in editor start time for /Game/StarterContent/Maps/UEDPIE_0_Minimal_Default -0.229
[2018.04.27-14.53.46:597][ 84]LogBlueprintUserMessages: Late PlayInEditor Detection: Level '/Game/StarterContent/Maps/Minimal_Default.Minimal_Default:PersistentLevel' has LevelScriptBlueprint '/Game/StarterContent/Maps/Minimal_Default.Minimal_Default:PersistentLevel.Minimal_Default' with GeneratedClass '/Game/StarterContent/Maps/Minimal_Default.Minimal_Default_C' with ClassGeneratedBy '/Game/StarterContent/Maps/Minimal_Default.Minimal_Default:PersistentLevel.Minimal_Default'
[2018.04.27-14.53.46:642][ 84]LogRenderer: Reallocating scene render targets to support 856x480 Format 10 NumSamples 1 (Frame:1).
[2018.04.27-14.53.48:446][190]LogBlueprintUserMessages: Early EndPlayMap Detection: Level '/Game/StarterContent/Maps/Minimal_Default.Minimal_Default:PersistentLevel' has LevelScriptBlueprint '/Game/StarterContent/Maps/Minimal_Default.Minimal_Default:PersistentLevel.Minimal_Default' with GeneratedClass '/Game/StarterContent/Maps/Minimal_Default.Minimal_Default_C' with ClassGeneratedBy '/Game/StarterContent/Maps/Minimal_Default.Minimal_Default:PersistentLevel.Minimal_Default'
[2018.04.27-14.53.48:498][190]LogBlueprintUserMessages: Late EndPlayMap Detection: Level '/Game/StarterContent/Maps/Minimal_Default.Minimal_Default:PersistentLevel' has LevelScriptBlueprint '/Game/StarterContent/Maps/Minimal_Default.Minimal_Default:PersistentLevel.Minimal_Default' with GeneratedClass '/Game/StarterContent/Maps/Minimal_Default.Minimal_Default_C' with ClassGeneratedBy '/Game/StarterContent/Maps/Minimal_Default.Minimal_Default:PersistentLevel.Minimal_Default'
[2018.04.27-14.53.51:066][341]LogSlate: Took 0.000174 seconds to synchronously load lazily loaded font '../../../Engine/Content/Slate/Fonts/Roboto-Light.ttf' (159K)
[2018.04.27-14.53.51:516][341]LogAIModule: Creating AISystem for world Commons-Compas
[2018.04.27-14.53.51:603][341]Cmd: MAP LOAD FILE="../../../../../../Users/Matt/Downloads/VR_Tour_Final (2)/VR_Tour_Final/Content/Commons-Compas.umap" TEMPLATE=0 SHOWPROGRESS=1 FEATURELEVEL=3
[2018.04.27-14.53.51:603][341]LightingResults: New page: Lighting Build
[2018.04.27-14.53.51:604][341]LoadErrors: New page: Loading map: Commons-Compas.umap
[2018.04.27-14.53.51:605][341]MapCheck: New page: Map Check
[2018.04.27-14.53.51:605][341]LightingResults: New page: Lighting Build
[2018.04.27-14.53.51:701][341]LogEditorServer: Finished looking for orphan Actors (0.000 secs)
[2018.04.27-14.53.51:738][341]Cmd: MAP CHECKDEP NOCLEARLOG
[2018.04.27-14.53.51:810][341]MapCheck: Map check complete: 0 Error(s), 0 Warning(s), took 71.89ms to complete.
[2018.04.27-14.53.51:810][341]LogFileHelpers: Loading map 'Commons-Compas' took 0.207
[2018.04.27-14.54.03:050][  9]LogLinker: Warning: Can't resolve asset name
[2018.04.27-14.54.05:301][142]Cmd: MAP LOAD FILE="../../../../../../Users/Matt/Downloads/VR_Tour_Final (2)/VR_Tour_Final/Content/Commons-Compas.umap" TEMPLATE=0 SHOWPROGRESS=1 FEATURELEVEL=3
[2018.04.27-14.54.05:301][142]LightingResults: New page: Lighting Build
[2018.04.27-14.54.05:302][142]LoadErrors: New page: Loading map: Commons-Compas.umap
[2018.04.27-14.54.05:303][142]MapCheck: New page: Map Check
[2018.04.27-14.54.05:303][142]LightingResults: New page: Lighting Build
[2018.04.27-14.54.05:442][142]LogAIModule: Creating AISystem for world Commons-Compas
[2018.04.27-14.54.05:532][142]LogEditorServer: Finished looking for orphan Actors (0.000 secs)
[2018.04.27-14.54.05:570][142]Cmd: MAP CHECKDEP NOCLEARLOG
[2018.04.27-14.54.05:656][142]MapCheck: Map check complete: 0 Error(s), 0 Warning(s), took 85.66ms to complete.
[2018.04.27-14.54.05:657][142]LogFileHelpers: Loading map 'Commons-Compas' took 0.357
[2018.04.27-14.54.07:553][254]LogTemp: Repeating last play command: Selected Viewport
[2018.04.27-14.54.07:574][254]LogBlueprintUserMessages: Early PlayInEditor Detection: Level '/Game/Commons-Compas.Commons-Compas:PersistentLevel' has LevelScriptBlueprint '/Game/Commons-Compas.Commons-Compas:PersistentLevel.Commons-Compas' with GeneratedClass '/Game/Commons-Compas.Commons-Compas_C' with ClassGeneratedBy '/Game/Commons-Compas.Commons-Compas:PersistentLevel.Commons-Compas'
[2018.04.27-14.54.07:574][254]LogPlayLevel: PlayLevel: No blueprints needed recompiling
[2018.04.27-14.54.07:574][254]PIE: New page: PIE session: Commons-Compas (Apr 27, 2018, 6:54:07 AM)
[2018.04.27-14.54.07:574][254]LogPlayLevel: Creating play world package: /Game/UEDPIE_0_Commons-Compas
[2018.04.27-14.54.07:582][254]LogPlayLevel: PIE: StaticDuplicateObject took: (0.007822s)
[2018.04.27-14.54.07:583][254]LogAIModule: Creating AISystem for world Commons-Compas
[2018.04.27-14.54.07:583][254]LogPlayLevel: PIE: World Init took: (0.000625s)
[2018.04.27-14.54.07:583][254]LogPlayLevel: PIE: Created PIE world by copying editor world from /Game/Commons-Compas.Commons-Compas to /Game/UEDPIE_0_Commons-Compas.Commons-Compas (0.008718s)
[2018.04.27-14.54.07:597][254]LogInit: XAudio2 using 'Speakers (Cirrus Logic CS4206B (AB 40))' : 4 channels at 48 kHz using 32 bits per sample (channel mask 0x33)
[2018.04.27-14.54.07:602][254]LogInit: FAudioDevice initialized.
[2018.04.27-14.54.07:700][254]LogLoad: Game class is 'GameModeBase'
[2018.04.27-14.54.07:703][254]LogWorld: Bringing World /Game/UEDPIE_0_Commons-Compas.Commons-Compas up for play (max tick rate 60) at 2018.04.27-10.54.07
[2018.04.27-14.54.07:704][254]LogWorld: Bringing up level for play took: 0.002269
[2018.04.27-14.54.07:704][254]LogGameMode: FindPlayerStart: PATHS NOT DEFINED or NO PLAYERSTART with positive rating
[2018.04.27-14.54.07:707][254]PIE: Play in editor start time for /Game/UEDPIE_0_Commons-Compas 0.881
[2018.04.27-14.54.07:708][254]LogBlueprintUserMessages: Late PlayInEditor Detection: Level '/Game/Commons-Compas.Commons-Compas:PersistentLevel' has LevelScriptBlueprint '/Game/Commons-Compas.Commons-Compas:PersistentLevel.Commons-Compas' with GeneratedClass '/Game/Commons-Compas.Commons-Compas_C' with ClassGeneratedBy '/Game/Commons-Compas.Commons-Compas:PersistentLevel.Commons-Compas'
[2018.04.27-14.54.09:228][343]LogBlueprintUserMessages: Early EndPlayMap Detection: Level '/Game/Commons-Compas.Commons-Compas:PersistentLevel' has LevelScriptBlueprint '/Game/Commons-Compas.Commons-Compas:PersistentLevel.Commons-Compas' with GeneratedClass '/Game/Commons-Compas.Commons-Compas_C' with ClassGeneratedBy '/Game/Commons-Compas.Commons-Compas:PersistentLevel.Commons-Compas'
[2018.04.27-14.54.09:285][343]LogBlueprintUserMessages: Late EndPlayMap Detection: Level '/Game/Commons-Compas.Commons-Compas:PersistentLevel' has LevelScriptBlueprint '/Game/Commons-Compas.Commons-Compas:PersistentLevel.Commons-Compas' with GeneratedClass '/Game/Commons-Compas.Commons-Compas_C' with ClassGeneratedBy '/Game/Commons-Compas.Commons-Compas:PersistentLevel.Commons-Compas'
[2018.04.27-14.54.14:357][635]LogRenderer: Reallocating scene render targets to support 1276x696 Format 10 NumSamples 1 (Frame:1).
[2018.04.27-14.54.41:643][783]LogTemp: Repeating last play command: Selected Viewport
[2018.04.27-14.54.41:663][783]LogBlueprintUserMessages: Early PlayInEditor Detection: Level '/Game/Commons-Compas.Commons-Compas:PersistentLevel' has LevelScriptBlueprint '/Game/Commons-Compas.Commons-Compas:PersistentLevel.Commons-Compas' with GeneratedClass '/Game/Commons-Compas.Commons-Compas_C' with ClassGeneratedBy '/Game/Commons-Compas.Commons-Compas:PersistentLevel.Commons-Compas'
[2018.04.27-14.54.41:663][783]LogPlayLevel: PlayLevel: No blueprints needed recompiling
[2018.04.27-14.54.41:664][783]PIE: New page: PIE session: Commons-Compas (Apr 27, 2018, 6:54:41 AM)
[2018.04.27-14.54.41:664][783]LogPlayLevel: Creating play world package: /Game/UEDPIE_0_Commons-Compas
[2018.04.27-14.54.41:671][783]LogPlayLevel: PIE: StaticDuplicateObject took: (0.007545s)
[2018.04.27-14.54.41:672][783]LogAIModule: Creating AISystem for world Commons-Compas
[2018.04.27-14.54.41:672][783]LogPlayLevel: PIE: World Init took: (0.000691s)
[2018.04.27-14.54.41:672][783]LogPlayLevel: PIE: Created PIE world by copying editor world from /Game/Commons-Compas.Commons-Compas to /Game/UEDPIE_0_Commons-Compas.Commons-Compas (0.008496s)
[2018.04.27-14.54.41:697][783]LogInit: XAudio2 using 'Speakers (Cirrus Logic CS4206B (AB 40))' : 4 channels at 48 kHz using 32 bits per sample (channel mask 0x33)
[2018.04.27-14.54.41:706][783]LogInit: FAudioDevice initialized.
[2018.04.27-14.54.41:746][783]LogLoad: Game class is 'GameModeBase'
[2018.04.27-14.54.41:748][783]LogWorld: Bringing World /Game/UEDPIE_0_Commons-Compas.Commons-Compas up for play (max tick rate 60) at 2018.04.27-10.54.41
[2018.04.27-14.54.41:749][783]LogWorld: Bringing up level for play took: 0.002036
[2018.04.27-14.54.41:750][783]PIE: Play in editor start time for /Game/UEDPIE_0_Commons-Compas 0.924
[2018.04.27-14.54.41:750][783]LogBlueprintUserMessages: Late PlayInEditor Detection: Level '/Game/Commons-Compas.Commons-Compas:PersistentLevel' has LevelScriptBlueprint '/Game/Commons-Compas.Commons-Compas:PersistentLevel.Commons-Compas' with GeneratedClass '/Game/Commons-Compas.Commons-Compas_C' with ClassGeneratedBy '/Game/Commons-Compas.Commons-Compas:PersistentLevel.Commons-Compas'
[2018.04.27-15.58.37:925][615]LogBlueprintUserMessages: Early EndPlayMap Detection: Level '/Game/Commons-Compas.Commons-Compas:PersistentLevel' has LevelScriptBlueprint '/Game/Commons-Compas.Commons-Compas:PersistentLevel.Commons-Compas' with GeneratedClass '/Game/Commons-Compas.Commons-Compas_C' with ClassGeneratedBy '/Game/Commons-Compas.Commons-Compas:PersistentLevel.Commons-Compas'
[2018.04.27-15.58.37:988][615]LogBlueprintUserMessages: Late EndPlayMap Detection: Level '/Game/Commons-Compas.Commons-Compas:PersistentLevel' has LevelScriptBlueprint '/Game/Commons-Compas.Commons-Compas:PersistentLevel.Commons-Compas' with GeneratedClass '/Game/Commons-Compas.Commons-Compas_C' with ClassGeneratedBy '/Game/Commons-Compas.Commons-Compas:PersistentLevel.Commons-Compas'
[2018.04.27-15.58.45:420][ 63]LogD3D11RHI: Timed out while waiting for GPU to catch up. (0.5 s)
[2018.04.27-15.59.08:394][804]LogTemp: Repeating last play command: Selected Viewport
[2018.04.27-15.59.08:412][804]LogBlueprintUserMessages: Early PlayInEditor Detection: Level '/Game/Commons-Compas.Commons-Compas:PersistentLevel' has LevelScriptBlueprint '/Game/Commons-Compas.Commons-Compas:PersistentLevel.Commons-Compas' with GeneratedClass '/Game/Commons-Compas.Commons-Compas_C' with ClassGeneratedBy '/Game/Commons-Compas.Commons-Compas:PersistentLevel.Commons-Compas'
[2018.04.27-15.59.08:413][804]LogPlayLevel: PlayLevel: No blueprints needed recompiling
[2018.04.27-15.59.08:413][804]PIE: New page: PIE session: Commons-Compas (Apr 27, 2018, 7:59:08 AM)
[2018.04.27-15.59.08:413][804]LogPlayLevel: Creating play world package: /Game/UEDPIE_0_Commons-Compas
[2018.04.27-15.59.08:420][804]LogPlayLevel: PIE: StaticDuplicateObject took: (0.006765s)
[2018.04.27-15.59.08:420][804]LogAIModule: Creating AISystem for world Commons-Compas
[2018.04.27-15.59.08:420][804]LogPlayLevel: PIE: World Init took: (0.000797s)
[2018.04.27-15.59.08:421][804]LogPlayLevel: PIE: Created PIE world by copying editor world from /Game/Commons-Compas.Commons-Compas to /Game/UEDPIE_0_Commons-Compas.Commons-Compas (0.007864s)
[2018.04.27-15.59.08:437][804]LogInit: XAudio2 using 'Speakers (Cirrus Logic CS4206B (AB 40))' : 4 channels at 48 kHz using 32 bits per sample (channel mask 0x33)
[2018.04.27-15.59.08:442][804]LogInit: FAudioDevice initialized.
[2018.04.27-15.59.08:480][804]LogLoad: Game class is 'GameModeBase'
[2018.04.27-15.59.08:483][804]LogWorld: Bringing World /Game/UEDPIE_0_Commons-Compas.Commons-Compas up for play (max tick rate 0) at 2018.04.27-11.59.08
[2018.04.27-15.59.08:483][804]LogWorld: Bringing up level for play took: 0.001849
[2018.04.27-15.59.08:485][804]PIE: Play in editor start time for /Game/UEDPIE_0_Commons-Compas -0.341
[2018.04.27-15.59.08:485][804]LogBlueprintUserMessages: Late PlayInEditor Detection: Level '/Game/Commons-Compas.Commons-Compas:PersistentLevel' has LevelScriptBlueprint '/Game/Commons-Compas.Commons-Compas:PersistentLevel.Commons-Compas' with GeneratedClass '/Game/Commons-Compas.Commons-Compas_C' with ClassGeneratedBy '/Game/Commons-Compas.Commons-Compas:PersistentLevel.Commons-Compas'
[2018.04.27-15.59.36:316][378]LogBlueprintUserMessages: Early EndPlayMap Detection: Level '/Game/Commons-Compas.Commons-Compas:PersistentLevel' has LevelScriptBlueprint '/Game/Commons-Compas.Commons-Compas:PersistentLevel.Commons-Compas' with GeneratedClass '/Game/Commons-Compas.Commons-Compas_C' with ClassGeneratedBy '/Game/Commons-Compas.Commons-Compas:PersistentLevel.Commons-Compas'
[2018.04.27-15.59.36:352][378]LogBlueprintUserMessages: Late EndPlayMap Detection: Level '/Game/Commons-Compas.Commons-Compas:PersistentLevel' has LevelScriptBlueprint '/Game/Commons-Compas.Commons-Compas:PersistentLevel.Commons-Compas' with GeneratedClass '/Game/Commons-Compas.Commons-Compas_C' with ClassGeneratedBy '/Game/Commons-Compas.Commons-Compas:PersistentLevel.Commons-Compas'
[2018.04.27-15.59.40:760][600]LogTemp: Repeating last play command: Selected Viewport
[2018.04.27-15.59.40:783][600]LogBlueprintUserMessages: Early PlayInEditor Detection: Level '/Game/Commons-Compas.Commons-Compas:PersistentLevel' has LevelScriptBlueprint '/Game/Commons-Compas.Commons-Compas:PersistentLevel.Commons-Compas' with GeneratedClass '/Game/Commons-Compas.Commons-Compas_C' with ClassGeneratedBy '/Game/Commons-Compas.Commons-Compas:PersistentLevel.Commons-Compas'
[2018.04.27-15.59.40:783][600]LogPlayLevel: PlayLevel: No blueprints needed recompiling
[2018.04.27-15.59.40:783][600]PIE: New page: PIE session: Commons-Compas (Apr 27, 2018, 7:59:40 AM)
[2018.04.27-15.59.40:784][600]LogPlayLevel: Creating play world package: /Game/UEDPIE_0_Commons-Compas
[2018.04.27-15.59.40:792][600]LogPlayLevel: PIE: StaticDuplicateObject took: (0.008246s)
[2018.04.27-15.59.40:792][600]LogAIModule: Creating AISystem for world Commons-Compas
[2018.04.27-15.59.40:793][600]LogPlayLevel: PIE: World Init took: (0.000759s)
[2018.04.27-15.59.40:793][600]LogPlayLevel: PIE: Created PIE world by copying editor world from /Game/Commons-Compas.Commons-Compas to /Game/UEDPIE_0_Commons-Compas.Commons-Compas (0.009295s)
[2018.04.27-15.59.40:812][600]LogInit: XAudio2 using 'Speakers (Cirrus Logic CS4206B (AB 40))' : 4 channels at 48 kHz using 32 bits per sample (channel mask 0x33)
[2018.04.27-15.59.40:818][600]LogInit: FAudioDevice initialized.
[2018.04.27-15.59.40:862][600]LogLoad: Game class is 'GameModeBase'
[2018.04.27-15.59.40:868][600]LogWorld: Bringing World /Game/UEDPIE_0_Commons-Compas.Commons-Compas up for play (max tick rate 60) at 2018.04.27-11.59.40
[2018.04.27-15.59.40:868][600]LogWorld: Bringing up level for play took: 0.004682
[2018.04.27-15.59.40:872][600]PIE: Play in editor start time for /Game/UEDPIE_0_Commons-Compas 0.046
[2018.04.27-15.59.40:873][600]LogBlueprintUserMessages: Late PlayInEditor Detection: Level '/Game/Commons-Compas.Commons-Compas:PersistentLevel' has LevelScriptBlueprint '/Game/Commons-Compas.Commons-Compas:PersistentLevel.Commons-Compas' with GeneratedClass '/Game/Commons-Compas.Commons-Compas_C' with ClassGeneratedBy '/Game/Commons-Compas.Commons-Compas:PersistentLevel.Commons-Compas'
[2018.04.27-16.37.29:354][366]LogBlueprintUserMessages: Early EndPlayMap Detection: Level '/Game/Commons-Compas.Commons-Compas:PersistentLevel' has LevelScriptBlueprint '/Game/Commons-Compas.Commons-Compas:PersistentLevel.Commons-Compas' with GeneratedClass '/Game/Commons-Compas.Commons-Compas_C' with ClassGeneratedBy '/Game/Commons-Compas.Commons-Compas:PersistentLevel.Commons-Compas'
[2018.04.27-16.37.29:410][366]LogBlueprintUserMessages: Late EndPlayMap Detection: Level '/Game/Commons-Compas.Commons-Compas:PersistentLevel' has LevelScriptBlueprint '/Game/Commons-Compas.Commons-Compas:PersistentLevel.Commons-Compas' with GeneratedClass '/Game/Commons-Compas.Commons-Compas_C' with ClassGeneratedBy '/Game/Commons-Compas.Commons-Compas:PersistentLevel.Commons-Compas'
[2018.04.27-16.37.56:874][581]LogTemp: Repeating last play command: Selected Viewport
[2018.04.27-16.37.56:894][581]LogBlueprintUserMessages: Early PlayInEditor Detection: Level '/Game/Commons-Compas.Commons-Compas:PersistentLevel' has LevelScriptBlueprint '/Game/Commons-Compas.Commons-Compas:PersistentLevel.Commons-Compas' with GeneratedClass '/Game/Commons-Compas.Commons-Compas_C' with ClassGeneratedBy '/Game/Commons-Compas.Commons-Compas:PersistentLevel.Commons-Compas'
[2018.04.27-16.37.56:894][581]LogPlayLevel: PlayLevel: No blueprints needed recompiling
[2018.04.27-16.37.56:894][581]PIE: New page: PIE session: Commons-Compas (Apr 27, 2018, 8:37:56 AM)
[2018.04.27-16.37.56:894][581]LogPlayLevel: Creating play world package: /Game/UEDPIE_0_Commons-Compas
[2018.04.27-16.37.56:902][581]LogPlayLevel: PIE: StaticDuplicateObject took: (0.007415s)
[2018.04.27-16.37.56:902][581]LogAIModule: Creating AISystem for world Commons-Compas
[2018.04.27-16.37.56:902][581]LogPlayLevel: PIE: World Init took: (0.000709s)
[2018.04.27-16.37.56:903][581]LogPlayLevel: PIE: Created PIE world by copying editor world from /Game/Commons-Compas.Commons-Compas to /Game/UEDPIE_0_Commons-Compas.Commons-Compas (0.008389s)
[2018.04.27-16.37.56:918][581]LogInit: XAudio2 using 'Speakers (Cirrus Logic CS4206B (AB 40))' : 4 channels at 48 kHz using 32 bits per sample (channel mask 0x33)
[2018.04.27-16.37.56:923][581]LogInit: FAudioDevice initialized.
[2018.04.27-16.37.56:957][581]LogLoad: Game class is 'GameModeBase'
[2018.04.27-16.37.56:960][581]LogWorld: Bringing World /Game/UEDPIE_0_Commons-Compas.Commons-Compas up for play (max tick rate 0) at 2018.04.27-12.37.56
[2018.04.27-16.37.56:960][581]LogWorld: Bringing up level for play took: 0.001826
[2018.04.27-16.37.56:961][581]PIE: Play in editor start time for /Game/UEDPIE_0_Commons-Compas 0.136
[2018.04.27-16.37.56:962][581]LogBlueprintUserMessages: Late PlayInEditor Detection: Level '/Game/Commons-Compas.Commons-Compas:PersistentLevel' has LevelScriptBlueprint '/Game/Commons-Compas.Commons-Compas:PersistentLevel.Commons-Compas' with GeneratedClass '/Game/Commons-Compas.Commons-Compas_C' with ClassGeneratedBy '/Game/Commons-Compas.Commons-Compas:PersistentLevel.Commons-Compas'
[2018.04.27-17.07.11:829][496]LogBlueprintUserMessages: Early EndPlayMap Detection: Level '/Game/Commons-Compas.Commons-Compas:PersistentLevel' has LevelScriptBlueprint '/Game/Commons-Compas.Commons-Compas:PersistentLevel.Commons-Compas' with GeneratedClass '/Game/Commons-Compas.Commons-Compas_C' with ClassGeneratedBy '/Game/Commons-Compas.Commons-Compas:PersistentLevel.Commons-Compas'
[2018.04.27-17.07.11:884][496]LogBlueprintUserMessages: Late EndPlayMap Detection: Level '/Game/Commons-Compas.Commons-Compas:PersistentLevel' has LevelScriptBlueprint '/Game/Commons-Compas.Commons-Compas:PersistentLevel.Commons-Compas' with GeneratedClass '/Game/Commons-Compas.Commons-Compas_C' with ClassGeneratedBy '/Game/Commons-Compas.Commons-Compas:PersistentLevel.Commons-Compas'
[2018.04.27-17.07.15:699][788]LogTemp: Repeating last play command: Selected Viewport
[2018.04.27-17.07.15:716][788]LogBlueprintUserMessages: Early PlayInEditor Detection: Level '/Game/Commons-Compas.Commons-Compas:PersistentLevel' has LevelScriptBlueprint '/Game/Commons-Compas.Commons-Compas:PersistentLevel.Commons-Compas' with GeneratedClass '/Game/Commons-Compas.Commons-Compas_C' with ClassGeneratedBy '/Game/Commons-Compas.Commons-Compas:PersistentLevel.Commons-Compas'
[2018.04.27-17.07.15:717][788]LogPlayLevel: PlayLevel: No blueprints needed recompiling
[2018.04.27-17.07.15:717][788]PIE: New page: PIE session: Commons-Compas (Apr 27, 2018, 9:07:15 AM)
[2018.04.27-17.07.15:717][788]LogPlayLevel: Creating play world package: /Game/UEDPIE_0_Commons-Compas
[2018.04.27-17.07.15:724][788]LogPlayLevel: PIE: StaticDuplicateObject took: (0.006900s)
[2018.04.27-17.07.15:724][788]LogAIModule: Creating AISystem for world Commons-Compas
[2018.04.27-17.07.15:724][788]LogPlayLevel: PIE: World Init took: (0.000707s)
[2018.04.27-17.07.15:725][788]LogPlayLevel: PIE: Created PIE world by copying editor world from /Game/Commons-Compas.Commons-Compas to /Game/UEDPIE_0_Commons-Compas.Commons-Compas (0.007901s)
[2018.04.27-17.07.15:740][788]LogInit: XAudio2 using 'Speakers (Cirrus Logic CS4206B (AB 40))' : 4 channels at 48 kHz using 32 bits per sample (channel mask 0x33)
[2018.04.27-17.07.15:745][788]LogInit: FAudioDevice initialized.
[2018.04.27-17.07.15:842][788]LogLoad: Game class is 'GameModeBase'
[2018.04.27-17.07.15:846][788]LogWorld: Bringing World /Game/UEDPIE_0_Commons-Compas.Commons-Compas up for play (max tick rate 0) at 2018.04.27-13.07.15
[2018.04.27-17.07.15:846][788]LogWorld: Bringing up level for play took: 0.002841
[2018.04.27-17.07.15:847][788]LogGameMode: FindPlayerStart: PATHS NOT DEFINED or NO PLAYERSTART with positive rating
[2018.04.27-17.07.15:850][788]PIE: Play in editor start time for /Game/UEDPIE_0_Commons-Compas 1.025
[2018.04.27-17.07.15:851][788]LogBlueprintUserMessages: Late PlayInEditor Detection: Level '/Game/Commons-Compas.Commons-Compas:PersistentLevel' has LevelScriptBlueprint '/Game/Commons-Compas.Commons-Compas:PersistentLevel.Commons-Compas' with GeneratedClass '/Game/Commons-Compas.Commons-Compas_C' with ClassGeneratedBy '/Game/Commons-Compas.Commons-Compas:PersistentLevel.Commons-Compas'
[2018.04.27-17.07.31:044][671]Cmd: LevelEditor.ToggleImmersive
[2018.04.27-17.07.40:280][125]LogRenderer: Reallocating scene render targets to support 1280x696 Format 10 NumSamples 1 (Frame:1339).
[2018.04.27-17.08.17:235][925]LogD3D11RHI: Timed out while waiting for GPU to catch up. (0.5 s)
[2018.04.27-18.49.09:074][649]LogBlueprintUserMessages: Early EndPlayMap Detection: Level '/Game/Commons-Compas.Commons-Compas:PersistentLevel' has LevelScriptBlueprint '/Game/Commons-Compas.Commons-Compas:PersistentLevel.Commons-Compas' with GeneratedClass '/Game/Commons-Compas.Commons-Compas_C' with ClassGeneratedBy '/Game/Commons-Compas.Commons-Compas:PersistentLevel.Commons-Compas'
[2018.04.27-18.49.09:128][649]LogBlueprintUserMessages: Late EndPlayMap Detection: Level '/Game/Commons-Compas.Commons-Compas:PersistentLevel' has LevelScriptBlueprint '/Game/Commons-Compas.Commons-Compas:PersistentLevel.Commons-Compas' with GeneratedClass '/Game/Commons-Compas.Commons-Compas_C' with ClassGeneratedBy '/Game/Commons-Compas.Commons-Compas:PersistentLevel.Commons-Compas'
[2018.04.27-18.49.09:790][651]LogWindowsTextInputMethodSystem: Display: IME system now deactivated.
[2018.04.27-18.49.09:864][652]Cmd: QUIT_EDITOR
[2018.04.27-18.49.09:991][652]LogExit: Preparing to exit.
[2018.04.27-18.49.10:648][652]LogDirectoryWatcher: A directory notification for 'C:/Users/Matt/Downloads/VR_Tour_Final (2)/VR_Tour_Final/Content/' was aborted.
[2018.04.27-18.49.10:668][652]LogExit: Editor shut down
[2018.04.27-18.49.10:677][652]LogExit: Transaction tracking system shut down
[2018.04.27-18.49.10:855][652]LogDirectoryWatcher: A directory notification for '../../../Engine/Content/' was aborted.
[2018.04.27-18.49.10:855][652]LogDirectoryWatcher: A directory notification for '../../../../../../Users/Matt/Downloads/VR_Tour_Final (2)/VR_Tour_Final/Content/' was aborted.
[2018.04.27-18.49.10:855][652]LogDirectoryWatcher: A directory notification for '../../../Engine/Plugins/2D/Paper2D/Content/' was aborted.
[2018.04.27-18.49.10:855][652]LogDirectoryWatcher: A directory notification for '../../../Engine/Plugins/Media/MediaCompositing/Content/' was aborted.
[2018.04.27-18.49.10:855][652]LogDirectoryWatcher: A directory notification for '../../../Engine/Plugins/Runtime/AppleARKit/Content/' was aborted.
[2018.04.27-18.49.10:855][652]LogDirectoryWatcher: A directory notification for '../../../Engine/Plugins/Runtime/Oculus/OculusVR/Content/' was aborted.
[2018.04.27-18.49.10:855][652]LogDirectoryWatcher: A directory notification for '../../../Engine/Plugins/Runtime/Steam/SteamVR/Content/' was aborted.
[2018.04.27-18.49.10:921][652]LogExit: Object subsystem successfully closed.
[2018.04.27-18.49.10:939][652]LogD3D11RHI: Shutdown
[2018.04.27-18.49.10:939][652]LogD3D11RHI: CleanupD3DDevice
[2018.04.27-18.49.10:943][652]LogD3D11RHI: ~FD3D11DynamicRHI
[2018.04.27-18.49.10:971][652]LogModuleManager: Shutting down and abandoning module MovieSceneCapture (550)
[2018.04.27-18.49.10:971][652]LogModuleManager: Shutting down and abandoning module HierarchicalLODOutliner (548)
[2018.04.27-18.49.10:971][652]LogModuleManager: Shutting down and abandoning module SceneOutliner (546)
[2018.04.27-18.49.10:971][652]LogModuleManager: Shutting down and abandoning module AddContentDialog (544)
[2018.04.27-18.49.10:972][652]LogDirectoryWatcher: A directory notification for 'C:/Program Files/Epic Games/UE_4.18/FeaturePacks/' was aborted.
[2018.04.27-18.49.10:974][652]LogModuleManager: Shutting down and abandoning module WidgetCarousel (543)
[2018.04.27-18.49.10:974][652]LogModuleManager: Shutting down and abandoning module EditorWidgets (540)
[2018.04.27-18.49.10:974][652]LogModuleManager: Shutting down and abandoning module CollectionManager (538)
[2018.04.27-18.49.10:974][652]LogDirectoryWatcher: A directory notification for 'C:/Users/Matt/Downloads/VR_Tour_Final (2)/VR_Tour_Final/Content/Collections/' was aborted.
[2018.04.27-18.49.10:974][652]LogDirectoryWatcher: A directory notification for 'C:/Users/Matt/Downloads/VR_Tour_Final (2)/VR_Tour_Final/Content/Developers/Matt/Collections/' was aborted.
[2018.04.27-18.49.10:974][652]LogDirectoryWatcher: A directory notification for 'C:/Users/Matt/Downloads/VR_Tour_Final (2)/VR_Tour_Final/Saved/Collections/' was aborted.
[2018.04.27-18.49.10:974][652]LogModuleManager: Shutting down and abandoning module StatsViewer (536)
[2018.04.27-18.49.10:974][652]LogModuleManager: Shutting down and abandoning module FoliageEdit (534)
[2018.04.27-18.49.10:974][652]LogModuleManager: Shutting down and abandoning module LandscapeEditor (532)
[2018.04.27-18.49.10:974][652]LogModuleManager: Shutting down and abandoning module MeshPaintMode (530)
[2018.04.27-18.49.10:974][652]LogModuleManager: Shutting down and abandoning module SceneDepthPickerMode (528)
[2018.04.27-18.49.10:974][652]LogModuleManager: Shutting down and abandoning module ActorPickerMode (526)
[2018.04.27-18.49.10:974][652]LogModuleManager: Shutting down and abandoning module GeometryMode (524)
[2018.04.27-18.49.10:974][652]LogModuleManager: Shutting down and abandoning module TextureAlignMode (522)
[2018.04.27-18.49.10:974][652]LogModuleManager: Shutting down and abandoning module BspMode (520)
[2018.04.27-18.49.10:974][652]LogModuleManager: Shutting down and abandoning module PIEPreviewDeviceProfileSelector (518)
[2018.04.27-18.49.10:974][652]LogModuleManager: Shutting down and abandoning module HardwareSurvey (516)
[2018.04.27-18.49.10:974][652]LogModuleManager: Shutting down and abandoning module SequenceRecorderSections (514)
[2018.04.27-18.49.10:975][652]LogModuleManager: Shutting down and abandoning module AutomationWorker (512)
[2018.04.27-18.49.10:975][652]LogModuleManager: Shutting down and abandoning module MatineeToLevelSequence (510)
[2018.04.27-18.49.10:975][652]LogModuleManager: Shutting down and abandoning module LevelSequenceEditor (508)
[2018.04.27-18.49.10:975][652]LogModuleManager: Shutting down and abandoning module PlacementMode (507)
[2018.04.27-18.49.10:975][652]LogModuleManager: Shutting down and abandoning module WmfMediaFactory (504)
[2018.04.27-18.49.10:975][652]LogModuleManager: Shutting down and abandoning module WmfMediaEditor (502)
[2018.04.27-18.49.10:975][652]LogModuleManager: Shutting down and abandoning module OpenExrWrapper (500)
[2018.04.27-18.49.10:975][652]LogModuleManager: Shutting down and abandoning module ImgMediaFactory (498)
[2018.04.27-18.49.10:975][652]LogModuleManager: Shutting down and abandoning module ImgMediaEditor (496)
[2018.04.27-18.49.10:975][652]LogModuleManager: Shutting down and abandoning module AvfMediaFactory (494)
[2018.04.27-18.49.10:975][652]LogModuleManager: Shutting down and abandoning module AvfMediaEditor (492)
[2018.04.27-18.49.10:975][652]LogModuleManager: Shutting down and abandoning module AndroidMediaFactory (490)
[2018.04.27-18.49.10:975][652]LogModuleManager: Shutting down and abandoning module AndroidMediaEditor (488)
[2018.04.27-18.49.10:975][652]LogModuleManager: Shutting down and abandoning module CharacterAI (486)
[2018.04.27-18.49.10:975][652]LogModuleManager: Shutting down and abandoning module AudioCapture (484)
[2018.04.27-18.49.10:975][652]LogModuleManager: Shutting down and abandoning module SequenceRecorder (483)
[2018.04.27-18.49.10:975][652]LogModuleManager: Shutting down and abandoning module SmartSnapping (480)
[2018.04.27-18.49.10:975][652]LogModuleManager: Shutting down and abandoning module SessionServices (478)
[2018.04.27-18.49.10:975][652]LogModuleManager: Shutting down and abandoning module ViewportSnapping (476)
[2018.04.27-18.49.10:975][652]LogModuleManager: Shutting down and abandoning module ViewportInteraction (474)
[2018.04.27-18.49.10:975][652]LogModuleManager: Shutting down and abandoning module ClothPainter (472)
[2018.04.27-18.49.10:975][652]LogModuleManager: Shutting down and abandoning module SkeletalMeshEditor (471)
[2018.04.27-18.49.10:975][652]LogModuleManager: Shutting down and abandoning module LogVisualizer (468)
[2018.04.27-18.49.10:975][652]LogModuleManager: Shutting down and abandoning module IntroTutorials (466)
[2018.04.27-18.49.10:975][652]LogModuleManager: Shutting down and abandoning module GameProjectGeneration (465)
[2018.04.27-18.49.10:975][652]LogModuleManager: Shutting down and abandoning module IOSPlatformEditor (462)
[2018.04.27-18.49.10:975][652]LogModuleManager: Shutting down and abandoning module HTML5PlatformEditor (460)
[2018.04.27-18.49.10:975][652]LogModuleManager: Shutting down and abandoning module AndroidPlatformEditor (458)
[2018.04.27-18.49.10:975][652]LogModuleManager: Shutting down and abandoning module AndroidDeviceDetection (457)
[2018.04.27-18.49.11:404][652]LogModuleManager: Shutting down and abandoning module WindowsPlatformEditor (454)
[2018.04.27-18.49.11:404][652]LogModuleManager: Shutting down and abandoning module IOSRuntimeSettings (452)
[2018.04.27-18.49.11:404][652]LogModuleManager: Shutting down and abandoning module AndroidRuntimeSettings (450)
[2018.04.27-18.49.11:404][652]LogModuleManager: Shutting down and abandoning module InputBindingEditor (448)
[2018.04.27-18.49.11:404][652]LogModuleManager: Shutting down and abandoning module MergeActors (446)
[2018.04.27-18.49.11:404][652]LogModuleManager: Shutting down and abandoning module SizeMap (444)
[2018.04.27-18.49.11:404][652]LogModuleManager: Shutting down and abandoning module TreeMap (442)
[2018.04.27-18.49.11:405][652]LogModuleManager: Shutting down and abandoning module ReferenceViewer (440)
[2018.04.27-18.49.11:405][652]LogModuleManager: Shutting down and abandoning module LocalizationDashboard (438)
[2018.04.27-18.49.11:405][652]LogModuleManager: Shutting down and abandoning module LocalizationService (437)
[2018.04.27-18.49.11:405][652]LogModuleManager: Shutting down and abandoning module HardwareTargeting (434)
[2018.04.27-18.49.11:405][652]LogModuleManager: Shutting down and abandoning module DeviceProfileEditor (432)
[2018.04.27-18.49.11:405][652]LogModuleManager: Shutting down and abandoning module UndoHistory (430)
[2018.04.27-18.49.11:405][652]LogModuleManager: Shutting down and abandoning module XmlParser (428)
[2018.04.27-18.49.11:405][652]LogModuleManager: Shutting down and abandoning module Blutility (426)
[2018.04.27-18.49.11:405][652]LogModuleManager: Shutting down and abandoning module ProjectSettingsViewer (424)
[2018.04.27-18.49.11:405][652]LogModuleManager: Shutting down and abandoning module ProjectTargetPlatformEditor (423)
[2018.04.27-18.49.11:406][652]LogModuleManager: Shutting down and abandoning module EditorSettingsViewer (420)
[2018.04.27-18.49.11:406][652]LogModuleManager: Shutting down and abandoning module SettingsEditor (418)
[2018.04.27-18.49.11:406][652]LogModuleManager: Shutting down and abandoning module ProjectLauncher (416)
[2018.04.27-18.49.11:406][652]LogModuleManager: Shutting down and abandoning module SessionFrontend (414)
[2018.04.27-18.49.11:406][652]LogModuleManager: Shutting down and abandoning module ProfilerClient (412)
[2018.04.27-18.49.11:406][652]LogModuleManager: Shutting down and abandoning module DeviceManager (410)
[2018.04.27-18.49.11:406][652]LogModuleManager: Shutting down and abandoning module TargetDeviceServices (409)
[2018.04.27-18.49.11:458][652]LogModuleManager: Shutting down and abandoning module AutomationController (406)
[2018.04.27-18.49.11:458][652]LogModuleManager: Shutting down and abandoning module AutomationWindow (404)
[2018.04.27-18.49.11:458][652]LogModuleManager: Shutting down and abandoning module Layers (402)
[2018.04.27-18.49.11:459][652]LogModuleManager: Shutting down and abandoning module ComponentVisualizers (400)
[2018.04.27-18.49.11:459][652]LogModuleManager: Shutting down and abandoning module DetailCustomizations (398)
[2018.04.27-18.49.11:459][652]LogModuleManager: Shutting down and abandoning module PackagesDialog (396)
[2018.04.27-18.49.11:459][652]LogModuleManager: Shutting down and abandoning module Persona (394)
[2018.04.27-18.49.11:459][652]LogModuleManager: Shutting down and abandoning module AdvancedPreviewScene (393)
[2018.04.27-18.49.11:459][652]LogModuleManager: Shutting down and abandoning module AnimGraph (391)
[2018.04.27-18.49.11:459][652]LogModuleManager: Shutting down and abandoning module Kismet (388)
[2018.04.27-18.49.11:460][652]LogModuleManager: Shutting down and abandoning module ClassViewer (386)
[2018.04.27-18.49.11:461][652]LogModuleManager: Shutting down and abandoning module Toolbox (384)
[2018.04.27-18.49.11:461][652]LogModuleManager: Shutting down and abandoning module ModuleUI (382)
[2018.04.27-18.49.11:461][652]LogModuleManager: Shutting down and abandoning module MovieSceneTools (380)
[2018.04.27-18.49.11:461][652]LogModuleManager: Shutting down and abandoning module OutputLog (378)
[2018.04.27-18.49.11:461][652]LogModuleManager: Shutting down and abandoning module GammaUI (376)
[2018.04.27-18.49.11:461][652]LogModuleManager: Shutting down and abandoning module Documentation (374)
[2018.04.27-18.49.11:461][652]LogModuleManager: Shutting down and abandoning module MovieSceneTracks (372)
[2018.04.27-18.49.11:461][652]LogModuleManager: Shutting down and abandoning module MovieScene (370)
[2018.04.27-18.49.11:461][652]LogModuleManager: Shutting down and abandoning module StreamingPauseRendering (368)
[2018.04.27-18.49.11:461][652]LogModuleManager: Shutting down and abandoning module LauncherPlatform (366)
[2018.04.27-18.49.11:461][652]LogModuleManager: Shutting down and abandoning module AnalyticsET (364)
[2018.04.27-18.49.11:461][652]LogModuleManager: Shutting down and abandoning module PortalServices (362)
[2018.04.27-18.49.11:461][652]LogModuleManager: Shutting down and abandoning module PortalRpc (360)
[2018.04.27-18.49.11:461][652]LogModuleManager: Shutting down and abandoning module MessagingRpc (358)
[2018.04.27-18.49.11:462][652]LogModuleManager: Shutting down and abandoning module AIModule (356)
[2018.04.27-18.49.11:462][652]LogModuleManager: Shutting down and abandoning module GameplayDebugger (355)
[2018.04.27-18.49.11:462][652]LogModuleManager: Shutting down and abandoning module AITestSuite (353)
[2018.04.27-18.49.11:462][652]LogModuleManager: Shutting down and abandoning module DesktopPlatform (350)
[2018.04.27-18.49.11:462][652]LogModuleManager: Shutting down and abandoning module ProfilerService (348)
[2018.04.27-18.49.11:483][652]LogModuleManager: Shutting down and abandoning module TaskGraph (346)
[2018.04.27-18.49.11:483][652]LogModuleManager: Shutting down and abandoning module SteamVRController (344)
[2018.04.27-18.49.11:483][652]LogModuleManager: Shutting down and abandoning module ProceduralMeshComponentEditor (342)
[2018.04.27-18.49.11:483][652]LogModuleManager: Shutting down and abandoning module ProceduralMeshComponent (340)
[2018.04.27-18.49.11:483][652]LogModuleManager: Shutting down and abandoning module OculusInput (338)
[2018.04.27-18.49.11:484][652]LogModuleManager: Shutting down and abandoning module MobilePatchingUtils (336)
[2018.04.27-18.49.11:484][652]LogModuleManager: Shutting down and abandoning module CustomMeshComponent (334)
[2018.04.27-18.49.11:484][652]LogModuleManager: Shutting down and abandoning module CableComponent (332)
[2018.04.27-18.49.11:484][652]LogModuleManager: Shutting down and abandoning module ArchVisCharacter (330)
[2018.04.27-18.49.11:484][652]LogModuleManager: Shutting down and abandoning module AndroidPermission (328)
[2018.04.27-18.49.11:484][652]LogModuleManager: Shutting down and abandoning module ActorSequence (324)
[2018.04.27-18.49.11:484][652]LogModuleManager: Shutting down and abandoning module MediaPlayerEditor (322)
[2018.04.27-18.49.11:484][652]LogModuleManager: Shutting down and abandoning module MediaCompositingEditor (320)
[2018.04.27-18.49.11:484][652]LogModuleManager: Shutting down and abandoning module MediaCompositing (318)
[2018.04.27-18.49.11:484][652]LogModuleManager: Shutting down and abandoning module HTML5Networking (316)
[2018.04.27-18.49.11:484][652]LogModuleManager: Shutting down and abandoning module AlembicImporter (314)
[2018.04.27-18.49.11:484][652]LogModuleManager: Shutting down and abandoning module AlembicLibrary (313)
[2018.04.27-18.49.11:484][652]LogModuleManager: Shutting down and abandoning module GeometryCache (312)
[2018.04.27-18.49.11:484][652]LogModuleManager: Shutting down and abandoning module GeometryCacheEd (311)
[2018.04.27-18.49.11:485][652]LogModuleManager: Shutting down and abandoning module SpeedTreeImporter (306)
[2018.04.27-18.49.11:485][652]LogModuleManager: Shutting down and abandoning module PluginBrowser (304)
[2018.04.27-18.49.11:485][652]LogModuleManager: Shutting down and abandoning module MobileLauncherProfileWizard (302)
[2018.04.27-18.49.11:485][652]LogModuleManager: Shutting down and abandoning module VisualStudioSourceCodeAccess (300)
[2018.04.27-18.49.11:485][652]LogModuleManager: Shutting down and abandoning module VisualStudioCodeSourceCodeAccess (298)
[2018.04.27-18.49.11:485][652]LogModuleManager: Shutting down and abandoning module UObjectPlugin (296)
[2018.04.27-18.49.11:485][652]LogModuleManager: Shutting down and abandoning module SubversionSourceControl (294)
[2018.04.27-18.49.11:485][652]LogModuleManager: Shutting down and abandoning module PerforceSourceControl (292)
[2018.04.27-18.49.11:485][652]LogModuleManager: Shutting down and abandoning module GitSourceControl (290)
[2018.04.27-18.49.11:485][652]LogModuleManager: Shutting down and abandoning module SourceControl (289)
[2018.04.27-18.49.11:486][652]LogModuleManager: Shutting down and abandoning module LightPropagationVolumeEditor (286)
[2018.04.27-18.49.11:486][652]LogModuleManager: Shutting down and abandoning module PaperTiledImporter (284)
[2018.04.27-18.49.11:486][652]LogModuleManager: Shutting down and abandoning module PaperSpriteSheetImporter (282)
[2018.04.27-18.49.11:486][652]LogModuleManager: Shutting down and abandoning module Paper2DEditor (280)
[2018.04.27-18.49.11:486][652]LogModuleManager: Shutting down and abandoning module MeshPaint (279)
[2018.04.27-18.49.11:486][652]LogModuleManager: Shutting down and abandoning module LevelEditor (277)
[2018.04.27-18.49.11:488][652]LogModuleManager: Shutting down and abandoning module PixelInspectorModule (276)
[2018.04.27-18.49.11:488][652]LogModuleManager: Shutting down and abandoning module MainFrame (274)
[2018.04.27-18.49.11:488][652]LogModuleManager: Shutting down and abandoning module HotReload (273)
[2018.04.27-18.49.11:489][652]LogModuleManager: Shutting down and abandoning module RuntimePhysXCooking (268)
[2018.04.27-18.49.11:489][652]LogModuleManager: Shutting down and abandoning module PhysXVehiclesEditor (266)
[2018.04.27-18.49.11:489][652]LogModuleManager: Shutting down and abandoning module PhysXVehicles (264)
[2018.04.27-18.49.11:489][652]LogModuleManager: Shutting down and abandoning module OculusEditor (262)
[2018.04.27-18.49.11:489][652]LogModuleManager: Shutting down and abandoning module LocationServicesBPLibrary (260)
[2018.04.27-18.49.11:489][652]LogModuleManager: Shutting down and abandoning module ImmediatePhysicsEditor (258)
[2018.04.27-18.49.11:489][652]LogModuleManager: Shutting down and abandoning module ImmediatePhysics (256)
[2018.04.27-18.49.11:490][652]LogModuleManager: Shutting down and abandoning module UdpMessaging (254)
[2018.04.27-18.49.11:590][652]LogModuleManager: Shutting down and abandoning module TcpMessaging (252)
[2018.04.27-18.49.11:691][652]LogModuleManager: Shutting down and abandoning module GameplayTagsEditor (250)
[2018.04.27-18.49.11:691][652]LogModuleManager: Shutting down and abandoning module FacialAnimationEditor (248)
[2018.04.27-18.49.11:691][652]LogModuleManager: Shutting down and abandoning module FacialAnimation (246)
[2018.04.27-18.49.11:691][652]LogModuleManager: Shutting down and abandoning module AssetManagerEditor (244)
[2018.04.27-18.49.11:691][652]LogModuleManager: Shutting down and abandoning module GraphEditor (243)
[2018.04.27-18.49.11:691][652]LogModuleManager: Shutting down and abandoning module ContentBrowser (241)
[2018.04.27-18.49.11:694][652]LogModuleManager: Shutting down and abandoning module LightPropagationVolumeRuntime (238)
[2018.04.27-18.49.11:694][652]LogModuleManager: Shutting down and abandoning module Paper2D (236)
[2018.04.27-18.49.11:694][652]LogModuleManager: Shutting down and abandoning module WindowsMoviePlayer (234)
[2018.04.27-18.49.11:694][652]LogModuleManager: Shutting down and abandoning module WmfMedia (232)
[2018.04.27-18.49.11:698][652]LogModuleManager: Shutting down and abandoning module ImgMedia (230)
[2018.04.27-18.49.11:698][652]LogModuleManager: Shutting down and abandoning module PacketHandler (228)
[2018.04.27-18.49.11:698][652]LogModuleManager: Shutting down and abandoning module ClothingSystemEditor (226)
[2018.04.27-18.49.11:698][652]LogModuleManager: Shutting down and abandoning module ClothingSystemRuntime (224)
[2018.04.27-18.49.11:698][652]LogModuleManager: Shutting down and abandoning module MediaAssets (222)
[2018.04.27-18.49.11:699][652]LogModuleManager: Shutting down and abandoning module Media (221)
[2018.04.27-18.49.11:705][652]LogModuleManager: Shutting down and abandoning module Overlay (218)
[2018.04.27-18.49.11:705][652]LogModuleManager: Shutting down and abandoning module OverlayEditor (217)
[2018.04.27-18.49.11:705][652]LogModuleManager: Shutting down and abandoning module VREditor (214)
[2018.04.27-18.49.11:705][652]LogModuleManager: Shutting down and abandoning module StringTableEditor (212)
[2018.04.27-18.49.11:705][652]LogModuleManager: Shutting down and abandoning module GameplayTasksEditor (210)
[2018.04.27-18.49.11:705][652]LogModuleManager: Shutting down and abandoning module BehaviorTreeEditor (208)
[2018.04.27-18.49.11:705][652]LogModuleManager: Shutting down and abandoning module FunctionalTesting (206)
[2018.04.27-18.49.11:705][652]LogModuleManager: Shutting down and abandoning module CollisionAnalyzer (204)
[2018.04.27-18.49.11:706][652]LogModuleManager: Shutting down and abandoning module WorkspaceMenuStructure (203)
[2018.04.27-18.49.11:706][652]LogModuleManager: Shutting down and abandoning module UMG (200)
[2018.04.27-18.49.11:706][652]LogModuleManager: Shutting down and abandoning module UMGEditor (199)
[2018.04.27-18.49.11:706][652]LogModuleManager: Shutting down and abandoning module Sequencer (198)
[2018.04.27-18.49.11:706][652]LogModuleManager: Shutting down and abandoning module MessageLog (195)
[2018.04.27-18.49.11:706][652]LogModuleManager: Shutting down and abandoning module SlateReflector (190)
[2018.04.27-18.49.11:706][652]LogModuleManager: Shutting down and abandoning module Slate (188)
[2018.04.27-18.49.11:706][652]LogModuleManager: Shutting down and abandoning module EditorStyle (186)
[2018.04.27-18.49.11:713][652]LogModuleManager: Shutting down and abandoning module MRMesh (184)
[2018.04.27-18.49.11:713][652]LogModuleManager: Shutting down and abandoning module SourceCodeAccess (182)
[2018.04.27-18.49.11:713][652]LogModuleManager: Shutting down and abandoning module HeadMountedDisplay (180)
[2018.04.27-18.49.11:713][652]LogModuleManager: Shutting down and abandoning module XAudio2 (178)
[2018.04.27-18.49.11:713][652]LogModuleManager: Shutting down and abandoning module Networking (176)
[2018.04.27-18.49.11:713][652]LogModuleManager: Shutting down and abandoning module Core (172)
[2018.04.27-18.49.11:713][652]LogModuleManager: Shutting down and abandoning module LevelSequence (168)
[2018.04.27-18.49.11:714][652]LogModuleManager: Shutting down and abandoning module DirectoryWatcher (166)
[2018.04.27-18.49.11:717][652]LogModuleManager: Shutting down and abandoning module KismetCompiler (164)
[2018.04.27-18.49.11:717][652]LogModuleManager: Shutting down and abandoning module MeshUtilities (162)
[2018.04.27-18.49.11:718][652]LogModuleManager: Shutting down and abandoning module MeshMergeUtilities (161)
[2018.04.27-18.49.11:718][652]LogModuleManager: Shutting down and abandoning module MeshReductionInterface (160)
[2018.04.27-18.49.11:718][652]LogModuleManager: Shutting down and abandoning module SimplygonSwarm (159)
[2018.04.27-18.49.11:718][652]LogModuleManager: Shutting down and abandoning module SimplygonMeshReduction (157)
[2018.04.27-18.49.11:718][652]LogModuleManager: Shutting down and abandoning module QuadricMeshReduction (155)
[2018.04.27-18.49.11:718][652]LogModuleManager: Shutting down and abandoning module MaterialBaking (151)
[2018.04.27-18.49.11:718][652]LogModuleManager: Shutting down and abandoning module DerivedDataCache (148)
[2018.04.27-18.49.11:731][652]LogDerivedDataCache: Shutdown
[2018.04.27-18.49.11:731][652]LogModuleManager: Shutting down and abandoning module TargetPlatform (146)
[2018.04.27-18.49.11:731][652]LogModuleManager: Shutting down and abandoning module VulkanShaderFormat (145)
[2018.04.27-18.49.11:731][652]LogModuleManager: Shutting down and abandoning module ShaderFormatVectorVM (143)
[2018.04.27-18.49.11:731][652]LogModuleManager: Shutting down and abandoning module ShaderFormatOpenGL (141)
[2018.04.27-18.49.11:731][652]LogModuleManager: Shutting down and abandoning module ShaderFormatD3D (139)
[2018.04.27-18.49.11:731][652]LogModuleManager: Shutting down and abandoning module MetalShaderFormat (137)
[2018.04.27-18.49.11:732][652]LogModuleManager: Shutting down and abandoning module TextureFormatUncompressed (135)
[2018.04.27-18.49.11:732][652]LogModuleManager: Shutting down and abandoning module TextureFormatPVR (133)
[2018.04.27-18.49.11:732][652]LogModuleManager: Shutting down and abandoning module TextureFormatDXT (131)
[2018.04.27-18.49.11:732][652]LogModuleManager: Shutting down and abandoning module TextureFormatIntelISPCTexComp (129)
[2018.04.27-18.49.11:732][652]LogModuleManager: Shutting down and abandoning module TextureFormatASTC (127)
[2018.04.27-18.49.11:732][652]LogModuleManager: Shutting down and abandoning module ImageWrapper (126)
[2018.04.27-18.49.11:732][652]LogModuleManager: Shutting down and abandoning module TextureFormatAndroid (123)
[2018.04.27-18.49.11:732][652]LogModuleManager: Shutting down and abandoning module AudioFormatOpus (121)
[2018.04.27-18.49.11:732][652]LogModuleManager: Shutting down and abandoning module AudioFormatOgg (119)
[2018.04.27-18.49.11:732][652]LogModuleManager: Shutting down and abandoning module AudioFormatADPCM (117)
[2018.04.27-18.49.11:732][652]LogModuleManager: Shutting down and abandoning module LinuxTargetPlatform (115)
[2018.04.27-18.49.11:732][652]LogModuleManager: Shutting down and abandoning module LinuxServerTargetPlatform (113)
[2018.04.27-18.49.11:732][652]LogModuleManager: Shutting down and abandoning module LinuxNoEditorTargetPlatform (111)
[2018.04.27-18.49.11:733][652]LogModuleManager: Shutting down and abandoning module LinuxClientTargetPlatform (109)
[2018.04.27-18.49.11:733][652]LogModuleManager: Shutting down and abandoning module TVOSTargetPlatform (107)
[2018.04.27-18.49.11:733][652]LogModuleManager: Shutting down and abandoning module Messaging (105)
[2018.04.27-18.49.11:733][652]LogModuleManager: Shutting down and abandoning module IOSTargetPlatform (103)
[2018.04.27-18.49.11:733][652]LogModuleManager: Shutting down and abandoning module HTML5TargetPlatform (101)
[2018.04.27-18.49.11:733][652]LogModuleManager: Shutting down and abandoning module AndroidTargetPlatform (99)
[2018.04.27-18.49.11:733][652]LogModuleManager: Shutting down and abandoning module Android_PVRTCTargetPlatform (97)
[2018.04.27-18.49.11:733][652]LogModuleManager: Shutting down and abandoning module Android_MultiTargetPlatform (95)
[2018.04.27-18.49.11:733][652]LogModuleManager: Shutting down and abandoning module Android_ETC2TargetPlatform (93)
[2018.04.27-18.49.11:733][652]LogModuleManager: Shutting down and abandoning module Android_ETC1TargetPlatform (91)
[2018.04.27-18.49.11:733][652]LogModuleManager: Shutting down and abandoning module Android_DXTTargetPlatform (89)
[2018.04.27-18.49.11:733][652]LogModuleManager: Shutting down and abandoning module Android_ATCTargetPlatform (87)
[2018.04.27-18.49.11:733][652]LogModuleManager: Shutting down and abandoning module Android_ASTCTargetPlatform (85)
[2018.04.27-18.49.11:733][652]LogModuleManager: Shutting down and abandoning module WindowsTargetPlatform (83)
[2018.04.27-18.49.11:733][652]LogModuleManager: Shutting down and abandoning module WindowsServerTargetPlatform (81)
[2018.04.27-18.49.11:734][652]LogModuleManager: Shutting down and abandoning module WindowsNoEditorTargetPlatform (79)
[2018.04.27-18.49.11:734][652]LogModuleManager: Shutting down and abandoning module WindowsClientTargetPlatform (77)
[2018.04.27-18.49.11:734][652]LogModuleManager: Shutting down and abandoning module MacTargetPlatform (75)
[2018.04.27-18.49.11:734][652]LogModuleManager: Shutting down and abandoning module MacServerTargetPlatform (73)
[2018.04.27-18.49.11:734][652]LogModuleManager: Shutting down and abandoning module MacNoEditorTargetPlatform (71)
[2018.04.27-18.49.11:734][652]LogModuleManager: Shutting down and abandoning module MacClientTargetPlatform (69)
[2018.04.27-18.49.11:734][652]LogModuleManager: Shutting down and abandoning module AllDesktopTargetPlatform (67)
[2018.04.27-18.49.11:734][652]LogModuleManager: Shutting down and abandoning module InputCore (64)
[2018.04.27-18.49.11:734][652]LogModuleManager: Shutting down and abandoning module Settings (62)
[2018.04.27-18.49.11:734][652]LogModuleManager: Shutting down and abandoning module PhysXCooking (60)
[2018.04.27-18.49.11:734][652]LogModuleManager: Shutting down and abandoning module SteamVR (58)
[2018.04.27-18.49.11:734][652]LogModuleManager: Shutting down and abandoning module OculusHMD (56)
[2018.04.27-18.49.11:734][652]LogModuleManager: Shutting down and abandoning module ExampleDeviceProfileSelector (54)
[2018.04.27-18.49.11:734][652]LogModuleManager: Shutting down and abandoning module AppleARKit (52)
[2018.04.27-18.49.11:734][652]LogModuleManager: Shutting down and abandoning module AugmentedReality (51)
[2018.04.27-18.49.11:734][652]LogModuleManager: Shutting down and abandoning module OnlineBlueprintSupport (48)
[2018.04.27-18.49.11:735][652]LogModuleManager: Shutting down and abandoning module OnlineSubsystem (44)
[2018.04.27-18.49.11:735][652]LogModuleManager: Shutting down and abandoning module XMPP (43)
[2018.04.27-18.49.11:735][652]LogModuleManager: Shutting down and abandoning module HTTP (41)
[2018.04.27-18.49.11:735][652]LogHttp: Display: Http module shutting down, but needs to wait on 1 outstanding Http requests:
[2018.04.27-18.49.11:735][652]LogHttp: Display: 	verb=[POST] url=[https://datarouter.ol.epicgames.com/datarouter/api/v1/public/data?SessionID=%7B5950F47E-40B4-EB87-4581-5BA8BA265514%7D&AppID=UEEditor.Rocket.Release&AppVersion=4.18.3-3832480%2B%2B%2BUE4%2BRelease-4.18&UserID=a1d8a3e846b1e1464239ff9101636cf9%7C6e421c605c6247eca528aea49bea3bdb%7C5310d19d-b3f3-49a7-849f-7963d3aa225f&AppEnvironment=datacollector-binary&UploadType=eteventstream] status=Processing
[2018.04.27-18.49.11:758][652]LogModuleManager: Shutting down and abandoning module SSL (40)
[2018.04.27-18.49.11:761][652]LogModuleManager: Shutting down and abandoning module AnimationModifiers (36)
[2018.04.27-18.49.11:761][652]LogModuleManager: Shutting down and abandoning module PropertyEditor (35)
[2018.04.27-18.49.11:761][652]LogModuleManager: Shutting down and abandoning module AudioEditor (32)
[2018.04.27-18.49.11:761][652]LogModuleManager: Shutting down and abandoning module TextureCompressor (30)
[2018.04.27-18.49.11:761][652]LogModuleManager: Shutting down and abandoning module ShaderCore (28)
[2018.04.27-18.49.11:761][652]LogModuleManager: Shutting down and abandoning module Landscape (26)
[2018.04.27-18.49.11:761][652]LogModuleManager: Shutting down and abandoning module SlateRHIRenderer (24)
[2018.04.27-18.49.11:764][652]LogModuleManager: Shutting down and abandoning module OpenGLDrv (22)
[2018.04.27-18.49.11:764][652]LogModuleManager: Shutting down and abandoning module D3D11RHI (20)
[2018.04.27-18.49.11:764][652]LogModuleManager: Shutting down and abandoning module AnimGraphRuntime (18)
[2018.04.27-18.49.11:764][652]LogModuleManager: Shutting down and abandoning module Renderer (16)
[2018.04.27-18.49.11:764][652]LogModuleManager: Shutting down and abandoning module Engine (14)
[2018.04.27-18.49.11:764][652]LogModuleManager: Shutting down and abandoning module CoreUObject (12)
[2018.04.27-18.49.11:764][652]LogModuleManager: Shutting down and abandoning module NetworkFile (10)
[2018.04.27-18.49.11:764][652]LogModuleManager: Shutting down and abandoning module CookedIterativeFile (8)
[2018.04.27-18.49.11:764][652]LogModuleManager: Shutting down and abandoning module StreamingFile (6)
[2018.04.27-18.49.11:764][652]LogModuleManager: Shutting down and abandoning module SandboxFile (4)
[2018.04.27-18.49.11:764][652]LogModuleManager: Shutting down and abandoning module PakFile (2)
[2018.04.27-18.49.11:772][652]LogExit: Exiting.
[2018.04.27-18.49.11:813][652]Log file closed, 04/27/18 14:49:11
