Log file open, 04/03/18 22:10:56
LogWindows: Failed to load 'aqProf.dll' (GetLastError=126)
LogWindows: File 'aqProf.dll' does not exist
LogWindows: Failed to load 'VtuneApi.dll' (GetLastError=126)
LogWindows: File 'VtuneApi.dll' does not exist
LogWindows: Failed to load 'VtuneApi32e.dll' (GetLastError=126)
LogWindows: File 'VtuneApi32e.dll' does not exist
LogInit: Display: Running engine for game: VR_Tour_Final
LogPlatformFile: Not using cached read wrapper
LogInit: Display: RandInit(-549486098) SRandInit(-549486098).
LogTaskGraph: Started task graph with 5 named threads and 8 total threads with 3 sets of task threads.
LogStats: Stats thread started at 0.152040
LogD3D11RHI: Aftermath initialized
LogPluginManager: Mounting plugin Paper2D
LogPluginManager: Mounting plugin LightPropagationVolume
LogPluginManager: Mounting plugin CodeLiteSourceCodeAccess
LogPluginManager: Mounting plugin GitSourceControl
LogPluginManager: Mounting plugin KDevelopSourceCodeAccess
LogPluginManager: Mounting plugin NullSourceCodeAccess
LogPluginManager: Mounting plugin PerforceSourceControl
LogPluginManager: Mounting plugin SubversionSourceControl
LogPluginManager: Mounting plugin UObjectPlugin
LogPluginManager: Mounting plugin VisualStudioSourceCodeAccess
LogPluginManager: Mounting plugin XCodeSourceCodeAccess
LogPluginManager: Mounting plugin AssetManagerEditor
LogPluginManager: Mounting plugin AudioCapture
LogPluginManager: Mounting plugin FacialAnimation
LogPluginManager: Mounting plugin GameplayTagsEditor
LogPluginManager: Mounting plugin MobileLauncherProfileWizard
LogPluginManager: Mounting plugin PluginBrowser
LogPluginManager: Mounting plugin SpeedTreeImporter
LogPluginManager: Mounting plugin AlembicImporter
LogPluginManager: Mounting plugin CharacterAI
LogPluginManager: Mounting plugin HTML5Networking
LogPluginManager: Mounting plugin AndroidMedia
LogPluginManager: Mounting plugin AvfMedia
LogPluginManager: Mounting plugin MediaPlayerEditor
LogPluginManager: Mounting plugin WmfMedia
LogPluginManager: Mounting plugin TcpMessaging
LogPluginManager: Mounting plugin UdpMessaging
LogPluginManager: Mounting plugin LevelSequenceEditor
LogPluginManager: Mounting plugin MatineeToLevelSequence
LogPluginManager: Mounting plugin OnlineSubsystemGooglePlay
LogPluginManager: Mounting plugin OnlineSubsystemIOS
LogPluginManager: Mounting plugin OnlineSubsystem
LogPluginManager: Mounting plugin OnlineSubsystemNull
LogPluginManager: Mounting plugin OnlineSubsystemUtils
LogPluginManager: Mounting plugin AndroidDeviceProfileSelector
LogPluginManager: Mounting plugin AndroidMoviePlayer
LogPluginManager: Mounting plugin AndroidPermission
LogPluginManager: Mounting plugin AppleMoviePlayer
LogPluginManager: Mounting plugin ArchVisCharacter
LogPluginManager: Mounting plugin CableComponent
LogPluginManager: Mounting plugin CustomMeshComponent
LogPluginManager: Mounting plugin ExampleDeviceProfileSelector
LogPluginManager: Mounting plugin GoogleCloudMessaging
LogPluginManager: Mounting plugin ImmediatePhysics
LogPluginManager: Mounting plugin IOSDeviceProfileSelector
LogPluginManager: Mounting plugin LinuxDeviceProfileSelector
LogPluginManager: Mounting plugin LocationServicesBPLibrary
LogPluginManager: Mounting plugin MobilePatchingUtils
LogPluginManager: Mounting plugin OculusVR
LogPluginManager: Mounting plugin PhysXVehicles
LogPluginManager: Mounting plugin ProceduralMeshComponent
LogPluginManager: Mounting plugin RuntimePhysXCooking
LogPluginManager: Mounting plugin SteamVR
LogPluginManager: Mounting plugin WindowsMoviePlayer
LogInit: Using libcurl 7.47.1
LogInit:  - built for x86_64-pc-win32
LogInit:  - supports SSL with OpenSSL/1.0.2g
LogInit:  - supports HTTP deflate (compression) using libz 1.2.8
LogInit:  - other features:
LogInit:      CURL_VERSION_SSL
LogInit:      CURL_VERSION_LIBZ
LogInit:      CURL_VERSION_IPV6
LogInit:      CURL_VERSION_ASYNCHDNS
LogInit:      CURL_VERSION_LARGEFILE
LogInit:      CURL_VERSION_IDN
LogInit:  CurlRequestOptions (configurable via config and command line):
LogInit:  - bVerifyPeer = false  - Libcurl will NOT verify peer certificate
LogInit:  - bUseHttpProxy = false  - Libcurl will NOT use HTTP proxy
LogInit:  - bDontReuseConnections = false  - Libcurl will reuse connections
LogInit:  - CertBundlePath = nullptr  - Libcurl will use whatever was configured at build time.
LogInit: Build: ++UE4+Release-4.17-CL-3658906
LogInit: Engine Version: 4.17.2-3658906+++UE4+Release-4.17
LogInit: Compatible Engine Version: 4.17.0-3573198+++UE4+Release-4.17
LogInit: Net CL: 3573198
LogDevObjectVersion: Number of dev versions registered: 16
LogDevObjectVersion:   Dev-Blueprints (B0D832E4-1F89-4F0D-ACCF-7EB736FD4AA2): 10
LogDevObjectVersion:   Dev-Build (E1C64328-A22C-4D53-A36C-8E866417BD8C): 0
LogDevObjectVersion:   Dev-Core (375EC13C-06E4-48FB-B500-84F0262A717E): 2
LogDevObjectVersion:   Dev-Editor (E4B068ED-F494-42E9-A231-DA0B2E46BB41): 20
LogDevObjectVersion:   Dev-Framework (CFFC743F-43B0-4480-9391-14DF171D2073): 28
LogDevObjectVersion:   Dev-Mobile (B02B49B5-BB20-44E9-A304-32B752E40360): 0
LogDevObjectVersion:   Dev-Networking (A4E4105C-59A1-49B5-A7C5-40C4547EDFEE): 0
LogDevObjectVersion:   Dev-Online (39C831C9-5AE6-47DC-9A44-9C173E1C8E7C): 0
LogDevObjectVersion:   Dev-Physics (78F01B33-EBEA-4F98-B9B4-84EACCB95AA2): 0
LogDevObjectVersion:   Dev-Platform (6631380F-2D4D-43E0-8009-CF276956A95A): 0
LogDevObjectVersion:   Dev-Rendering (12F88B9F-8875-4AFC-A67C-D90C383ABD29): 19
LogDevObjectVersion:   Dev-Sequencer (7B5AE74C-D270-4C10-A958-57980B212A5A): 4
LogDevObjectVersion:   Dev-VR (D7296918-1DD6-4BDD-9DE2-64A83CC13884): 0
LogDevObjectVersion:   Dev-LoadTimes (C2A15278-BFE7-4AFE-6C17-90FF531DF755): 1
LogDevObjectVersion:   Private-Geometry (6EACA3D4-40EC-4CC1-B786-8BED09428FC5): 1
LogDevObjectVersion:   Dev-AnimPhys (29E575DD-E0A3-4627-9D10-D276232CDCEA): 7
LogInit: Compiled (64-bit): Sep 22 2017 13:47:16
LogInit: Compiled with Visual C++: 19.00.24215.01
LogInit: Build Configuration: Development
LogInit: Branch Name: ++UE4+Release-4.17
LogInit: Command line: -EpicPortal 
LogInit: Base directory: C:/Program Files/Epic Games/UE_4.17/Engine/Binaries/Win64/
LogInit: Installed Engine Build: 1
LogInit: Presizing for max 8388607 objects, including 0 objects not considered by GC, pre-allocating 0 bytes for permanent pool.
LogInit: Object subsystem initialized
[2018.04.04-02.10.57:203][  0]LogInit: Selected Device Profile: [Windows]
[2018.04.04-02.10.57:203][  0]LogInit: Applying CVar settings loaded from the selected device profile: [Windows]
[2018.04.04-02.10.57:220][  0]LogInit: Computer: LAPTOP-EKCGK85B
[2018.04.04-02.10.57:220][  0]LogInit: User: hunte
[2018.04.04-02.10.57:220][  0]LogInit: CPU Page size=4096, Cores=2
[2018.04.04-02.10.57:220][  0]LogInit: High frequency timer resolution =2.531253 MHz
[2018.04.04-02.10.57:220][  0]LogMemory: Memory total: Physical=7.9GB (8GB approx)
[2018.04.04-02.10.57:220][  0]LogMemory: Platform Memory Stats for Windows
[2018.04.04-02.10.57:220][  0]LogMemory: Process Physical Memory: 279.30 MB used, 279.30 MB peak
[2018.04.04-02.10.57:220][  0]LogMemory: Process Virtual Memory: 275.95 MB used, 275.95 MB peak
[2018.04.04-02.10.57:220][  0]LogMemory: Physical Memory: 5289.78 MB used,  2786.38 MB free, 8076.16 MB total
[2018.04.04-02.10.57:220][  0]LogMemory: Virtual Memory: 686.69 MB used,  2786.38 MB free, 134217728.00 MB total
[2018.04.04-02.10.57:519][  0]LogInit: Using OS detected language (en-US).
[2018.04.04-02.10.57:519][  0]LogInit: Using OS detected locale (en-US).
[2018.04.04-02.10.57:523][  0]LogTextLocalizationManager: No specific localization for 'en-US' exists, so the 'en' localization will be used.
[2018.04.04-02.10.58:463][  0]LogD3D11RHI: D3D11 adapters:
[2018.04.04-02.10.58:471][  0]LogD3D11RHI:    0. 'Intel(R) HD Graphics 520' (Feature Level 11_0)
[2018.04.04-02.10.58:471][  0]LogD3D11RHI:       128/0/4038 MB DedicatedVideo/DedicatedSystem/SharedSystem, Outputs:1, VendorId:0x8086
[2018.04.04-02.10.58:474][  0]LogD3D11RHI:    1. 'Microsoft Basic Render Driver' (Feature Level 11_0)
[2018.04.04-02.10.58:474][  0]LogD3D11RHI:       0/0/4038 MB DedicatedVideo/DedicatedSystem/SharedSystem, Outputs:0, VendorId:0x1414
[2018.04.04-02.10.58:474][  0]LogD3D11RHI: Chosen D3D11 Adapter: 0
[2018.04.04-02.10.58:482][  0]LogD3D11RHI: Creating new Direct3DDevice
[2018.04.04-02.10.58:482][  0]LogD3D11RHI:     GPU DeviceId: 0x1916 (for the marketing name, search the web for "GPU Device Id")
[2018.04.04-02.10.58:482][  0]LogWindows: EnumDisplayDevices:
[2018.04.04-02.10.58:482][  0]LogWindows:    0. 'Intel(R) HD Graphics 520' (P:1 D:1)
[2018.04.04-02.10.58:482][  0]LogWindows:    1. 'Intel(R) HD Graphics 520' (P:0 D:0)
[2018.04.04-02.10.58:482][  0]LogWindows:    2. 'Intel(R) HD Graphics 520' (P:0 D:0)
[2018.04.04-02.10.58:483][  0]LogWindows: DebugString: GetVideoDriverDetailsInvalid PrimaryIsNotTheChoosenAdapter GetVideoDriverDetailsInvalid PrimaryIsNotTheChoosenAdapter GetVideoDriverDetailsInvalid PrimaryIsNotTheChoosenAdapter FoundDriverCount:0 
[2018.04.04-02.10.58:483][  0]LogD3D11RHI:     Adapter Name: Intel(R) HD Graphics 520
[2018.04.04-02.10.58:483][  0]LogD3D11RHI:   Driver Version: Unknown (internal:Unknown, unified:Unknown)
[2018.04.04-02.10.58:483][  0]LogD3D11RHI:      Driver Date: Unknown
[2018.04.04-02.10.58:483][  0]LogRHI: Texture pool is 1361 MB (70% of 1945 MB)
[2018.04.04-02.10.58:489][  0]LogD3D11RHI: Async texture creation enabled
[2018.04.04-02.10.58:505][  0]LogD3D11RHI: GPU Timing Frequency: 12.000000 (Debug: 2 0)
[2018.04.04-02.10.58:507][  0]LogShaderCompilers: Guid format shader working directory is -38 characters bigger than the processId version (../../../../../../Users/hunte/OneDrive/Documents/Senior Design Project/VR_Tour_Final/Intermediate/Shaders/WorkingDirectory/5512/).
[2018.04.04-02.10.58:507][  0]LogShaderCompilers: Cleaned the shader compiler working directory 'C:/Users/hunte/AppData/Local/Temp/UnrealShaderWorkingDir/8A068C95448687BE16BAD591FEF6FD82/'.
[2018.04.04-02.10.58:507][  0]LogShaderCompilers: Display: Using Local Shader Compiler.
[2018.04.04-02.10.59:935][  0]LogTemp: Display: Loaded TP AllDesktopTargetPlatform
[2018.04.04-02.11.00:025][  0]LogTemp: Display: Loaded TP MacClientTargetPlatform
[2018.04.04-02.11.00:109][  0]LogTemp: Display: Loaded TP MacNoEditorTargetPlatform
[2018.04.04-02.11.00:191][  0]LogTemp: Display: Loaded TP MacServerTargetPlatform
[2018.04.04-02.11.00:280][  0]LogTemp: Display: Loaded TP MacTargetPlatform
[2018.04.04-02.11.00:363][  0]LogTemp: Display: Loaded TP WindowsClientTargetPlatform
[2018.04.04-02.11.00:450][  0]LogTemp: Display: Loaded TP WindowsNoEditorTargetPlatform
[2018.04.04-02.11.00:534][  0]LogTemp: Display: Loaded TP WindowsServerTargetPlatform
[2018.04.04-02.11.00:609][  0]LogTemp: Display: Loaded TP WindowsTargetPlatform
[2018.04.04-02.11.00:698][  0]LogTemp: Display: Loaded TP AndroidTargetPlatform
[2018.04.04-02.11.00:779][  0]LogTemp: Display: Loaded TP Android_ASTCTargetPlatform
[2018.04.04-02.11.00:866][  0]LogTemp: Display: Loaded TP Android_ATCTargetPlatform
[2018.04.04-02.11.00:953][  0]LogTemp: Display: Loaded TP Android_DXTTargetPlatform
[2018.04.04-02.11.01:042][  0]LogTemp: Display: Loaded TP Android_ETC1TargetPlatform
[2018.04.04-02.11.01:124][  0]LogTemp: Display: Loaded TP Android_ETC2TargetPlatform
[2018.04.04-02.11.01:289][  0]LogTemp: Display: Loaded TP Android_MultiTargetPlatform
[2018.04.04-02.11.01:289][  0]LogTemp: Display: Loaded TP Android_PVRTCTargetPlatform
[2018.04.04-02.11.01:357][  0]LogTemp: Display: Loaded TP HTML5TargetPlatform
[2018.04.04-02.11.01:497][  0]LogTemp: Display: Loaded TP IOSTargetPlatform
[2018.04.04-02.11.01:549][  0]LogTemp: Display: Loaded TP TVOSTargetPlatform
[2018.04.04-02.11.01:635][  0]LogTemp: Display: Loaded TP LinuxClientTargetPlatform
[2018.04.04-02.11.01:718][  0]LogTemp: Display: Loaded TP LinuxNoEditorTargetPlatform
[2018.04.04-02.11.01:799][  0]LogTemp: Display: Loaded TP LinuxServerTargetPlatform
[2018.04.04-02.11.01:880][  0]LogTemp: Display: Loaded TP LinuxTargetPlatform
[2018.04.04-02.11.01:880][  0]LogTargetPlatformManager: Display: Building Assets For Windows
[2018.04.04-02.11.02:732][  0]LogDerivedDataCache: Display: Max Cache Size: 512 MB
[2018.04.04-02.11.02:864][  0]LogDerivedDataCache: Loaded boot cache 0.13s 93MB C:/Users/hunte/AppData/Local/UnrealEngine/4.17/DerivedDataCache/Boot.ddc.
[2018.04.04-02.11.02:864][  0]LogDerivedDataCache: Display: Loaded Boot cache: C:/Users/hunte/AppData/Local/UnrealEngine/4.17/DerivedDataCache/Boot.ddc
[2018.04.04-02.11.02:864][  0]LogDerivedDataCache: FDerivedDataBackendGraph:  Pak pak cache file ../../../../../../Users/hunte/OneDrive/Documents/Senior Design Project/VR_Tour_Final/DerivedDataCache/DDC.ddp not found, will not use a pak cache.
[2018.04.04-02.11.02:864][  0]LogDerivedDataCache: Unable to find inner node Pak for hierarchical cache Hierarchy.
[2018.04.04-02.11.02:864][  0]LogDerivedDataCache: FDerivedDataBackendGraph:  CompressedPak pak cache file ../../../../../../Users/hunte/OneDrive/Documents/Senior Design Project/VR_Tour_Final/DerivedDataCache/Compressed.ddp not found, will not use a pak cache.
[2018.04.04-02.11.02:864][  0]LogDerivedDataCache: Unable to find inner node CompressedPak for hierarchical cache Hierarchy.
[2018.04.04-02.11.02:887][  0]LogDerivedDataCache: Display: Pak cache opened for reading ../../../Engine/DerivedDataCache/Compressed.ddp.
[2018.04.04-02.11.02:899][  0]LogDerivedDataCache: Using Local data cache path C:/Users/hunte/AppData/Local/UnrealEngine/Common/DerivedDataCache: Writable
[2018.04.04-02.11.02:913][  0]LogMaterial: Verifying Global Shaders for PCD3D_SM5
[2018.04.04-02.11.02:914][  0]LogSlate: Using Freetype 2.6.0
[2018.04.04-02.11.02:914][  0]LogSlate: SlateFontCache - WITH_FREETYPE: 1, WITH_HARFBUZZ: 1
[2018.04.04-02.11.02:915][  0]LogSlate: SlateFontCache - WITH_FREETYPE: 1, WITH_HARFBUZZ: 1
[2018.04.04-02.11.03:281][  0]LogAssetRegistry: FAssetRegistry took 0.0277 seconds to start up
[2018.04.04-02.11.03:485][  0]LogInit: Selected Device Profile: [Windows]
[2018.04.04-02.11.03:759][  0]LogContentStreaming: Texture pool size is 0.00 MB
[2018.04.04-02.11.04:347][  0]LogSimplygon: Simplygon DLL not present - disabling.
[2018.04.04-02.11.04:423][  0]LogMeshReduction: Using SimplygonSwarm for distributed automatic mesh merging
[2018.04.04-02.11.04:423][  0]LogMeshReduction: Using QuadricMeshReduction for automatic static mesh reduction
[2018.04.04-02.11.04:423][  0]LogMeshReduction: No automatic skeletal mesh reduction module available
[2018.04.04-02.11.04:423][  0]LogMeshReduction: No automatic mesh merging module available
[2018.04.04-02.11.04:424][  0]LogMeshMerging: No automatic mesh merging module available
[2018.04.04-02.11.04:998][  0]LogNetVersion: VR_Tour_Final , NetCL: 3573198, EngineNetVer: 2, GameNetVer: 0 (Checksum: 2205979722)
[2018.04.04-02.11.05:366][  0]LogPackageLocalizationCache: Processed 5 localized package path(s) for 2 prioritized culture(s) in 0.058874 seconds
[2018.04.04-02.11.05:376][  0]LogUObjectArray: 35825 objects as part of root set at end of initial load.
[2018.04.04-02.11.05:377][  0]LogUObjectAllocator: 7529104 out of 0 bytes used by permanent object pool.
[2018.04.04-02.11.05:377][  0]LogUObjectArray: CloseDisregardForGC: 0/0 objects in disregard for GC pool
[2018.04.04-02.11.05:512][  0]LogInit: WinSock: version 1.1 (2.2), MaxSocks=32767, MaxUdp=65467
[2018.04.04-02.11.10:222][  0]LogTcpMessaging: Initializing TcpMessaging bridge
[2018.04.04-02.11.10:295][  0]LogUdpMessaging: Initializing bridge on interface 0.0.0.0:0 to multicast group 230.0.0.1:6666.
[2018.04.04-02.11.11:513][  0]LogMaterial: Uniform references updated for custom material expression Custom.
[2018.04.04-02.11.12:201][  0]SourceControl: Source control is disabled
[2018.04.04-02.11.12:201][  0]SourceControl: Source control is disabled
[2018.04.04-02.11.12:293][  0]SourceControl: Source control is disabled
[2018.04.04-02.11.12:377][  0]SourceControl: Source control is disabled
[2018.04.04-02.11.13:410][  0]LogAndroidPermission: UAndroidPermissionCallbackProxy::GetInstance
[2018.04.04-02.11.13:880][  0]LogOcInput: OculusInput pre-init called
[2018.04.04-02.11.14:352][  0]LogEngine: Initializing Engine...
[2018.04.04-02.11.14:355][  0]LogHMD: Failed to initialize OpenVR with code 110
[2018.04.04-02.11.14:656][  0]LogStats: UGameplayTagsManager::ConstructGameplayTagTree: Construct from data asset -  0.000 s
[2018.04.04-02.11.14:656][  0]LogStats: UGameplayTagsManager::ConstructGameplayTagTree: GameplayTagTreeChangedEvent.Broadcast -  0.000 s
[2018.04.04-02.11.14:882][  0]LogAIModule: Creating AISystem for world Untitled
[2018.04.04-02.11.14:905][  0]LogInit: XAudio2 using 'Headphones (Conexant SmartAudio HD)' : 2 channels at 48 kHz using 32 bits per sample (channel mask 0x3)
[2018.04.04-02.11.15:055][  0]LogInit: FAudioDevice initialized.
[2018.04.04-02.11.15:314][  0]LogDerivedDataCache: Saved boot cache 0.26s 93MB C:/Users/hunte/AppData/Local/UnrealEngine/4.17/DerivedDataCache/Boot.ddc.
[2018.04.04-02.11.15:337][  0]LogInit: Texture streaming: Enabled
[2018.04.04-02.11.15:553][  0]LogEngineSessionManager: EngineSessionManager initialized
[2018.04.04-02.11.15:957][  0]LogInit: Transaction tracking system initialized
[2018.04.04-02.11.16:541][  0]BlueprintLog: New page: Editor Load
[2018.04.04-02.11.18:168][  0]LocalizationService: Localization service is disabled
[2018.04.04-02.11.19:373][  0]LogConsoleResponse: Display: 
[2018.04.04-02.11.19:678][  0]LogCook: Display: Max memory allowance for cook 16384mb min free memory 0mb
[2018.04.04-02.11.19:678][  0]LogCook: Display: Mobile HDR setting 1
[2018.04.04-02.11.19:678][  0]LogGameplayTags: Display: UGameplayTagsManager::DoneAddingNativeTags. DelegateIsBound: 0
[2018.04.04-02.11.20:610][  0]LogFileCache: Scanning file cache for directory 'C:/Users/hunte/OneDrive/Documents/Senior Design Project/VR_Tour_Final/Content/' took 0.02s
[2018.04.04-02.11.21:551][  0]SourceControl: Source control is disabled
[2018.04.04-02.11.21:551][  0]Cmd: MAP LOAD FILE="../../../../../../Users/hunte/OneDrive/Documents/Senior Design Project/VR_Tour_Final/Content/StarterContent/Maps/Minimal_Default.umap" TEMPLATE=0 SHOWPROGRESS=1 FEATURELEVEL=3
[2018.04.04-02.11.21:556][  0]LightingResults: New page: Lighting Build
[2018.04.04-02.11.21:632][  0]MapCheck: New page: Map Check
[2018.04.04-02.11.21:632][  0]LightingResults: New page: Lighting Build
[2018.04.04-02.11.23:478][  0]LogAIModule: Creating AISystem for world Minimal_Default
[2018.04.04-02.11.23:530][  0]LogEditorServer: Finished looking for orphan Actors (0.000 secs)
[2018.04.04-02.11.23:575][  0]Cmd: MAP CHECKDEP NOCLEARLOG
[2018.04.04-02.11.23:665][  0]MapCheck: Map check complete: 0 Error(s), 0 Warning(s), took 90.215ms to complete.
[2018.04.04-02.11.23:665][  0]LogFileHelpers: Loading map 'Minimal_Default' took 2.115
[2018.04.04-02.11.23:733][  0]LogWindowsTextInputMethodSystem: Display: IME system now deactivated.
[2018.04.04-02.11.23:734][  0]LogWindowsTextInputMethodSystem: Display: IME system now deactivated.
[2018.04.04-02.11.23:976][  0]LogCollectionManager: Loaded 0 collections in 0.002354 seconds
[2018.04.04-02.11.24:124][  0]LogFileCache: Scanning file cache for directory 'C:/Users/hunte/OneDrive/Documents/Senior Design Project/VR_Tour_Final/Saved/Collections/' took 0.01s
[2018.04.04-02.11.24:124][  0]LogFileCache: Scanning file cache for directory 'C:/Users/hunte/OneDrive/Documents/Senior Design Project/VR_Tour_Final/Content/Developers/hunte/Collections/' took 0.01s
[2018.04.04-02.11.24:124][  0]LogFileCache: Scanning file cache for directory 'C:/Users/hunte/OneDrive/Documents/Senior Design Project/VR_Tour_Final/Content/Collections/' took 0.01s
[2018.04.04-02.11.24:125][  0]LogCollectionManager: Rebuilt the GUID cache for 0 collections in 0.000000 seconds
[2018.04.04-02.11.24:142][  0]LogContentBrowser: Native class hierarchy populated in 0.0168 seconds. Added 2386 classes and 500 folders.
[2018.04.04-02.11.24:333][  0]LogContentBrowser: Native class hierarchy updated for 'WidgetCarousel' in 0.0169 seconds. Added 0 classes and 0 folders.
[2018.04.04-02.11.25:373][  0]LogContentBrowser: Native class hierarchy updated for 'AddContentDialog' in 0.0010 seconds. Added 0 classes and 0 folders.
[2018.04.04-02.11.25:492][  0]LogContentBrowser: Native class hierarchy updated for 'SceneOutliner' in 0.0012 seconds. Added 1 classes and 2 folders.
[2018.04.04-02.11.25:813][  0]LogSlate: Took 0.000213 seconds to synchronously load lazily loaded font '../../../Engine/Content/Slate/Fonts/Roboto-Regular.ttf' (155K)
[2018.04.04-02.11.25:817][  0]LogSlate: Took 0.000253 seconds to synchronously load lazily loaded font '../../../Engine/Content/Slate/Fonts/Roboto-Bold.ttf' (160K)
[2018.04.04-02.11.25:839][  0]LogSlate: Took 0.011698 seconds to synchronously load lazily loaded font '../../../Engine/Content/Editor/Slate/Fonts/FontAwesome.ttf' (139K)
[2018.04.04-02.11.26:115][  0]LogRenderer: Reallocating scene render targets to support 760x348 Format 10 NumSamples 1 (Frame:1).
[2018.04.04-02.11.28:089][  0]LogContentBrowser: Native class hierarchy updated for 'HierarchicalLODOutliner' in 0.0012 seconds. Added 1 classes and 2 folders.
[2018.04.04-02.11.28:089][  0]LogLoad: (Engine Initialization) Total time: 33.47 seconds
[2018.04.04-02.11.28:089][  0]LogLoad: (Engine Initialization) Total Blueprint compile time: 0.00 seconds
[2018.04.04-02.11.28:090][  0]LogExternalProfiler: Found external profiler: VSPerf
[2018.04.04-02.11.28:090][  0]LogExternalProfiler: Using external profiler: VSPerf
[2018.04.04-02.11.28:128][  0]LogContentStreaming: Texture pool size now 1000 MB
[2018.04.04-02.11.28:183][  0]LogSlate: Took 0.002074 seconds to synchronously load lazily loaded font '../../../Engine/Content/Slate/Fonts/Roboto-Light.ttf' (159K)
[2018.04.04-02.11.28:227][  1]LogAssetRegistry: Asset discovery search completed in 24.9681 seconds
[2018.04.04-02.11.28:229][  1]LogCollectionManager: Rebuilt the object cache for 0 collections in 0.000001 seconds (found 0 objects)
[2018.04.04-02.11.28:229][  1]LogCollectionManager: Fixed up redirectors for 0 collections in 0.000077 seconds (updated 0 objects)
[2018.04.04-02.11.32:541][103]Cmd: MAP LOAD FILE="../../../../../../Users/hunte/OneDrive/Documents/Senior Design Project/VR_Tour_Final/Content/Commons-Compas.umap" TEMPLATE=0 SHOWPROGRESS=1 FEATURELEVEL=3
[2018.04.04-02.11.32:546][103]LogSlate: Took 0.000210 seconds to synchronously load lazily loaded font '../../../Engine/Content/Slate/Fonts/Roboto-Light.ttf' (159K)
[2018.04.04-02.11.32:586][103]LightingResults: New page: Lighting Build
[2018.04.04-02.11.32:588][103]LoadErrors: New page: Loading map: Commons-Compas.umap
[2018.04.04-02.11.32:591][103]MapCheck: New page: Map Check
[2018.04.04-02.11.32:591][103]LightingResults: New page: Lighting Build
[2018.04.04-02.11.33:502][103]LogSlate: Took 0.000169 seconds to synchronously load lazily loaded font '../../../Engine/Content/Slate/Fonts/Roboto-Regular.ttf' (155K)
[2018.04.04-02.11.44:188][103]LogAIModule: Creating AISystem for world Commons-Compas
[2018.04.04-02.11.44:297][103]LogEditorServer: Finished looking for orphan Actors (0.000 secs)
[2018.04.04-02.11.44:342][103]Cmd: MAP CHECKDEP NOCLEARLOG
[2018.04.04-02.11.44:417][103]MapCheck: Map check complete: 0 Error(s), 0 Warning(s), took 74.92ms to complete.
[2018.04.04-02.11.44:417][103]LogFileHelpers: Loading map 'Commons-Compas' took 11.879
[2018.04.04-02.11.53:321][314]LogTemp: Repeating last play command: Selected Viewport
[2018.04.04-02.11.53:415][314]LogBlueprintUserMessages: Early PlayInEditor Detection: Level '/Game/Commons-Compas.Commons-Compas:PersistentLevel' has LevelScriptBlueprint '/Game/Commons-Compas.Commons-Compas:PersistentLevel.Commons-Compas' with GeneratedClass '/Game/Commons-Compas.Commons-Compas_C' with ClassGeneratedBy '/Game/Commons-Compas.Commons-Compas:PersistentLevel.Commons-Compas'
[2018.04.04-02.11.53:415][314]LogPlayLevel: PlayLevel: No blueprints needed recompiling
[2018.04.04-02.11.53:427][314]PIE: New page: PIE session: Commons-Compas (Apr 3, 2018, 6:11:53 PM)
[2018.04.04-02.11.53:427][314]LogPlayLevel: Creating play world package: /Game/UEDPIE_0_Commons-Compas
[2018.04.04-02.11.53:434][314]LogPlayLevel: PIE: StaticDuplicateObject took: (0.007173s)
[2018.04.04-02.11.53:435][314]LogAIModule: Creating AISystem for world Commons-Compas
[2018.04.04-02.11.53:435][314]LogPlayLevel: PIE: World Init took: (0.000841s)
[2018.04.04-02.11.53:435][314]LogPlayLevel: PIE: Created PIE world by copying editor world from /Game/Commons-Compas.Commons-Compas to /Game/UEDPIE_0_Commons-Compas.Commons-Compas (0.008312s)
[2018.04.04-02.11.53:460][314]LogInit: XAudio2 using 'Headphones (Conexant SmartAudio HD)' : 2 channels at 48 kHz using 32 bits per sample (channel mask 0x3)
[2018.04.04-02.11.53:470][314]LogInit: FAudioDevice initialized.
[2018.04.04-02.11.53:513][314]LogLoad: Game class is 'GameModeBase'
[2018.04.04-02.11.53:516][314]LogWorld: Bringing World /Game/UEDPIE_0_Commons-Compas.Commons-Compas up for play (max tick rate 60) at 2018.04.03-22.11.53
[2018.04.04-02.11.53:516][314]LogWorld: Bringing up level for play took: 0.002302
[2018.04.04-02.11.53:598][314]LogContentBrowser: Native class hierarchy updated for 'MovieSceneCapture' in 0.0012 seconds. Added 11 classes and 0 folders.
[2018.04.04-02.11.53:600][314]PIE: Play in editor start time for /Game/UEDPIE_0_Commons-Compas -0.486
[2018.04.04-02.11.53:600][314]LogBlueprintUserMessages: Late PlayInEditor Detection: Level '/Game/Commons-Compas.Commons-Compas:PersistentLevel' has LevelScriptBlueprint '/Game/Commons-Compas.Commons-Compas:PersistentLevel.Commons-Compas' with GeneratedClass '/Game/Commons-Compas.Commons-Compas_C' with ClassGeneratedBy '/Game/Commons-Compas.Commons-Compas:PersistentLevel.Commons-Compas'
[2018.04.04-02.11.56:155][379]LogBlueprintUserMessages: Early EndPlayMap Detection: Level '/Game/Commons-Compas.Commons-Compas:PersistentLevel' has LevelScriptBlueprint '/Game/Commons-Compas.Commons-Compas:PersistentLevel.Commons-Compas' with GeneratedClass '/Game/Commons-Compas.Commons-Compas_C' with ClassGeneratedBy '/Game/Commons-Compas.Commons-Compas:PersistentLevel.Commons-Compas'
[2018.04.04-02.11.56:242][379]LogBlueprintUserMessages: Late EndPlayMap Detection: Level '/Game/Commons-Compas.Commons-Compas:PersistentLevel' has LevelScriptBlueprint '/Game/Commons-Compas.Commons-Compas:PersistentLevel.Commons-Compas' with GeneratedClass '/Game/Commons-Compas.Commons-Compas_C' with ClassGeneratedBy '/Game/Commons-Compas.Commons-Compas:PersistentLevel.Commons-Compas'
[2018.04.04-02.12.00:609][488]LogRenderer: Reallocating scene render targets to support 1244x656 Format 10 NumSamples 1 (Frame:327).
[2018.04.04-02.12.01:030][489]LogRenderer: Reallocating scene render targets to support 1280x680 Format 10 NumSamples 1 (Frame:330).
[2018.04.04-02.12.02:067][500]LogEditorViewport: Clicking on Actor (LMB): StaticMeshActor (Sphere)
[2018.04.04-02.12.07:007][552]LogEditorViewport: Clicking on Actor (LMB): StaticMeshActor (Sphere)
[2018.04.04-02.12.07:569][557]LogEditorViewport: Clicking on Actor (LMB): StaticMeshActor (Sphere)
[2018.04.04-02.12.08:680][569]LogEditorViewport: Clicking on Actor (LMB): StaticMeshActor (Sphere)
[2018.04.04-02.12.09:987][583]LogEditorViewport: Clicking on Actor (LMB): StaticMeshActor (Sphere)
[2018.04.04-02.12.11:900][603]LogEditorViewport: Clicking on Actor (LMB): StaticMeshActor (Sphere)
[2018.04.04-02.12.12:091][603]LogEditorViewport: Clicking on Component (LMB): StaticMeshComponent (StaticMeshComponent0)
[2018.04.04-02.12.12:114][603]Cmd: SELECT NONE
[2018.04.04-02.12.12:419][609]Cmd: SELECT NONE
[2018.04.04-02.12.12:703][613]Cmd: SELECT NONE
[2018.04.04-02.12.12:718][614]Cmd: SELECT NONE
[2018.04.04-02.12.12:862][616]Cmd: SELECT NONE
[2018.04.04-02.12.17:339][687]LogTemp: Repeating last play command: Selected Viewport
[2018.04.04-02.12.17:358][687]LogBlueprintUserMessages: Early PlayInEditor Detection: Level '/Game/Commons-Compas.Commons-Compas:PersistentLevel' has LevelScriptBlueprint '/Game/Commons-Compas.Commons-Compas:PersistentLevel.Commons-Compas' with GeneratedClass '/Game/Commons-Compas.Commons-Compas_C' with ClassGeneratedBy '/Game/Commons-Compas.Commons-Compas:PersistentLevel.Commons-Compas'
[2018.04.04-02.12.17:359][687]LogPlayLevel: PlayLevel: No blueprints needed recompiling
[2018.04.04-02.12.17:359][687]PIE: New page: PIE session: Commons-Compas (Apr 3, 2018, 6:12:17 PM)
[2018.04.04-02.12.17:359][687]LogPlayLevel: Creating play world package: /Game/UEDPIE_0_Commons-Compas
[2018.04.04-02.12.17:374][687]LogPlayLevel: PIE: StaticDuplicateObject took: (0.015272s)
[2018.04.04-02.12.17:377][687]LogAIModule: Creating AISystem for world Commons-Compas
[2018.04.04-02.12.17:377][687]LogPlayLevel: PIE: World Init took: (0.002563s)
[2018.04.04-02.12.17:377][687]LogPlayLevel: PIE: Created PIE world by copying editor world from /Game/Commons-Compas.Commons-Compas to /Game/UEDPIE_0_Commons-Compas.Commons-Compas (0.018325s)
[2018.04.04-02.12.17:416][687]LogInit: XAudio2 using 'Headphones (Conexant SmartAudio HD)' : 2 channels at 48 kHz using 32 bits per sample (channel mask 0x3)
[2018.04.04-02.12.17:436][687]LogInit: FAudioDevice initialized.
[2018.04.04-02.12.17:469][687]LogLoad: Game class is 'GameModeBase'
[2018.04.04-02.12.17:471][687]LogWorld: Bringing World /Game/UEDPIE_0_Commons-Compas.Commons-Compas up for play (max tick rate 60) at 2018.04.03-22.12.17
[2018.04.04-02.12.17:471][687]LogWorld: Bringing up level for play took: 0.002313
[2018.04.04-02.12.17:473][687]PIE: Play in editor start time for /Game/UEDPIE_0_Commons-Compas -0.612
[2018.04.04-02.12.17:473][687]LogBlueprintUserMessages: Late PlayInEditor Detection: Level '/Game/Commons-Compas.Commons-Compas:PersistentLevel' has LevelScriptBlueprint '/Game/Commons-Compas.Commons-Compas:PersistentLevel.Commons-Compas' with GeneratedClass '/Game/Commons-Compas.Commons-Compas_C' with ClassGeneratedBy '/Game/Commons-Compas.Commons-Compas:PersistentLevel.Commons-Compas'
[2018.04.04-02.12.20:173][750]Cmd: LevelEditor.ToggleImmersive
[2018.04.04-02.13.48:318][103]LogBlueprintUserMessages: Early EndPlayMap Detection: Level '/Game/Commons-Compas.Commons-Compas:PersistentLevel' has LevelScriptBlueprint '/Game/Commons-Compas.Commons-Compas:PersistentLevel.Commons-Compas' with GeneratedClass '/Game/Commons-Compas.Commons-Compas_C' with ClassGeneratedBy '/Game/Commons-Compas.Commons-Compas:PersistentLevel.Commons-Compas'
[2018.04.04-02.13.48:443][103]LogBlueprintUserMessages: Late EndPlayMap Detection: Level '/Game/Commons-Compas.Commons-Compas:PersistentLevel' has LevelScriptBlueprint '/Game/Commons-Compas.Commons-Compas:PersistentLevel.Commons-Compas' with GeneratedClass '/Game/Commons-Compas.Commons-Compas_C' with ClassGeneratedBy '/Game/Commons-Compas.Commons-Compas:PersistentLevel.Commons-Compas'
[2018.04.04-02.18.56:168][229]LogAudio: Warning: Current Audio Device with ID {0.0.0.00000000}.{580241d7-8b38-47a8-a452-65edbf56ea70} was removed. Shutting down audio device.
[2018.04.10-23.53.54:668][123]LogAudio: Warning: Current Audio Device with ID {0.0.0.00000000}.{580241d7-8b38-47a8-a452-65edbf56ea70} was removed. Shutting down audio device.
[2018.04.11-02.01.34:505][ 86]LogAudio: Warning: Current Audio Device with ID {0.0.0.00000000}.{580241d7-8b38-47a8-a452-65edbf56ea70} was removed. Shutting down audio device.
