Log file open, 04/26/18 10:09:50
LogWindows: Failed to load 'aqProf.dll' (GetLastError=126)
LogWindows: File 'aqProf.dll' does not exist
LogWindows: Failed to load 'VtuneApi.dll' (GetLastError=126)
LogWindows: File 'VtuneApi.dll' does not exist
LogWindows: Failed to load 'VtuneApi32e.dll' (GetLastError=126)
LogWindows: File 'VtuneApi32e.dll' does not exist
LogInit: Display: Running engine for game: VR_Tour_Final
LogPlatformFile: Not using cached read wrapper
LogInit: Display: RandInit(1683152236) SRandInit(1683152236).
LogTaskGraph: Started task graph with 5 named threads and 8 total threads with 3 sets of task threads.
LogStats: Stats thread started at 12.213528
LogD3D11RHI: Aftermath initialized
LogPluginManager: Mounting plugin Paper2D
LogPluginManager: Mounting plugin LightPropagationVolume
LogPluginManager: Mounting plugin CodeLiteSourceCodeAccess
LogPluginManager: Mounting plugin GitSourceControl
LogPluginManager: Mounting plugin KDevelopSourceCodeAccess
LogPluginManager: Mounting plugin NullSourceCodeAccess
LogPluginManager: Mounting plugin PerforceSourceControl
LogPluginManager: Mounting plugin SubversionSourceControl
LogPluginManager: Mounting plugin UObjectPlugin
LogPluginManager: Mounting plugin VisualStudioSourceCodeAccess
LogPluginManager: Mounting plugin XCodeSourceCodeAccess
LogPluginManager: Mounting plugin AssetManagerEditor
LogPluginManager: Mounting plugin AudioCapture
LogPluginManager: Mounting plugin FacialAnimation
LogPluginManager: Mounting plugin GameplayTagsEditor
LogPluginManager: Mounting plugin MobileLauncherProfileWizard
LogPluginManager: Mounting plugin PluginBrowser
LogPluginManager: Mounting plugin SpeedTreeImporter
LogPluginManager: Mounting plugin AlembicImporter
LogPluginManager: Mounting plugin CharacterAI
LogPluginManager: Mounting plugin HTML5Networking
LogPluginManager: Mounting plugin AndroidMedia
LogPluginManager: Mounting plugin AvfMedia
LogPluginManager: Mounting plugin MediaPlayerEditor
LogPluginManager: Mounting plugin WmfMedia
LogPluginManager: Mounting plugin TcpMessaging
LogPluginManager: Mounting plugin UdpMessaging
LogPluginManager: Mounting plugin LevelSequenceEditor
LogPluginManager: Mounting plugin MatineeToLevelSequence
LogPluginManager: Mounting plugin OnlineSubsystemGooglePlay
LogPluginManager: Mounting plugin OnlineSubsystemIOS
LogPluginManager: Mounting plugin OnlineSubsystem
LogPluginManager: Mounting plugin OnlineSubsystemNull
LogPluginManager: Mounting plugin OnlineSubsystemUtils
LogPluginManager: Mounting plugin AndroidDeviceProfileSelector
LogPluginManager: Mounting plugin AndroidMoviePlayer
LogPluginManager: Mounting plugin AndroidPermission
LogPluginManager: Mounting plugin AppleMoviePlayer
LogPluginManager: Mounting plugin ArchVisCharacter
LogPluginManager: Mounting plugin CableComponent
LogPluginManager: Mounting plugin CustomMeshComponent
LogPluginManager: Mounting plugin ExampleDeviceProfileSelector
LogPluginManager: Mounting plugin GoogleCloudMessaging
LogPluginManager: Mounting plugin ImmediatePhysics
LogPluginManager: Mounting plugin IOSDeviceProfileSelector
LogPluginManager: Mounting plugin LinuxDeviceProfileSelector
LogPluginManager: Mounting plugin LocationServicesBPLibrary
LogPluginManager: Mounting plugin MobilePatchingUtils
LogPluginManager: Mounting plugin OculusVR
LogPluginManager: Mounting plugin PhysXVehicles
LogPluginManager: Mounting plugin ProceduralMeshComponent
LogPluginManager: Mounting plugin RuntimePhysXCooking
LogPluginManager: Mounting plugin SteamVR
LogPluginManager: Mounting plugin WindowsMoviePlayer
LogInit: Using libcurl 7.47.1
LogInit:  - built for x86_64-pc-win32
LogInit:  - supports SSL with OpenSSL/1.0.2g
LogInit:  - supports HTTP deflate (compression) using libz 1.2.8
LogInit:  - other features:
LogInit:      CURL_VERSION_SSL
LogInit:      CURL_VERSION_LIBZ
LogInit:      CURL_VERSION_IPV6
LogInit:      CURL_VERSION_ASYNCHDNS
LogInit:      CURL_VERSION_LARGEFILE
LogInit:      CURL_VERSION_IDN
LogInit:  CurlRequestOptions (configurable via config and command line):
LogInit:  - bVerifyPeer = false  - Libcurl will NOT verify peer certificate
LogInit:  - bUseHttpProxy = false  - Libcurl will NOT use HTTP proxy
LogInit:  - bDontReuseConnections = false  - Libcurl will reuse connections
LogInit:  - CertBundlePath = nullptr  - Libcurl will use whatever was configured at build time.
LogInit: Build: ++UE4+Release-4.17-CL-3658906
LogInit: Engine Version: 4.17.2-3658906+++UE4+Release-4.17
LogInit: Compatible Engine Version: 4.17.0-3573198+++UE4+Release-4.17
LogInit: Net CL: 3573198
LogDevObjectVersion: Number of dev versions registered: 16
LogDevObjectVersion:   Dev-Blueprints (B0D832E4-1F89-4F0D-ACCF-7EB736FD4AA2): 10
LogDevObjectVersion:   Dev-Build (E1C64328-A22C-4D53-A36C-8E866417BD8C): 0
LogDevObjectVersion:   Dev-Core (375EC13C-06E4-48FB-B500-84F0262A717E): 2
LogDevObjectVersion:   Dev-Editor (E4B068ED-F494-42E9-A231-DA0B2E46BB41): 20
LogDevObjectVersion:   Dev-Framework (CFFC743F-43B0-4480-9391-14DF171D2073): 28
LogDevObjectVersion:   Dev-Mobile (B02B49B5-BB20-44E9-A304-32B752E40360): 0
LogDevObjectVersion:   Dev-Networking (A4E4105C-59A1-49B5-A7C5-40C4547EDFEE): 0
LogDevObjectVersion:   Dev-Online (39C831C9-5AE6-47DC-9A44-9C173E1C8E7C): 0
LogDevObjectVersion:   Dev-Physics (78F01B33-EBEA-4F98-B9B4-84EACCB95AA2): 0
LogDevObjectVersion:   Dev-Platform (6631380F-2D4D-43E0-8009-CF276956A95A): 0
LogDevObjectVersion:   Dev-Rendering (12F88B9F-8875-4AFC-A67C-D90C383ABD29): 19
LogDevObjectVersion:   Dev-Sequencer (7B5AE74C-D270-4C10-A958-57980B212A5A): 4
LogDevObjectVersion:   Dev-VR (D7296918-1DD6-4BDD-9DE2-64A83CC13884): 0
LogDevObjectVersion:   Dev-LoadTimes (C2A15278-BFE7-4AFE-6C17-90FF531DF755): 1
LogDevObjectVersion:   Private-Geometry (6EACA3D4-40EC-4CC1-B786-8BED09428FC5): 1
LogDevObjectVersion:   Dev-AnimPhys (29E575DD-E0A3-4627-9D10-D276232CDCEA): 7
LogInit: Compiled (64-bit): Sep 22 2017 13:47:16
LogInit: Compiled with Visual C++: 19.00.24215.01
LogInit: Build Configuration: Development
LogInit: Branch Name: ++UE4+Release-4.17
LogInit: Command line: -EpicPortal 
LogInit: Base directory: C:/Program Files/Epic Games/UE_4.17/Engine/Binaries/Win64/
LogInit: Installed Engine Build: 1
LogInit: Presizing for max 8388607 objects, including 0 objects not considered by GC, pre-allocating 0 bytes for permanent pool.
LogInit: Object subsystem initialized
[2018.04.26-14.09.54:074][  0]LogInit: Selected Device Profile: [Windows]
[2018.04.26-14.09.54:074][  0]LogInit: Applying CVar settings loaded from the selected device profile: [Windows]
[2018.04.26-14.09.54:307][  0]LogInit: Computer: LAPTOP-EKCGK85B
[2018.04.26-14.09.54:307][  0]LogInit: User: hunte
[2018.04.26-14.09.54:307][  0]LogInit: CPU Page size=4096, Cores=2
[2018.04.26-14.09.54:307][  0]LogInit: High frequency timer resolution =2.531250 MHz
[2018.04.26-14.09.54:308][  0]LogMemory: Memory total: Physical=7.9GB (8GB approx)
[2018.04.26-14.09.54:308][  0]LogMemory: Platform Memory Stats for Windows
[2018.04.26-14.09.54:308][  0]LogMemory: Process Physical Memory: 278.81 MB used, 278.81 MB peak
[2018.04.26-14.09.54:308][  0]LogMemory: Process Virtual Memory: 275.82 MB used, 275.82 MB peak
[2018.04.26-14.09.54:308][  0]LogMemory: Physical Memory: 7186.38 MB used,  889.79 MB free, 8076.16 MB total
[2018.04.26-14.09.54:308][  0]LogMemory: Virtual Memory: 686.73 MB used,  889.79 MB free, 134217728.00 MB total
[2018.04.26-14.09.56:675][  0]LogInit: Using OS detected language (en-US).
[2018.04.26-14.09.56:675][  0]LogInit: Using OS detected locale (en-US).
[2018.04.26-14.09.56:965][  0]LogTextLocalizationManager: No specific localization for 'en-US' exists, so the 'en' localization will be used.
[2018.04.26-14.10.09:914][  0]LogD3D11RHI: D3D11 adapters:
[2018.04.26-14.10.09:937][  0]LogD3D11RHI:    0. 'Intel(R) HD Graphics 520' (Feature Level 11_0)
[2018.04.26-14.10.09:938][  0]LogD3D11RHI:       128/0/4038 MB DedicatedVideo/DedicatedSystem/SharedSystem, Outputs:1, VendorId:0x8086
[2018.04.26-14.10.09:956][  0]LogD3D11RHI:    1. 'Microsoft Basic Render Driver' (Feature Level 11_0)
[2018.04.26-14.10.09:956][  0]LogD3D11RHI:       0/0/4038 MB DedicatedVideo/DedicatedSystem/SharedSystem, Outputs:0, VendorId:0x1414
[2018.04.26-14.10.09:956][  0]LogD3D11RHI: Chosen D3D11 Adapter: 0
[2018.04.26-14.10.09:979][  0]LogD3D11RHI: Creating new Direct3DDevice
[2018.04.26-14.10.09:980][  0]LogD3D11RHI:     GPU DeviceId: 0x1916 (for the marketing name, search the web for "GPU Device Id")
[2018.04.26-14.10.09:980][  0]LogWindows: EnumDisplayDevices:
[2018.04.26-14.10.09:981][  0]LogWindows:    0. 'Intel(R) HD Graphics 520' (P:1 D:1)
[2018.04.26-14.10.09:982][  0]LogWindows:    1. 'Intel(R) HD Graphics 520' (P:0 D:0)
[2018.04.26-14.10.09:982][  0]LogWindows:    2. 'Intel(R) HD Graphics 520' (P:0 D:0)
[2018.04.26-14.10.09:982][  0]LogWindows: DebugString: GetVideoDriverDetailsInvalid PrimaryIsNotTheChoosenAdapter GetVideoDriverDetailsInvalid PrimaryIsNotTheChoosenAdapter GetVideoDriverDetailsInvalid PrimaryIsNotTheChoosenAdapter FoundDriverCount:0 
[2018.04.26-14.10.09:982][  0]LogD3D11RHI:     Adapter Name: Intel(R) HD Graphics 520
[2018.04.26-14.10.09:982][  0]LogD3D11RHI:   Driver Version: Unknown (internal:Unknown, unified:Unknown)
[2018.04.26-14.10.09:983][  0]LogD3D11RHI:      Driver Date: Unknown
[2018.04.26-14.10.09:983][  0]LogRHI: Texture pool is 1361 MB (70% of 1945 MB)
[2018.04.26-14.10.09:993][  0]LogD3D11RHI: Async texture creation enabled
[2018.04.26-14.10.10:219][  0]LogD3D11RHI: GPU Timing Frequency: 12.000000 (Debug: 2 0)
[2018.04.26-14.10.10:283][  0]LogShaderCompilers: Guid format shader working directory is -39 characters bigger than the processId version (../../../../../../Users/hunte/OneDrive/Documents/Senior Design Project/VR_Tour_Final/Intermediate/Shaders/WorkingDirectory/30536/).
[2018.04.26-14.10.10:284][  0]LogShaderCompilers: Cleaned the shader compiler working directory 'C:/Users/hunte/AppData/Local/Temp/UnrealShaderWorkingDir/8121B58F496A9D6C23CDC9BB5309C3E0/'.
[2018.04.26-14.10.10:284][  0]LogShaderCompilers: Display: Using Local Shader Compiler.
[2018.04.26-14.10.15:758][  0]LogTemp: Display: Loaded TP AllDesktopTargetPlatform
[2018.04.26-14.10.15:895][  0]LogTemp: Display: Loaded TP MacClientTargetPlatform
[2018.04.26-14.10.16:144][  0]LogTemp: Display: Loaded TP MacNoEditorTargetPlatform
[2018.04.26-14.10.16:322][  0]LogTemp: Display: Loaded TP MacServerTargetPlatform
[2018.04.26-14.10.16:477][  0]LogTemp: Display: Loaded TP MacTargetPlatform
[2018.04.26-14.10.16:596][  0]LogTemp: Display: Loaded TP WindowsClientTargetPlatform
[2018.04.26-14.10.16:714][  0]LogTemp: Display: Loaded TP WindowsNoEditorTargetPlatform
[2018.04.26-14.10.16:851][  0]LogTemp: Display: Loaded TP WindowsServerTargetPlatform
[2018.04.26-14.10.16:960][  0]LogTemp: Display: Loaded TP WindowsTargetPlatform
[2018.04.26-14.10.17:097][  0]LogTemp: Display: Loaded TP AndroidTargetPlatform
[2018.04.26-14.10.17:243][  0]LogTemp: Display: Loaded TP Android_ASTCTargetPlatform
[2018.04.26-14.10.17:375][  0]LogTemp: Display: Loaded TP Android_ATCTargetPlatform
[2018.04.26-14.10.17:494][  0]LogTemp: Display: Loaded TP Android_DXTTargetPlatform
[2018.04.26-14.10.17:613][  0]LogTemp: Display: Loaded TP Android_ETC1TargetPlatform
[2018.04.26-14.10.17:735][  0]LogTemp: Display: Loaded TP Android_ETC2TargetPlatform
[2018.04.26-14.10.17:975][  0]LogTemp: Display: Loaded TP Android_MultiTargetPlatform
[2018.04.26-14.10.17:975][  0]LogTemp: Display: Loaded TP Android_PVRTCTargetPlatform
[2018.04.26-14.10.18:122][  0]LogTemp: Display: Loaded TP HTML5TargetPlatform
[2018.04.26-14.10.18:440][  0]LogTemp: Display: Loaded TP IOSTargetPlatform
[2018.04.26-14.10.18:517][  0]LogTemp: Display: Loaded TP TVOSTargetPlatform
[2018.04.26-14.10.18:669][  0]LogTemp: Display: Loaded TP LinuxClientTargetPlatform
[2018.04.26-14.10.18:820][  0]LogTemp: Display: Loaded TP LinuxNoEditorTargetPlatform
[2018.04.26-14.10.18:962][  0]LogTemp: Display: Loaded TP LinuxServerTargetPlatform
[2018.04.26-14.10.19:248][  0]LogTemp: Display: Loaded TP LinuxTargetPlatform
[2018.04.26-14.10.19:248][  0]LogTargetPlatformManager: Display: Building Assets For Windows
[2018.04.26-14.10.21:276][  0]LogDerivedDataCache: Display: Max Cache Size: 512 MB
[2018.04.26-14.10.23:239][  0]LogDerivedDataCache: Loaded boot cache 1.96s 93MB C:/Users/hunte/AppData/Local/UnrealEngine/4.17/DerivedDataCache/Boot.ddc.
[2018.04.26-14.10.23:239][  0]LogDerivedDataCache: Display: Loaded Boot cache: C:/Users/hunte/AppData/Local/UnrealEngine/4.17/DerivedDataCache/Boot.ddc
[2018.04.26-14.10.23:239][  0]LogDerivedDataCache: FDerivedDataBackendGraph:  Pak pak cache file ../../../../../../Users/hunte/OneDrive/Documents/Senior Design Project/VR_Tour_Final/DerivedDataCache/DDC.ddp not found, will not use a pak cache.
[2018.04.26-14.10.23:239][  0]LogDerivedDataCache: Unable to find inner node Pak for hierarchical cache Hierarchy.
[2018.04.26-14.10.23:239][  0]LogDerivedDataCache: FDerivedDataBackendGraph:  CompressedPak pak cache file ../../../../../../Users/hunte/OneDrive/Documents/Senior Design Project/VR_Tour_Final/DerivedDataCache/Compressed.ddp not found, will not use a pak cache.
[2018.04.26-14.10.23:239][  0]LogDerivedDataCache: Unable to find inner node CompressedPak for hierarchical cache Hierarchy.
[2018.04.26-14.10.23:300][  0]LogDerivedDataCache: Display: Pak cache opened for reading ../../../Engine/DerivedDataCache/Compressed.ddp.
[2018.04.26-14.10.23:335][  0]LogDerivedDataCache: Using Local data cache path C:/Users/hunte/AppData/Local/UnrealEngine/Common/DerivedDataCache: Writable
[2018.04.26-14.10.23:427][  0]LogMaterial: Verifying Global Shaders for PCD3D_SM5
[2018.04.26-14.10.23:472][  0]LogSlate: Using Freetype 2.6.0
[2018.04.26-14.10.23:535][  0]LogSlate: SlateFontCache - WITH_FREETYPE: 1, WITH_HARFBUZZ: 1
[2018.04.26-14.10.23:535][  0]LogSlate: SlateFontCache - WITH_FREETYPE: 1, WITH_HARFBUZZ: 1
[2018.04.26-14.10.32:674][  0]LogAssetRegistry: FAssetRegistry took 0.0350 seconds to start up
[2018.04.26-14.10.33:673][  0]LogInit: Selected Device Profile: [Windows]
[2018.04.26-14.10.37:165][  0]LogContentStreaming: Texture pool size is 0.00 MB
[2018.04.26-14.10.38:732][  0]LogSimplygon: Simplygon DLL not present - disabling.
[2018.04.26-14.10.38:932][  0]LogMeshReduction: Using SimplygonSwarm for distributed automatic mesh merging
[2018.04.26-14.10.38:933][  0]LogMeshReduction: Using QuadricMeshReduction for automatic static mesh reduction
[2018.04.26-14.10.38:933][  0]LogMeshReduction: No automatic skeletal mesh reduction module available
[2018.04.26-14.10.38:933][  0]LogMeshReduction: No automatic mesh merging module available
[2018.04.26-14.10.38:933][  0]LogMeshMerging: No automatic mesh merging module available
[2018.04.26-14.10.42:012][  0]LogNetVersion: VR_Tour_Final , NetCL: 3573198, EngineNetVer: 2, GameNetVer: 0 (Checksum: 2205979722)
[2018.04.26-14.10.43:481][  0]LogPackageLocalizationCache: Processed 5 localized package path(s) for 2 prioritized culture(s) in 0.093120 seconds
[2018.04.26-14.10.43:530][  0]LogUObjectArray: 35825 objects as part of root set at end of initial load.
[2018.04.26-14.10.43:530][  0]LogUObjectAllocator: 7529104 out of 0 bytes used by permanent object pool.
[2018.04.26-14.10.43:531][  0]LogUObjectArray: CloseDisregardForGC: 0/0 objects in disregard for GC pool
[2018.04.26-14.10.43:754][  0]LogInit: WinSock: version 1.1 (2.2), MaxSocks=32767, MaxUdp=65467
[2018.04.26-14.11.16:744][  0]LogTcpMessaging: Initializing TcpMessaging bridge
[2018.04.26-14.11.16:848][  0]LogUdpMessaging: Initializing bridge on interface 0.0.0.0:0 to multicast group 230.0.0.1:6666.
[2018.04.26-14.11.19:783][  0]LogMaterial: Uniform references updated for custom material expression Custom.
[2018.04.26-14.11.21:632][  0]SourceControl: Source control is disabled
[2018.04.26-14.11.21:634][  0]SourceControl: Source control is disabled
[2018.04.26-14.11.21:833][  0]SourceControl: Source control is disabled
[2018.04.26-14.11.21:991][  0]SourceControl: Source control is disabled
[2018.04.26-14.11.24:765][  0]LogAndroidPermission: UAndroidPermissionCallbackProxy::GetInstance
[2018.04.26-14.11.25:535][  0]LogOcInput: OculusInput pre-init called
[2018.04.26-14.11.26:736][  0]LogEngine: Initializing Engine...
[2018.04.26-14.11.26:788][  0]LogHMD: Failed to initialize OpenVR with code 110
[2018.04.26-14.11.28:058][  0]LogStats: UGameplayTagsManager::ConstructGameplayTagTree: Construct from data asset -  0.000 s
[2018.04.26-14.11.28:066][  0]LogStats: UGameplayTagsManager::ConstructGameplayTagTree: GameplayTagTreeChangedEvent.Broadcast -  0.007 s
[2018.04.26-14.11.29:246][  0]LogAIModule: Creating AISystem for world Untitled
[2018.04.26-14.11.29:420][  0]LogInit: XAudio2 using 'LCD TV (Intel(R) Display Audio)' : 2 channels at 48 kHz using 16 bits per sample (channel mask 0x3)
[2018.04.26-14.11.29:515][  0]LogInit: FAudioDevice initialized.
[2018.04.26-14.11.30:156][  0]LogDerivedDataCache: Saved boot cache 0.64s 93MB C:/Users/hunte/AppData/Local/UnrealEngine/4.17/DerivedDataCache/Boot.ddc.
[2018.04.26-14.11.30:287][  0]LogInit: Texture streaming: Enabled
[2018.04.26-14.11.31:008][  0]LogEngineSessionManager: EngineSessionManager initialized
[2018.04.26-14.11.32:469][  0]LogInit: Transaction tracking system initialized
[2018.04.26-14.11.33:863][  0]BlueprintLog: New page: Editor Load
[2018.04.26-14.11.37:478][  0]LocalizationService: Localization service is disabled
[2018.04.26-14.11.40:007][  0]LogConsoleResponse: Display: 
[2018.04.26-14.11.43:404][  0]LogFileCache: Scanning file cache for directory 'C:/Users/hunte/OneDrive/Documents/Senior Design Project/VR_Tour_Final/Content/' took 0.03s
[2018.04.26-14.11.43:404][  0]LogCook: Display: Max memory allowance for cook 16384mb min free memory 0mb
[2018.04.26-14.11.43:405][  0]LogCook: Display: Mobile HDR setting 1
[2018.04.26-14.11.43:431][  0]LogGameplayTags: Display: UGameplayTagsManager::DoneAddingNativeTags. DelegateIsBound: 0
[2018.04.26-14.11.48:599][  0]SourceControl: Source control is disabled
[2018.04.26-14.11.48:682][  0]Cmd: MAP LOAD FILE="../../../../../../Users/hunte/OneDrive/Documents/Senior Design Project/VR_Tour_Final/Content/StarterContent/Maps/Minimal_Default.umap" TEMPLATE=0 SHOWPROGRESS=1 FEATURELEVEL=3
[2018.04.26-14.11.48:700][  0]LightingResults: New page: Lighting Build
[2018.04.26-14.11.48:951][  0]MapCheck: New page: Map Check
[2018.04.26-14.11.48:951][  0]LightingResults: New page: Lighting Build
[2018.04.26-14.11.52:235][  0]LogAIModule: Creating AISystem for world Minimal_Default
[2018.04.26-14.11.52:681][  0]LogEditorServer: Finished looking for orphan Actors (0.000 secs)
[2018.04.26-14.11.52:780][  0]Cmd: MAP CHECKDEP NOCLEARLOG
[2018.04.26-14.11.52:890][  0]MapCheck: Map check complete: 0 Error(s), 0 Warning(s), took 110.791ms to complete.
[2018.04.26-14.11.52:891][  0]LogFileHelpers: Loading map 'Minimal_Default' took 4.258
[2018.04.26-14.11.54:161][  0]LogCollectionManager: Loaded 0 collections in 0.004099 seconds
[2018.04.26-14.11.54:529][  0]LogFileCache: Scanning file cache for directory 'C:/Users/hunte/OneDrive/Documents/Senior Design Project/VR_Tour_Final/Saved/Collections/' took 0.01s
[2018.04.26-14.11.54:530][  0]LogFileCache: Scanning file cache for directory 'C:/Users/hunte/OneDrive/Documents/Senior Design Project/VR_Tour_Final/Content/Developers/hunte/Collections/' took 0.01s
[2018.04.26-14.11.54:530][  0]LogFileCache: Scanning file cache for directory 'C:/Users/hunte/OneDrive/Documents/Senior Design Project/VR_Tour_Final/Content/Collections/' took 0.01s
[2018.04.26-14.11.54:530][  0]LogCollectionManager: Rebuilt the GUID cache for 0 collections in 0.000002 seconds
[2018.04.26-14.11.54:557][  0]LogContentBrowser: Native class hierarchy populated in 0.0232 seconds. Added 2386 classes and 500 folders.
[2018.04.26-14.11.54:823][  0]LogContentBrowser: Native class hierarchy updated for 'WidgetCarousel' in 0.0011 seconds. Added 0 classes and 0 folders.
[2018.04.26-14.11.57:674][  0]LogContentBrowser: Native class hierarchy updated for 'AddContentDialog' in 0.0010 seconds. Added 0 classes and 0 folders.
[2018.04.26-14.11.57:842][  0]LogContentBrowser: Native class hierarchy updated for 'SceneOutliner' in 0.0008 seconds. Added 1 classes and 2 folders.
[2018.04.26-14.11.58:590][  0]LogSlate: Took 0.025506 seconds to synchronously load lazily loaded font '../../../Engine/Content/Slate/Fonts/Roboto-Regular.ttf' (155K)
[2018.04.26-14.11.58:613][  0]LogSlate: Took 0.020600 seconds to synchronously load lazily loaded font '../../../Engine/Content/Slate/Fonts/Roboto-Bold.ttf' (160K)
[2018.04.26-14.11.58:656][  0]LogSlate: Took 0.013021 seconds to synchronously load lazily loaded font '../../../Engine/Content/Editor/Slate/Fonts/FontAwesome.ttf' (139K)
[2018.04.26-14.11.59:101][  0]LogRenderer: Reallocating scene render targets to support 760x348 Format 10 NumSamples 1 (Frame:1).
[2018.04.26-14.12.02:365][  0]LogContentBrowser: Native class hierarchy updated for 'HierarchicalLODOutliner' in 0.0011 seconds. Added 1 classes and 2 folders.
[2018.04.26-14.12.02:365][  0]LogLoad: (Engine Initialization) Total time: 158.24 seconds
[2018.04.26-14.12.02:365][  0]LogLoad: (Engine Initialization) Total Blueprint compile time: 0.00 seconds
[2018.04.26-14.12.02:368][  0]LogExternalProfiler: Found external profiler: VSPerf
[2018.04.26-14.12.02:368][  0]LogExternalProfiler: Using external profiler: VSPerf
[2018.04.26-14.12.03:090][  0]LogContentStreaming: Texture pool size now 1000 MB
[2018.04.26-14.12.03:781][  0]LogSlate: Took 0.025528 seconds to synchronously load lazily loaded font '../../../Engine/Content/Slate/Fonts/Roboto-Light.ttf' (159K)
[2018.04.26-14.12.05:644][  5]LogAssetRegistry: Asset discovery search completed in 92.9929 seconds
[2018.04.26-14.12.05:667][  5]LogCollectionManager: Rebuilt the object cache for 0 collections in 0.000001 seconds (found 0 objects)
[2018.04.26-14.12.05:681][  5]LogCollectionManager: Fixed up redirectors for 0 collections in 0.013241 seconds (updated 0 objects)
[2018.04.26-14.12.15:396][ 70]LogSlate: Took 0.000250 seconds to synchronously load lazily loaded font '../../../Engine/Content/Slate/Fonts/Roboto-Light.ttf' (159K)
[2018.04.26-14.12.16:266][ 70]LogSlate: Took 0.017882 seconds to synchronously load lazily loaded font '../../../Engine/Content/Slate/Fonts/Roboto-Regular.ttf' (155K)
[2018.04.26-14.12.27:921][ 70]LogAIModule: Creating AISystem for world Commons-Compas
[2018.04.26-14.12.28:176][ 70]Cmd: MAP LOAD FILE="../../../../../../Users/hunte/OneDrive/Documents/Senior Design Project/VR_Tour_Final/Content/Commons-Compas.umap" TEMPLATE=0 SHOWPROGRESS=1 FEATURELEVEL=3
[2018.04.26-14.12.28:176][ 70]LightingResults: New page: Lighting Build
[2018.04.26-14.12.28:180][ 70]LoadErrors: New page: Loading map: Commons-Compas.umap
[2018.04.26-14.12.28:312][ 70]MapCheck: New page: Map Check
[2018.04.26-14.12.28:312][ 70]LightingResults: New page: Lighting Build
[2018.04.26-14.12.28:848][ 70]LogEditorServer: Finished looking for orphan Actors (0.000 secs)
[2018.04.26-14.12.28:931][ 70]Cmd: MAP CHECKDEP NOCLEARLOG
[2018.04.26-14.12.31:560][ 70]MapCheck: Map check complete: 0 Error(s), 0 Warning(s), took 2,628.185ms to complete.
[2018.04.26-14.12.31:567][ 70]LogFileHelpers: Loading map 'Commons-Compas' took 3.432
[2018.04.26-14.13.20:101][900]LogTemp: Repeating last play command: Selected Viewport
[2018.04.26-14.13.20:279][900]LogBlueprintUserMessages: Early PlayInEditor Detection: Level '/Game/Commons-Compas.Commons-Compas:PersistentLevel' has LevelScriptBlueprint '/Game/Commons-Compas.Commons-Compas:PersistentLevel.Commons-Compas' with GeneratedClass '/Game/Commons-Compas.Commons-Compas_C' with ClassGeneratedBy '/Game/Commons-Compas.Commons-Compas:PersistentLevel.Commons-Compas'
[2018.04.26-14.13.20:294][900]LogPlayLevel: PlayLevel: No blueprints needed recompiling
[2018.04.26-14.13.20:402][900]PIE: New page: PIE session: Commons-Compas (Apr 26, 2018, 6:13:20 AM)
[2018.04.26-14.13.20:419][900]LogPlayLevel: Creating play world package: /Game/UEDPIE_0_Commons-Compas
[2018.04.26-14.13.20:492][900]LogPlayLevel: PIE: StaticDuplicateObject took: (0.072473s)
[2018.04.26-14.13.20:501][900]LogAIModule: Creating AISystem for world Commons-Compas
[2018.04.26-14.13.20:502][900]LogPlayLevel: PIE: World Init took: (0.009882s)
[2018.04.26-14.13.20:504][900]LogPlayLevel: PIE: Created PIE world by copying editor world from /Game/Commons-Compas.Commons-Compas to /Game/UEDPIE_0_Commons-Compas.Commons-Compas (0.084175s)
[2018.04.26-14.13.20:609][900]LogInit: XAudio2 using 'LCD TV (Intel(R) Display Audio)' : 2 channels at 48 kHz using 16 bits per sample (channel mask 0x3)
[2018.04.26-14.13.20:635][900]LogInit: FAudioDevice initialized.
[2018.04.26-14.13.20:736][900]LogLoad: Game class is 'GameModeBase'
[2018.04.26-14.13.20:886][900]LogWorld: Bringing World /Game/UEDPIE_0_Commons-Compas.Commons-Compas up for play (max tick rate 60) at 2018.04.26-10.13.20
[2018.04.26-14.13.20:923][900]LogWorld: Bringing up level for play took: 0.040709
[2018.04.26-14.13.23:476][900]LogContentBrowser: Native class hierarchy updated for 'MovieSceneCapture' in 0.0245 seconds. Added 11 classes and 0 folders.
[2018.04.26-14.13.23:642][900]PIE: Play in editor start time for /Game/UEDPIE_0_Commons-Compas 3.884
[2018.04.26-14.13.23:642][900]LogBlueprintUserMessages: Late PlayInEditor Detection: Level '/Game/Commons-Compas.Commons-Compas:PersistentLevel' has LevelScriptBlueprint '/Game/Commons-Compas.Commons-Compas:PersistentLevel.Commons-Compas' with GeneratedClass '/Game/Commons-Compas.Commons-Compas_C' with ClassGeneratedBy '/Game/Commons-Compas.Commons-Compas:PersistentLevel.Commons-Compas'
[2018.04.26-14.13.42:072][216]LogBlueprintUserMessages: Early EndPlayMap Detection: Level '/Game/Commons-Compas.Commons-Compas:PersistentLevel' has LevelScriptBlueprint '/Game/Commons-Compas.Commons-Compas:PersistentLevel.Commons-Compas' with GeneratedClass '/Game/Commons-Compas.Commons-Compas_C' with ClassGeneratedBy '/Game/Commons-Compas.Commons-Compas:PersistentLevel.Commons-Compas'
[2018.04.26-14.13.42:176][216]LogBlueprintUserMessages: Late EndPlayMap Detection: Level '/Game/Commons-Compas.Commons-Compas:PersistentLevel' has LevelScriptBlueprint '/Game/Commons-Compas.Commons-Compas:PersistentLevel.Commons-Compas' with GeneratedClass '/Game/Commons-Compas.Commons-Compas_C' with ClassGeneratedBy '/Game/Commons-Compas.Commons-Compas:PersistentLevel.Commons-Compas'
[2018.04.26-14.13.42:468][221]Cmd: SELECT NONE
[2018.04.26-14.13.56:402][451]LogTemp: Repeating last play command: Selected Viewport
[2018.04.26-14.13.56:434][451]LogBlueprintUserMessages: Early PlayInEditor Detection: Level '/Game/Commons-Compas.Commons-Compas:PersistentLevel' has LevelScriptBlueprint '/Game/Commons-Compas.Commons-Compas:PersistentLevel.Commons-Compas' with GeneratedClass '/Game/Commons-Compas.Commons-Compas_C' with ClassGeneratedBy '/Game/Commons-Compas.Commons-Compas:PersistentLevel.Commons-Compas'
[2018.04.26-14.13.56:434][451]LogPlayLevel: PlayLevel: No blueprints needed recompiling
[2018.04.26-14.13.56:435][451]PIE: New page: PIE session: Commons-Compas (Apr 26, 2018, 6:13:56 AM)
[2018.04.26-14.13.56:435][451]LogPlayLevel: Creating play world package: /Game/UEDPIE_0_Commons-Compas
[2018.04.26-14.13.56:450][451]LogPlayLevel: PIE: StaticDuplicateObject took: (0.014849s)
[2018.04.26-14.13.56:451][451]LogAIModule: Creating AISystem for world Commons-Compas
[2018.04.26-14.13.56:452][451]LogPlayLevel: PIE: World Init took: (0.001946s)
[2018.04.26-14.13.56:452][451]LogPlayLevel: PIE: Created PIE world by copying editor world from /Game/Commons-Compas.Commons-Compas to /Game/UEDPIE_0_Commons-Compas.Commons-Compas (0.017274s)
[2018.04.26-14.13.56:498][451]LogInit: XAudio2 using 'LCD TV (Intel(R) Display Audio)' : 2 channels at 48 kHz using 16 bits per sample (channel mask 0x3)
[2018.04.26-14.13.56:513][451]LogInit: FAudioDevice initialized.
[2018.04.26-14.13.56:564][451]LogLoad: Game class is 'GameModeBase'
[2018.04.26-14.13.56:568][451]LogWorld: Bringing World /Game/UEDPIE_0_Commons-Compas.Commons-Compas up for play (max tick rate 60) at 2018.04.26-10.13.56
[2018.04.26-14.13.56:569][451]LogWorld: Bringing up level for play took: 0.003790
[2018.04.26-14.13.56:574][451]PIE: Play in editor start time for /Game/UEDPIE_0_Commons-Compas 0.816
[2018.04.26-14.13.56:575][451]LogBlueprintUserMessages: Late PlayInEditor Detection: Level '/Game/Commons-Compas.Commons-Compas:PersistentLevel' has LevelScriptBlueprint '/Game/Commons-Compas.Commons-Compas:PersistentLevel.Commons-Compas' with GeneratedClass '/Game/Commons-Compas.Commons-Compas_C' with ClassGeneratedBy '/Game/Commons-Compas.Commons-Compas:PersistentLevel.Commons-Compas'
[2018.04.26-14.14.00:357][517]LogBlueprintUserMessages: Early EndPlayMap Detection: Level '/Game/Commons-Compas.Commons-Compas:PersistentLevel' has LevelScriptBlueprint '/Game/Commons-Compas.Commons-Compas:PersistentLevel.Commons-Compas' with GeneratedClass '/Game/Commons-Compas.Commons-Compas_C' with ClassGeneratedBy '/Game/Commons-Compas.Commons-Compas:PersistentLevel.Commons-Compas'
[2018.04.26-14.14.00:470][517]LogBlueprintUserMessages: Late EndPlayMap Detection: Level '/Game/Commons-Compas.Commons-Compas:PersistentLevel' has LevelScriptBlueprint '/Game/Commons-Compas.Commons-Compas:PersistentLevel.Commons-Compas' with GeneratedClass '/Game/Commons-Compas.Commons-Compas_C' with ClassGeneratedBy '/Game/Commons-Compas.Commons-Compas:PersistentLevel.Commons-Compas'
[2018.04.26-14.16.37:607][ 60]LogFactory: FactoryCreateFile: Texture with ReimportTextureFactory (0 0 ../../../../../../Users/hunte/Humaneyes VR Studio/Renders/untitled project_3840x2160.jpg)
[2018.04.26-14.16.40:138][ 60]LogTexture: Display: Building textures: untitled_project_3840x2160 (AutoDXT, 3840X2160)
[2018.04.26-14.17.03:226][167]LogTemp: Repeating last play command: Selected Viewport
[2018.04.26-14.17.03:470][167]LogBlueprintUserMessages: Early PlayInEditor Detection: Level '/Game/Commons-Compas.Commons-Compas:PersistentLevel' has LevelScriptBlueprint '/Game/Commons-Compas.Commons-Compas:PersistentLevel.Commons-Compas' with GeneratedClass '/Game/Commons-Compas.Commons-Compas_C' with ClassGeneratedBy '/Game/Commons-Compas.Commons-Compas:PersistentLevel.Commons-Compas'
[2018.04.26-14.17.03:495][167]LogPlayLevel: PlayLevel: No blueprints needed recompiling
[2018.04.26-14.17.03:761][167]PIE: New page: PIE session: Commons-Compas (Apr 26, 2018, 6:17:03 AM)
[2018.04.26-14.17.03:789][167]LogPlayLevel: Creating play world package: /Game/UEDPIE_0_Commons-Compas
[2018.04.26-14.17.04:615][167]LogPlayLevel: PIE: StaticDuplicateObject took: (0.826253s)
[2018.04.26-14.17.05:275][167]LogAIModule: Creating AISystem for world Commons-Compas
[2018.04.26-14.17.05:430][167]LogPlayLevel: PIE: World Init took: (0.813048s)
[2018.04.26-14.17.05:432][167]LogPlayLevel: PIE: Created PIE world by copying editor world from /Game/Commons-Compas.Commons-Compas to /Game/UEDPIE_0_Commons-Compas.Commons-Compas (1.644792s)
[2018.04.26-14.17.05:774][167]LogInit: XAudio2 using 'LCD TV (Intel(R) Display Audio)' : 2 channels at 48 kHz using 16 bits per sample (channel mask 0x3)
[2018.04.26-14.17.05:822][167]LogInit: FAudioDevice initialized.
[2018.04.26-14.17.06:029][167]LogLoad: Game class is 'GameModeBase'
[2018.04.26-14.17.06:160][167]LogWorld: Bringing World /Game/UEDPIE_0_Commons-Compas.Commons-Compas up for play (max tick rate 60) at 2018.04.26-10.17.06
[2018.04.26-14.17.06:164][167]LogWorld: Bringing up level for play took: 0.062135
[2018.04.26-14.17.06:508][167]PIE: Play in editor start time for /Game/UEDPIE_0_Commons-Compas 2.749
[2018.04.26-14.17.06:554][167]LogBlueprintUserMessages: Late PlayInEditor Detection: Level '/Game/Commons-Compas.Commons-Compas:PersistentLevel' has LevelScriptBlueprint '/Game/Commons-Compas.Commons-Compas:PersistentLevel.Commons-Compas' with GeneratedClass '/Game/Commons-Compas.Commons-Compas_C' with ClassGeneratedBy '/Game/Commons-Compas.Commons-Compas:PersistentLevel.Commons-Compas'
[2018.04.26-14.17.13:768][291]LogBlueprintUserMessages: Early EndPlayMap Detection: Level '/Game/Commons-Compas.Commons-Compas:PersistentLevel' has LevelScriptBlueprint '/Game/Commons-Compas.Commons-Compas:PersistentLevel.Commons-Compas' with GeneratedClass '/Game/Commons-Compas.Commons-Compas_C' with ClassGeneratedBy '/Game/Commons-Compas.Commons-Compas:PersistentLevel.Commons-Compas'
[2018.04.26-14.17.13:914][291]LogBlueprintUserMessages: Late EndPlayMap Detection: Level '/Game/Commons-Compas.Commons-Compas:PersistentLevel' has LevelScriptBlueprint '/Game/Commons-Compas.Commons-Compas:PersistentLevel.Commons-Compas' with GeneratedClass '/Game/Commons-Compas.Commons-Compas_C' with ClassGeneratedBy '/Game/Commons-Compas.Commons-Compas:PersistentLevel.Commons-Compas'
[2018.04.26-14.17.20:811][377]LogMaterial: Missing cached shader map for material untitled_project_3840x2160_Mat, compiling. 
[2018.04.26-14.17.33:602][465]LogContentBrowser: Native class hierarchy updated for 'MaterialEditor' in 0.0112 seconds. Added 1 classes and 0 folders.
[2018.04.26-14.17.33:655][465]LogMaterial: Missing cached shader map for material untitled_project_3840x2160_Mat, compiling. 
[2018.04.26-14.17.36:863][465]LogMaterial: Missing cached shader map for material untitled_project_3840x2160_Mat, compiling. 
[2018.04.26-14.17.36:918][465]LogMaterial: Missing cached shader map for material untitled_project_3840x2160_Mat, compiling. 
[2018.04.26-14.17.36:978][465]LogMaterial: Missing cached shader map for material FMatExpressionPreview MaterialExpressionTextureSample_0, compiling. 
[2018.04.26-14.17.37:115][465]LogSlate: Took 0.050357 seconds to synchronously load lazily loaded font '../../../Engine/Content/Editor/Slate/Fonts/Roboto-BoldCondensed.ttf' (158K)
[2018.04.26-14.17.42:798][505]LogMaterial: Missing cached shader map for material untitled_project_3840x2160_Mat, compiling. 
[2018.04.26-14.17.42:845][505]LogMaterial: Missing cached shader map for material FMatExpressionPreview MaterialExpressionTextureSample_0, compiling. 
[2018.04.26-14.17.51:252][584]LogMaterial: Missing cached shader map for material untitled_project_3840x2160_Mat, compiling. 
[2018.04.26-14.17.51:329][584]LogMaterial: Missing cached shader map for material untitled_project_3840x2160_Mat, compiling. 
[2018.04.26-14.17.56:399][629]LogMaterial: Missing cached shader map for material untitled_project_3840x2160_Mat, compiling. 
[2018.04.26-14.18.06:471][723]LogMaterialEditor: Saving and Compiling material untitled_project_3840x2160_Mat
[2018.04.26-14.18.09:778][723]LogMaterial: Missing cached shader map for material untitled_project_3840x2160_Mat, compiling. 
[2018.04.26-14.18.09:898][723]LogMaterial: Missing cached shader map for material untitled_project_3840x2160_Mat, compiling. 
[2018.04.26-14.18.09:971][723]LogMaterial: Missing cached shader map for material untitled_project_3840x2160_Mat, compiling. 
[2018.04.26-14.18.10:049][723]LogMaterial: Missing cached shader map for material FDebugViewModeMaterialProxy untitled_project_3840x2160_Mat, compiling. 
[2018.04.26-14.18.18:365][723]TextureStreamingBuild: Display: Compiling optional shaders took 8.329 seconds.
[2018.04.26-14.18.28:156][723]LogSavePackage: Save=75.17ms
[2018.04.26-14.18.28:156][723]LogSavePackage: Moving '../../../../../../Users/hunte/OneDrive/Documents/Senior Design Project/VR_Tour_Final/Saved/untitled_project_3840x2160_MatAAF34DE34D8DBFF90B7336B6914CFE0C.tmp' to '../../../../../../Users/hunte/OneDrive/Documents/Senior Design Project/VR_Tour_Final/Content/Images/untitled_project_3840x2160_Mat.uasset'
[2018.04.26-14.18.28:163][723]LogSavePackage: Display: Finished SavePackage ../../../../../../Users/hunte/OneDrive/Documents/Senior Design Project/VR_Tour_Final/Content/Images/untitled_project_3840x2160_Mat.uasset
[2018.04.26-14.18.28:170][723]MaterialEditorStats: Base pass shader: 84 instructions
[2018.04.26-14.18.28:170][723]MaterialEditorStats: Vertex shader: 31 instructions
[2018.04.26-14.18.28:170][723]MaterialEditorStats: Texture samplers: 3/16
[2018.04.26-14.18.28:170][723]MaterialEditorStats: User interpolators: 2/4 Scalars (1/4 Vectors) (TexCoords: 2, Custom: 0)
[2018.04.26-14.18.35:426][807]LogTemp: Repeating last play command: Selected Viewport
[2018.04.26-14.18.35:465][807]LogBlueprintUserMessages: Early PlayInEditor Detection: Level '/Game/Commons-Compas.Commons-Compas:PersistentLevel' has LevelScriptBlueprint '/Game/Commons-Compas.Commons-Compas:PersistentLevel.Commons-Compas' with GeneratedClass '/Game/Commons-Compas.Commons-Compas_C' with ClassGeneratedBy '/Game/Commons-Compas.Commons-Compas:PersistentLevel.Commons-Compas'
[2018.04.26-14.18.35:465][807]LogPlayLevel: PlayLevel: No blueprints needed recompiling
[2018.04.26-14.18.35:466][807]PIE: New page: PIE session: Commons-Compas (Apr 26, 2018, 6:18:35 AM)
[2018.04.26-14.18.35:466][807]LogPlayLevel: Creating play world package: /Game/UEDPIE_0_Commons-Compas
[2018.04.26-14.18.35:483][807]LogPlayLevel: PIE: StaticDuplicateObject took: (0.016898s)
[2018.04.26-14.18.35:487][807]LogAIModule: Creating AISystem for world Commons-Compas
[2018.04.26-14.18.35:489][807]LogPlayLevel: PIE: World Init took: (0.005138s)
[2018.04.26-14.18.35:489][807]LogPlayLevel: PIE: Created PIE world by copying editor world from /Game/Commons-Compas.Commons-Compas to /Game/UEDPIE_0_Commons-Compas.Commons-Compas (0.023128s)
[2018.04.26-14.18.35:539][807]LogInit: XAudio2 using 'LCD TV (Intel(R) Display Audio)' : 2 channels at 48 kHz using 16 bits per sample (channel mask 0x3)
[2018.04.26-14.18.35:556][807]LogInit: FAudioDevice initialized.
[2018.04.26-14.18.35:623][807]LogLoad: Game class is 'GameModeBase'
[2018.04.26-14.18.35:629][807]LogWorld: Bringing World /Game/UEDPIE_0_Commons-Compas.Commons-Compas up for play (max tick rate 60) at 2018.04.26-10.18.35
[2018.04.26-14.18.35:629][807]LogWorld: Bringing up level for play took: 0.005161
[2018.04.26-14.18.35:634][807]PIE: Play in editor start time for /Game/UEDPIE_0_Commons-Compas -0.123
[2018.04.26-14.18.35:635][807]LogBlueprintUserMessages: Late PlayInEditor Detection: Level '/Game/Commons-Compas.Commons-Compas:PersistentLevel' has LevelScriptBlueprint '/Game/Commons-Compas.Commons-Compas:PersistentLevel.Commons-Compas' with GeneratedClass '/Game/Commons-Compas.Commons-Compas_C' with ClassGeneratedBy '/Game/Commons-Compas.Commons-Compas:PersistentLevel.Commons-Compas'
[2018.04.26-14.19.25:227][710]LogBlueprintUserMessages: Early EndPlayMap Detection: Level '/Game/Commons-Compas.Commons-Compas:PersistentLevel' has LevelScriptBlueprint '/Game/Commons-Compas.Commons-Compas:PersistentLevel.Commons-Compas' with GeneratedClass '/Game/Commons-Compas.Commons-Compas_C' with ClassGeneratedBy '/Game/Commons-Compas.Commons-Compas:PersistentLevel.Commons-Compas'
[2018.04.26-14.19.25:311][710]LogBlueprintUserMessages: Late EndPlayMap Detection: Level '/Game/Commons-Compas.Commons-Compas:PersistentLevel' has LevelScriptBlueprint '/Game/Commons-Compas.Commons-Compas:PersistentLevel.Commons-Compas' with GeneratedClass '/Game/Commons-Compas.Commons-Compas_C' with ClassGeneratedBy '/Game/Commons-Compas.Commons-Compas:PersistentLevel.Commons-Compas'
[2018.04.26-14.19.37:321][888]LogSavePackage: Save=810.23ms
[2018.04.26-14.19.37:321][888]LogSavePackage: Moving '../../../../../../Users/hunte/OneDrive/Documents/Senior Design Project/VR_Tour_Final/Saved/Commons-CompasE4A5B5DA44F329DF4F3694A6E67D20FD.tmp' to '../../../../../../Users/hunte/OneDrive/Documents/Senior Design Project/VR_Tour_Final/Content/Commons-Compas.umap'
[2018.04.26-14.19.37:333][888]LogSavePackage: Display: Finished SavePackage ../../../../../../Users/hunte/OneDrive/Documents/Senior Design Project/VR_Tour_Final/Content/Commons-Compas.umap
[2018.04.26-14.19.37:442][888]LogSavePackage: Save=47.30ms
[2018.04.26-14.19.37:442][888]LogSavePackage: Moving '../../../../../../Users/hunte/OneDrive/Documents/Senior Design Project/VR_Tour_Final/Saved/Commons-Compas_BuiltDataD583CAC74EE7D5E25269B3A85A94E7FC.tmp' to '../../../../../../Users/hunte/OneDrive/Documents/Senior Design Project/VR_Tour_Final/Content/Commons-Compas_BuiltData.uasset'
[2018.04.26-14.19.37:460][888]LogSavePackage: Display: Finished SavePackage ../../../../../../Users/hunte/OneDrive/Documents/Senior Design Project/VR_Tour_Final/Content/Commons-Compas_BuiltData.uasset
[2018.04.26-14.19.56:858][184]LogSavePackage: Save=1721.82ms
[2018.04.26-14.19.56:858][184]LogSavePackage: Moving '../../../../../../Users/hunte/OneDrive/Documents/Senior Design Project/VR_Tour_Final/Saved/untitled_project_3840x2160957E57724A320BFFF07588B226B4104E.tmp' to '../../../../../../Users/hunte/OneDrive/Documents/Senior Design Project/VR_Tour_Final/Content/Images/untitled_project_3840x2160.uasset'
[2018.04.26-14.19.56:862][184]LogSavePackage: Display: Finished SavePackage ../../../../../../Users/hunte/OneDrive/Documents/Senior Design Project/VR_Tour_Final/Content/Images/untitled_project_3840x2160.uasset
